#
# There is insufficient memory for the Java Runtime Environment to continue.
# Native memory allocation (mmap) failed to map 264241152 bytes for committing reserved memory.
# Possible reasons:
#   The system is out of physical RAM or swap space
#   In 32 bit mode, the process size limit was hit
# Possible solutions:
#   Reduce memory load on the system
#   Increase physical memory or swap space
#   Check if swap backing store is full
#   Use 64 bit Java on a 64 bit OS
#   Decrease Java heap size (-Xmx/-Xms)
#   Decrease number of Java threads
#   Decrease Java thread stack sizes (-Xss)
#   Set larger code cache with -XX:ReservedCodeCacheSize=
# This output file may be truncated or incomplete.
#
#  Out of Memory Error (os_linux.cpp:2627), pid=31223, tid=139912863651584
#
# JRE version: Java(TM) SE Runtime Environment (8.0_66-b17) (build 1.8.0_66-b17)
# Java VM: Java HotSpot(TM) 64-Bit Server VM (25.66-b17 mixed mode linux-amd64 compressed oops)
# Failed to write core dump. Core dumps have been disabled. To enable core dumping, try "ulimit -c unlimited" before starting Java again
#

---------------  T H R E A D  ---------------

Current thread (0x00007f406809e800):  VMThread [stack: 0x00007f4000799000,0x00007f400089a000] [id=31248]

Stack: [0x00007f4000799000,0x00007f400089a000],  sp=0x00007f40008982e0,  free space=1020k
Native frames: (J=compiled Java code, j=interpreted, Vv=VM code, C=native code)
V  [libjvm.so+0xab9a1a]  VMError::report_and_die()+0x2ba
V  [libjvm.so+0x4f9e0b]  report_vm_out_of_memory(char const*, int, unsigned long, VMErrorType, char const*)+0x8b
V  [libjvm.so+0x91a8a3]  os::Linux::commit_memory_impl(char*, unsigned long, bool)+0x103
V  [libjvm.so+0x91adf9]  os::pd_commit_memory(char*, unsigned long, unsigned long, bool)+0x29
V  [libjvm.so+0x91510a]  os::commit_memory(char*, unsigned long, unsigned long, bool)+0x2a
V  [libjvm.so+0x9887a3]  PSVirtualSpace::expand_by(unsigned long)+0x53
V  [libjvm.so+0x989ba8]  PSYoungGen::resize_generation(unsigned long, unsigned long)+0xf8
V  [libjvm.so+0x988d02]  PSYoungGen::resize(unsigned long, unsigned long)+0x22
V  [libjvm.so+0x985fdb]  PSScavenge::invoke_no_policy()+0xf3b
V  [libjvm.so+0x986761]  PSScavenge::invoke()+0x41
V  [libjvm.so+0x93e500]  ParallelScavengeHeap::failed_mem_allocate(unsigned long)+0x70
V  [libjvm.so+0xabb437]  VM_ParallelGCFailedAllocation::doit()+0x97
V  [libjvm.so+0xac2e65]  VM_Operation::evaluate()+0x55
V  [libjvm.so+0xac123a]  VMThread::evaluate_operation(VM_Operation*)+0xba
V  [libjvm.so+0xac15be]  VMThread::loop()+0x1ce
V  [libjvm.so+0xac1a30]  VMThread::run()+0x70
V  [libjvm.so+0x91cc68]  java_start(Thread*)+0x108

VM_Operation (0x00007f406edb0ce0): ParallelGCFailedAllocation, mode: safepoint, requested by thread 0x00007f406800a000


---------------  P R O C E S S  ---------------

Java Threads: ( => current thread )
  0x00007f4068113000 JavaThread "Service Thread" daemon [_thread_blocked, id=31267, stack(0x00007f3ffb0f1000,0x00007f3ffb1f2000)]
  0x00007f4068106000 JavaThread "C1 CompilerThread14" daemon [_thread_blocked, id=31266, stack(0x00007f3ffb1f2000,0x00007f3ffb2f3000)]
  0x00007f4068104000 JavaThread "C1 CompilerThread13" daemon [_thread_blocked, id=31265, stack(0x00007f3ffb2f3000,0x00007f3ffb3f4000)]
  0x00007f4068102000 JavaThread "C1 CompilerThread12" daemon [_thread_blocked, id=31264, stack(0x00007f3ffb3f4000,0x00007f3ffb4f5000)]
  0x00007f40680ff800 JavaThread "C1 CompilerThread11" daemon [_thread_blocked, id=31263, stack(0x00007f3ffb4f5000,0x00007f3ffb5f6000)]
  0x00007f40680fd800 JavaThread "C1 CompilerThread10" daemon [_thread_blocked, id=31262, stack(0x00007f3ffb5f6000,0x00007f3ffb6f7000)]
  0x00007f40680fb800 JavaThread "C2 CompilerThread9" daemon [_thread_blocked, id=31261, stack(0x00007f3ffb6f7000,0x00007f3ffb7f8000)]
  0x00007f40680f9800 JavaThread "C2 CompilerThread8" daemon [_thread_blocked, id=31260, stack(0x00007f3ffb7f8000,0x00007f3ffb8f9000)]
  0x00007f40680f7000 JavaThread "C2 CompilerThread7" daemon [_thread_blocked, id=31259, stack(0x00007f3ffb8f9000,0x00007f3ffb9fa000)]
  0x00007f40680f5000 JavaThread "C2 CompilerThread6" daemon [_thread_blocked, id=31258, stack(0x00007f3ffb9fa000,0x00007f3ffbafb000)]
  0x00007f40680f3000 JavaThread "C2 CompilerThread5" daemon [_thread_blocked, id=31257, stack(0x00007f3ffbafb000,0x00007f3ffbbfc000)]
  0x00007f40680e8800 JavaThread "C2 CompilerThread4" daemon [_thread_blocked, id=31256, stack(0x00007f3ffbbfc000,0x00007f3ffbcfd000)]
  0x00007f40680e6800 JavaThread "C2 CompilerThread3" daemon [_thread_blocked, id=31255, stack(0x00007f3ffbcfd000,0x00007f3ffbdfe000)]
  0x00007f40680e4800 JavaThread "C2 CompilerThread2" daemon [_thread_blocked, id=31254, stack(0x00007f3ffbdfe000,0x00007f3ffbeff000)]
  0x00007f40680e2800 JavaThread "C2 CompilerThread1" daemon [_thread_blocked, id=31253, stack(0x00007f3ffbeff000,0x00007f3ffc000000)]
  0x00007f40680df800 JavaThread "C2 CompilerThread0" daemon [_thread_blocked, id=31252, stack(0x00007f40000cc000,0x00007f40001cd000)]
  0x00007f40680de000 JavaThread "Signal Dispatcher" daemon [_thread_blocked, id=31251, stack(0x00007f40001cd000,0x00007f40002ce000)]
  0x00007f40680a6000 JavaThread "Finalizer" daemon [_thread_blocked, id=31250, stack(0x00007f4000597000,0x00007f4000698000)]
  0x00007f40680a4000 JavaThread "Reference Handler" daemon [_thread_blocked, id=31249, stack(0x00007f4000698000,0x00007f4000799000)]
  0x00007f406800a000 JavaThread "main" [_thread_blocked, id=31224, stack(0x00007f406ecb3000,0x00007f406edb4000)]

Other Threads:
=>0x00007f406809e800 VMThread [stack: 0x00007f4000799000,0x00007f400089a000] [id=31248]
  0x00007f4068116000 WatcherThread [stack: 0x00007f3ffaff0000,0x00007f3ffb0f1000] [id=31268]

VM state:at safepoint (normal execution)

VM Mutex/Monitor currently owned by a thread:  ([mutex/lock_event])
[0x00007f4068006710] Threads_lock - owner thread: 0x00007f406809e800
[0x00007f4068006c10] Heap_lock - owner thread: 0x00007f406800a000

Heap:
 PSYoungGen      total 300544K, used 17369K [0x0000000670f80000, 0x0000000685e80000, 0x00000007c0000000)
  eden space 258048K, 0% used [0x0000000670f80000,0x0000000670f80000,0x0000000680b80000)
  from space 42496K, 40% used [0x0000000680b80000,0x0000000681c76468,0x0000000683500000)
  to   space 42496K, 0% used [0x0000000683500000,0x0000000683500000,0x0000000685e80000)
 ParOldGen       total 687104K, used 16K [0x00000003d2e00000, 0x00000003fcd00000, 0x0000000670f80000)
  object space 687104K, 0% used [0x00000003d2e00000,0x00000003d2e04000,0x00000003fcd00000)
 Metaspace       used 5496K, capacity 5684K, committed 5888K, reserved 1056768K
  class space    used 595K, capacity 668K, committed 768K, reserved 1048576K

Card table byte_map: [0x00007f4056abb000,0x00007f4058a25000] byte_map_base: 0x00007f4054c24000

Marking Bits: (ParMarkBitMap*) 0x00007f406e181020
 Begin Bits: [0x00007f3fc4970000, 0x00007f3fd44b8000)
 End Bits:   [0x00007f3fd44b8000, 0x00007f3fe4000000)

Polling page: 0x00007f406edc8000

CodeCache: size=245760Kb used=6247Kb max_used=6259Kb free=239512Kb
 bounds [0x00007f4058de5000, 0x00007f4059415000, 0x00007f4067de5000]
 total_blobs=1210 nmethods=908 adapters=212
 compilation: enabled

Compilation events (10 events):
Event: 2.325 Thread 0x00007f4068104000 nmethod 900 0x00007f40593f8d90 code [0x00007f40593f8f20, 0x00007f40593f92f8]
Event: 2.325 Thread 0x00007f4068104000  902       3       java.nio.CharBuffer::<init> (22 bytes)
Event: 2.325 Thread 0x00007f40680fd800 nmethod 905 0x00007f40593f8750 code [0x00007f40593f88e0, 0x00007f40593f8bd8]
Event: 2.325 Thread 0x00007f40680fd800  907       1       edu.stanford.nlp.util.TwoDimensionalMap$Entry::getSecondKey (5 bytes)
Event: 2.325 Thread 0x00007f40680fd800 nmethod 907 0x00007f4059401110 code [0x00007f4059401260, 0x00007f4059401370]
Event: 2.325 Thread 0x00007f4068106000 nmethod 906 0x00007f40594013d0 code [0x00007f4059401560, 0x00007f40594017f8]
Event: 2.325 Thread 0x00007f4068104000 nmethod 902 0x00007f4059401910 code [0x00007f4059401a80, 0x00007f4059401c48]
Event: 2.343 Thread 0x00007f40680f9800  908       4       edu.stanford.nlp.neural.SimpleTensor::<init> (59 bytes)
Event: 2.347 Thread 0x00007f40680e4800  909 %     4       edu.stanford.nlp.sentiment.SentimentCostAndGradient::scaleAndRegularize @ 16 (241 bytes)
Event: 2.350 Thread 0x00007f40680f9800 nmethod 908 0x00007f4059404dd0 code [0x00007f4059404f40, 0x00007f4059405418]

GC Heap History (1 events):
Event: 2.468 GC heap before
{Heap before GC invocations=1 (full 0):
 PSYoungGen      total 300544K, used 258048K [0x0000000670f80000, 0x0000000685e80000, 0x00000007c0000000)
  eden space 258048K, 100% used [0x0000000670f80000,0x0000000680b80000,0x0000000680b80000)
  from space 42496K, 0% used [0x0000000683500000,0x0000000683500000,0x0000000685e80000)
  to   space 42496K, 0% used [0x0000000680b80000,0x0000000680b80000,0x0000000683500000)
 ParOldGen       total 687104K, used 0K [0x00000003d2e00000, 0x00000003fcd00000, 0x0000000670f80000)
  object space 687104K, 0% used [0x00000003d2e00000,0x00000003d2e00000,0x00000003fcd00000)
 Metaspace       used 5496K, capacity 5684K, committed 5888K, reserved 1056768K
  class space    used 595K, capacity 668K, committed 768K, reserved 1048576K

Deoptimization events (10 events):
Event: 0.541 Thread 0x00007f406800a000 Uncommon trap: reason=unstable_if action=reinterpret pc=0x00007f405920df10 method=java.util.regex.Matcher.search(I)Z @ 91
Event: 0.674 Thread 0x00007f406800a000 Uncommon trap: reason=null_check action=make_not_entrant pc=0x00007f405925c09c method=edu.stanford.nlp.ling.CoreLabel.setWord(Ljava/lang/String;)V @ 24
Event: 1.168 Thread 0x00007f406800a000 Uncommon trap: reason=unstable_if action=reinterpret pc=0x00007f405922af2c method=java.util.regex.Pattern$Slice.match(Ljava/util/regex/Matcher;ILjava/lang/CharSequence;)Z @ 54
Event: 1.168 Thread 0x00007f406800a000 Uncommon trap: reason=unstable_if action=reinterpret pc=0x00007f4059224fc4 method=java.util.regex.Pattern$Slice.match(Ljava/util/regex/Matcher;ILjava/lang/CharSequence;)Z @ 54
Event: 1.202 Thread 0x00007f406800a000 Uncommon trap: reason=unstable_if action=reinterpret pc=0x00007f405924736c method=java.io.StreamTokenizer.nextToken()I @ 217
Event: 1.202 Thread 0x00007f406800a000 Uncommon trap: reason=unstable_if action=reinterpret pc=0x00007f40592275d4 method=edu.stanford.nlp.process.AbstractTokenizer.hasNext()Z @ 19
Event: 1.267 Thread 0x00007f406800a000 Uncommon trap: reason=unstable_if action=reinterpret pc=0x00007f405926c2fc method=java.util.ArrayList$Itr.hasNext()Z @ 11
Event: 1.268 Thread 0x00007f406800a000 Uncommon trap: reason=unstable_if action=reinterpret pc=0x00007f4059234efc method=edu.stanford.nlp.process.AbstractTokenizer.peek()Ljava/lang/Object; @ 4
Event: 1.339 Thread 0x00007f406800a000 Uncommon trap: reason=unstable_if action=reinterpret pc=0x00007f40592bad3c method=edu.stanford.nlp.process.AbstractTokenizer.hasNext()Z @ 19
Event: 1.494 Thread 0x00007f406800a000 Uncommon trap: reason=unstable_if action=reinterpret pc=0x00007f40592ef230 method=java.util.TreeMap.put(Ljava/lang/Object;Ljava/lang/Object;)Ljava/lang/Object; @ 6

Internal exceptions (10 events):
Event: 0.201 Thread 0x00007f406800a000 Exception <a 'java/security/PrivilegedActionException'> (0x00000006710031f0) thrown at [/HUDSON/workspace/8-2-build-linux-amd64/jdk8u66/4988/hotspot/src/share/vm/prims/jvm.cpp, line 1386]
Event: 0.201 Thread 0x00007f406800a000 Exception <a 'java/security/PrivilegedActionException'> (0x0000000671003400) thrown at [/HUDSON/workspace/8-2-build-linux-amd64/jdk8u66/4988/hotspot/src/share/vm/prims/jvm.cpp, line 1386]
Event: 0.224 Thread 0x00007f406800a000 Exception <a 'java/security/PrivilegedActionException'> (0x0000000671037f10) thrown at [/HUDSON/workspace/8-2-build-linux-amd64/jdk8u66/4988/hotspot/src/share/vm/prims/jvm.cpp, line 1386]
Event: 0.224 Thread 0x00007f406800a000 Exception <a 'java/security/PrivilegedActionException'> (0x0000000671038120) thrown at [/HUDSON/workspace/8-2-build-linux-amd64/jdk8u66/4988/hotspot/src/share/vm/prims/jvm.cpp, line 1386]
Event: 0.224 Thread 0x00007f406800a000 Exception <a 'java/security/PrivilegedActionException'> (0x000000067103a748) thrown at [/HUDSON/workspace/8-2-build-linux-amd64/jdk8u66/4988/hotspot/src/share/vm/prims/jvm.cpp, line 1386]
Event: 0.224 Thread 0x00007f406800a000 Exception <a 'java/security/PrivilegedActionException'> (0x000000067103a958) thrown at [/HUDSON/workspace/8-2-build-linux-amd64/jdk8u66/4988/hotspot/src/share/vm/prims/jvm.cpp, line 1386]
Event: 0.361 Thread 0x00007f406800a000 Exception <a 'java/lang/NoSuchFieldError': method resolution failed> (0x000000067117a598) thrown at [/HUDSON/workspace/8-2-build-linux-amd64/jdk8u66/4988/hotspot/src/share/vm/prims/methodHandles.cpp, line 1146]
Event: 0.370 Thread 0x00007f406800a000 Exception <a 'java/lang/NoSuchFieldError': method resolution failed> (0x0000000671187998) thrown at [/HUDSON/workspace/8-2-build-linux-amd64/jdk8u66/4988/hotspot/src/share/vm/prims/methodHandles.cpp, line 1146]
Event: 0.435 Thread 0x00007f406800a000 Implicit null exception at 0x00007f40591cfda2 to 0x00007f40591cff95
Event: 0.674 Thread 0x00007f406800a000 Implicit null exception at 0x00007f405925b910 to 0x00007f405925c091

Events (10 events):
Event: 1.831 Thread 0x00007f406800a000 DEOPT UNPACKING pc=0x00007f4058e2c633 sp=0x00007f406edb2430 mode 0
Event: 1.853 Thread 0x00007f406800a000 DEOPT PACKING pc=0x00007f40593a2913 sp=0x00007f406edb1ad0
Event: 1.853 Thread 0x00007f406800a000 DEOPT UNPACKING pc=0x00007f4058e2c633 sp=0x00007f406edb1848 mode 0
Event: 1.861 Thread 0x00007f406800a000 DEOPT PACKING pc=0x00007f40593ac2d4 sp=0x00007f406edb2600
Event: 1.861 Thread 0x00007f406800a000 DEOPT UNPACKING pc=0x00007f4058e2c633 sp=0x00007f406edb2430 mode 0
Event: 1.914 Thread 0x00007f406800a000 DEOPT PACKING pc=0x00007f4059359b92 sp=0x00007f406edb20c0
Event: 1.914 Thread 0x00007f406800a000 DEOPT UNPACKING pc=0x00007f4058e2c633 sp=0x00007f406edb1db8 mode 0
Event: 1.979 Thread 0x00007f406800a000 DEOPT PACKING pc=0x00007f405939e1a2 sp=0x00007f406edb1b40
Event: 1.979 Thread 0x00007f406800a000 DEOPT UNPACKING pc=0x00007f4058e2c633 sp=0x00007f406edb1870 mode 0
Event: 2.467 Executing VM operation: ParallelGCFailedAllocation


Dynamic libraries:
00400000-00401000 r-xp 00000000 08:01 37750333                           /usr/lib/jvm/java-8-oracle/jre/bin/java
00600000-00601000 rw-p 00000000 08:01 37750333                           /usr/lib/jvm/java-8-oracle/jre/bin/java
01b8e000-01baf000 rw-p 00000000 00:00 0                                  [heap]
3d2e00000-3fcd00000 rw-p 00000000 00:00 0 
3fcd00000-670f80000 ---p 00000000 00:00 0 
670f80000-685e80000 rw-p 00000000 00:00 0 
695a80000-7c0000000 ---p 00000000 00:00 0 
7c0000000-7c00c0000 rw-p 00000000 00:00 0 
7c00c0000-800000000 ---p 00000000 00:00 0 
7f3f70000000-7f3f70021000 rw-p 00000000 00:00 0 
7f3f70021000-7f3f74000000 ---p 00000000 00:00 0 
7f3f78000000-7f3f780e8000 rw-p 00000000 00:00 0 
7f3f780e8000-7f3f7c000000 ---p 00000000 00:00 0 
7f3f7c000000-7f3f7c021000 rw-p 00000000 00:00 0 
7f3f7c021000-7f3f80000000 ---p 00000000 00:00 0 
7f3f80000000-7f3f8017a000 rw-p 00000000 00:00 0 
7f3f8017a000-7f3f84000000 ---p 00000000 00:00 0 
7f3f84000000-7f3f840c1000 rw-p 00000000 00:00 0 
7f3f840c1000-7f3f88000000 ---p 00000000 00:00 0 
7f3f88000000-7f3f8807f000 rw-p 00000000 00:00 0 
7f3f8807f000-7f3f8c000000 ---p 00000000 00:00 0 
7f3f8c000000-7f3f8c0a9000 rw-p 00000000 00:00 0 
7f3f8c0a9000-7f3f90000000 ---p 00000000 00:00 0 
7f3f90000000-7f3f90b2b000 rw-p 00000000 00:00 0 
7f3f90b2b000-7f3f94000000 ---p 00000000 00:00 0 
7f3f94000000-7f3f94843000 rw-p 00000000 00:00 0 
7f3f94843000-7f3f98000000 ---p 00000000 00:00 0 
7f3f98000000-7f3f98317000 rw-p 00000000 00:00 0 
7f3f98317000-7f3f9c000000 ---p 00000000 00:00 0 
7f3f9c000000-7f3f9cde4000 rw-p 00000000 00:00 0 
7f3f9cde4000-7f3fa0000000 ---p 00000000 00:00 0 
7f3fa0000000-7f3fa037f000 rw-p 00000000 00:00 0 
7f3fa037f000-7f3fa4000000 ---p 00000000 00:00 0 
7f3fa4000000-7f3fa45f0000 rw-p 00000000 00:00 0 
7f3fa45f0000-7f3fa8000000 ---p 00000000 00:00 0 
7f3fa8000000-7f3fa834c000 rw-p 00000000 00:00 0 
7f3fa834c000-7f3fac000000 ---p 00000000 00:00 0 
7f3fac000000-7f3fac49f000 rw-p 00000000 00:00 0 
7f3fac49f000-7f3fb0000000 ---p 00000000 00:00 0 
7f3fb0000000-7f3fb0e3b000 rw-p 00000000 00:00 0 
7f3fb0e3b000-7f3fb4000000 ---p 00000000 00:00 0 
7f3fb4000000-7f3fb48d7000 rw-p 00000000 00:00 0 
7f3fb48d7000-7f3fb8000000 ---p 00000000 00:00 0 
7f3fb8000000-7f3fb8021000 rw-p 00000000 00:00 0 
7f3fb8021000-7f3fbc000000 ---p 00000000 00:00 0 
7f3fbc000000-7f3fbc021000 rw-p 00000000 00:00 0 
7f3fbc021000-7f3fc0000000 ---p 00000000 00:00 0 
7f3fc0000000-7f3fc0021000 rw-p 00000000 00:00 0 
7f3fc0021000-7f3fc4000000 ---p 00000000 00:00 0 
7f3fc4970000-7f3fe4000000 rw-p 00000000 00:00 0 
7f3fe4000000-7f3fe4021000 rw-p 00000000 00:00 0 
7f3fe4021000-7f3fe8000000 ---p 00000000 00:00 0 
7f3fe8000000-7f3fe828c000 rw-p 00000000 00:00 0 
7f3fe828c000-7f3fec000000 ---p 00000000 00:00 0 
7f3fec000000-7f3fec021000 rw-p 00000000 00:00 0 
7f3fec021000-7f3ff0000000 ---p 00000000 00:00 0 
7f3ff4000000-7f3ff4021000 rw-p 00000000 00:00 0 
7f3ff4021000-7f3ff8000000 ---p 00000000 00:00 0 
7f3ffaff0000-7f3ffaff1000 ---p 00000000 00:00 0 
7f3ffaff1000-7f3ffb0f1000 rw-p 00000000 00:00 0                          [stack:31268]
7f3ffb0f1000-7f3ffb0f4000 ---p 00000000 00:00 0 
7f3ffb0f4000-7f3ffb1f2000 rw-p 00000000 00:00 0                          [stack:31267]
7f3ffb1f2000-7f3ffb1f5000 ---p 00000000 00:00 0 
7f3ffb1f5000-7f3ffb2f3000 rw-p 00000000 00:00 0                          [stack:31266]
7f3ffb2f3000-7f3ffb2f6000 ---p 00000000 00:00 0 
7f3ffb2f6000-7f3ffb3f4000 rw-p 00000000 00:00 0                          [stack:31265]
7f3ffb3f4000-7f3ffb3f7000 ---p 00000000 00:00 0 
7f3ffb3f7000-7f3ffb4f5000 rw-p 00000000 00:00 0                          [stack:31264]
7f3ffb4f5000-7f3ffb4f8000 ---p 00000000 00:00 0 
7f3ffb4f8000-7f3ffb5f6000 rw-p 00000000 00:00 0                          [stack:31263]
7f3ffb5f6000-7f3ffb5f9000 ---p 00000000 00:00 0 
7f3ffb5f9000-7f3ffb6f7000 rw-p 00000000 00:00 0                          [stack:31262]
7f3ffb6f7000-7f3ffb6fa000 ---p 00000000 00:00 0 
7f3ffb6fa000-7f3ffb7f8000 rw-p 00000000 00:00 0                          [stack:31261]
7f3ffb7f8000-7f3ffb7fb000 ---p 00000000 00:00 0 
7f3ffb7fb000-7f3ffb8f9000 rw-p 00000000 00:00 0                          [stack:31260]
7f3ffb8f9000-7f3ffb8fc000 ---p 00000000 00:00 0 
7f3ffb8fc000-7f3ffb9fa000 rw-p 00000000 00:00 0                          [stack:31259]
7f3ffb9fa000-7f3ffb9fd000 ---p 00000000 00:00 0 
7f3ffb9fd000-7f3ffbafb000 rw-p 00000000 00:00 0                          [stack:31258]
7f3ffbafb000-7f3ffbafe000 ---p 00000000 00:00 0 
7f3ffbafe000-7f3ffbbfc000 rw-p 00000000 00:00 0                          [stack:31257]
7f3ffbbfc000-7f3ffbbff000 ---p 00000000 00:00 0 
7f3ffbbff000-7f3ffbcfd000 rw-p 00000000 00:00 0                          [stack:31256]
7f3ffbcfd000-7f3ffbd00000 ---p 00000000 00:00 0 
7f3ffbd00000-7f3ffbdfe000 rw-p 00000000 00:00 0                          [stack:31255]
7f3ffbdfe000-7f3ffbe01000 ---p 00000000 00:00 0 
7f3ffbe01000-7f3ffbeff000 rw-p 00000000 00:00 0                          [stack:31254]
7f3ffbeff000-7f3ffbf02000 ---p 00000000 00:00 0 
7f3ffbf02000-7f3ffc000000 rw-p 00000000 00:00 0                          [stack:31253]
7f3ffc000000-7f3ffc021000 rw-p 00000000 00:00 0 
7f3ffc021000-7f4000000000 ---p 00000000 00:00 0 
7f40000a2000-7f40000cc000 r--s 00248000 08:01 14550120                   /home/xliang/CoreNLP_copy/lib/lucene-core-4.10.3.jar
7f40000cc000-7f40000cf000 ---p 00000000 00:00 0 
7f40000cf000-7f40001cd000 rw-p 00000000 00:00 0                          [stack:31252]
7f40001cd000-7f40001d0000 ---p 00000000 00:00 0 
7f40001d0000-7f40002ce000 rw-p 00000000 00:00 0                          [stack:31251]
7f40002ce000-7f4000597000 r--p 00000000 08:01 35918287                   /usr/lib/locale/locale-archive
7f4000597000-7f400059a000 ---p 00000000 00:00 0 
7f400059a000-7f4000698000 rw-p 00000000 00:00 0                          [stack:31250]
7f4000698000-7f400069b000 ---p 00000000 00:00 0 
7f400069b000-7f4000799000 rw-p 00000000 00:00 0                          [stack:31249]
7f4000799000-7f400079a000 ---p 00000000 00:00 0 
7f400079a000-7f4004000000 rw-p 00000000 00:00 0                          [stack:31248]
7f4004000000-7f4004021000 rw-p 00000000 00:00 0 
7f4004021000-7f4008000000 ---p 00000000 00:00 0 
7f4008000000-7f4008021000 rw-p 00000000 00:00 0 
7f4008021000-7f400c000000 ---p 00000000 00:00 0 
7f400c000000-7f400c021000 rw-p 00000000 00:00 0 
7f400c021000-7f4010000000 ---p 00000000 00:00 0 
7f4010000000-7f4010021000 rw-p 00000000 00:00 0 
7f4010021000-7f4014000000 ---p 00000000 00:00 0 
7f4014000000-7f4014021000 rw-p 00000000 00:00 0 
7f4014021000-7f4018000000 ---p 00000000 00:00 0 
7f4018000000-7f4018021000 rw-p 00000000 00:00 0 
7f4018021000-7f401c000000 ---p 00000000 00:00 0 
7f401c000000-7f401c021000 rw-p 00000000 00:00 0 
7f401c021000-7f4020000000 ---p 00000000 00:00 0 
7f4020000000-7f4020021000 rw-p 00000000 00:00 0 
7f4020021000-7f4024000000 ---p 00000000 00:00 0 
7f4024000000-7f4024021000 rw-p 00000000 00:00 0 
7f4024021000-7f4028000000 ---p 00000000 00:00 0 
7f4028000000-7f4028021000 rw-p 00000000 00:00 0 
7f4028021000-7f402c000000 ---p 00000000 00:00 0 
7f402c000000-7f402c021000 rw-p 00000000 00:00 0 
7f402c021000-7f4030000000 ---p 00000000 00:00 0 
7f4030000000-7f4030021000 rw-p 00000000 00:00 0 
7f4030021000-7f4034000000 ---p 00000000 00:00 0 
7f4034000000-7f4034021000 rw-p 00000000 00:00 0 
7f4034021000-7f4038000000 ---p 00000000 00:00 0 
7f4038000000-7f4038021000 rw-p 00000000 00:00 0 
7f4038021000-7f403c000000 ---p 00000000 00:00 0 
7f403c000000-7f403c021000 rw-p 00000000 00:00 0 
7f403c021000-7f4040000000 ---p 00000000 00:00 0 
7f4040000000-7f4040021000 rw-p 00000000 00:00 0 
7f4040021000-7f4044000000 ---p 00000000 00:00 0 
7f4044000000-7f4044021000 rw-p 00000000 00:00 0 
7f4044021000-7f4048000000 ---p 00000000 00:00 0 
7f4048000000-7f4048021000 rw-p 00000000 00:00 0 
7f4048021000-7f404c000000 ---p 00000000 00:00 0 
7f404c000000-7f404c021000 rw-p 00000000 00:00 0 
7f404c021000-7f4050000000 ---p 00000000 00:00 0 
7f4050008000-7f40513c0000 rw-p 00000000 00:00 0 
7f40513c0000-7f4051599000 r--s 03d20000 08:01 37750523                   /usr/lib/jvm/java-8-oracle/jre/lib/rt.jar
7f4051599000-7f4051b0f000 rw-p 00000000 00:00 0 
7f4051b0f000-7f4051e0f000 ---p 00000000 00:00 0 
7f4051e0f000-7f4053eb3000 rw-p 00000000 00:00 0 
7f4053eb3000-7f4053eb4000 ---p 00000000 00:00 0 
7f4053eb4000-7f4053fb4000 rw-p 00000000 00:00 0                          [stack:31247]
7f4053fb4000-7f4053fb5000 ---p 00000000 00:00 0 
7f4053fb5000-7f40540b5000 rw-p 00000000 00:00 0                          [stack:31246]
7f40540b5000-7f40540b6000 ---p 00000000 00:00 0 
7f40540b6000-7f40541b6000 rw-p 00000000 00:00 0                          [stack:31245]
7f40541b6000-7f40541b7000 ---p 00000000 00:00 0 
7f40541b7000-7f40542b7000 rw-p 00000000 00:00 0                          [stack:31244]
7f40542b7000-7f40542b8000 ---p 00000000 00:00 0 
7f40542b8000-7f40543b8000 rw-p 00000000 00:00 0                          [stack:31243]
7f40543b8000-7f40543b9000 ---p 00000000 00:00 0 
7f40543b9000-7f40544b9000 rw-p 00000000 00:00 0                          [stack:31242]
7f40544b9000-7f40544ba000 ---p 00000000 00:00 0 
7f40544ba000-7f40545ba000 rw-p 00000000 00:00 0                          [stack:31241]
7f40545ba000-7f40545bb000 ---p 00000000 00:00 0 
7f40545bb000-7f40546bb000 rw-p 00000000 00:00 0                          [stack:31240]
7f40546bb000-7f40546bc000 ---p 00000000 00:00 0 
7f40546bc000-7f40547bc000 rw-p 00000000 00:00 0                          [stack:31239]
7f40547bc000-7f40547bd000 ---p 00000000 00:00 0 
7f40547bd000-7f40548bd000 rw-p 00000000 00:00 0                          [stack:31238]
7f40548bd000-7f40548be000 ---p 00000000 00:00 0 
7f40548be000-7f40549be000 rw-p 00000000 00:00 0                          [stack:31237]
7f40549be000-7f40549bf000 ---p 00000000 00:00 0 
7f40549bf000-7f4054abf000 rw-p 00000000 00:00 0                          [stack:31236]
7f4054abf000-7f4054ac0000 ---p 00000000 00:00 0 
7f4054ac0000-7f4054bc0000 rw-p 00000000 00:00 0                          [stack:31235]
7f4054bc0000-7f4054bc1000 ---p 00000000 00:00 0 
7f4054bc1000-7f4054cc1000 rw-p 00000000 00:00 0                          [stack:31234]
7f4054cc1000-7f4054cc2000 ---p 00000000 00:00 0 
7f4054cc2000-7f4054dc2000 rw-p 00000000 00:00 0                          [stack:31233]
7f4054dc2000-7f4054dc3000 ---p 00000000 00:00 0 
7f4054dc3000-7f4054ec3000 rw-p 00000000 00:00 0                          [stack:31232]
7f4054ec3000-7f4054ec4000 ---p 00000000 00:00 0 
7f4054ec4000-7f4054fc4000 rw-p 00000000 00:00 0                          [stack:31231]
7f4054fc4000-7f4054fc5000 ---p 00000000 00:00 0 
7f4054fc5000-7f40550c5000 rw-p 00000000 00:00 0                          [stack:31230]
7f40550c5000-7f40550c6000 ---p 00000000 00:00 0 
7f40550c6000-7f40551c6000 rw-p 00000000 00:00 0                          [stack:31229]
7f40551c6000-7f40551c7000 ---p 00000000 00:00 0 
7f40551c7000-7f40552c7000 rw-p 00000000 00:00 0                          [stack:31228]
7f40552c7000-7f40552c8000 ---p 00000000 00:00 0 
7f40552c8000-7f40553c8000 rw-p 00000000 00:00 0                          [stack:31227]
7f40553c8000-7f40553c9000 ---p 00000000 00:00 0 
7f40553c9000-7f40554c9000 rw-p 00000000 00:00 0                          [stack:31226]
7f40554c9000-7f40554ca000 ---p 00000000 00:00 0 
7f40554ca000-7f405571a000 rw-p 00000000 00:00 0                          [stack:31225]
7f405571a000-7f4056abb000 ---p 00000000 00:00 0 
7f4056abb000-7f4056c0b000 rw-p 00000000 00:00 0 
7f4056c0b000-7f4057fab000 ---p 00000000 00:00 0 
7f4057fab000-7f4058054000 rw-p 00000000 00:00 0 
7f4058054000-7f4058a24000 ---p 00000000 00:00 0 
7f4058a24000-7f4058a3e000 rw-p 00000000 00:00 0 
7f4058a3e000-7f4058de5000 ---p 00000000 00:00 0 
7f4058de5000-7f4059415000 rwxp 00000000 00:00 0 
7f4059415000-7f4067de5000 ---p 00000000 00:00 0 
7f4067de5000-7f4067dff000 r-xp 00000000 08:01 37750402                   /usr/lib/jvm/java-8-oracle/jre/lib/amd64/libzip.so
7f4067dff000-7f4067fff000 ---p 0001a000 08:01 37750402                   /usr/lib/jvm/java-8-oracle/jre/lib/amd64/libzip.so
7f4067fff000-7f4068000000 rw-p 0001a000 08:01 37750402                   /usr/lib/jvm/java-8-oracle/jre/lib/amd64/libzip.so
7f4068000000-7f406841b000 rw-p 00000000 00:00 0 
7f406841b000-7f406c000000 ---p 00000000 00:00 0 
7f406c00b000-7f406c04d000 rw-p 00000000 00:00 0 
7f406c04d000-7f406c058000 r-xp 00000000 08:01 42471079                   /lib/x86_64-linux-gnu/libnss_files-2.19.so
7f406c058000-7f406c257000 ---p 0000b000 08:01 42471079                   /lib/x86_64-linux-gnu/libnss_files-2.19.so
7f406c257000-7f406c258000 r--p 0000a000 08:01 42471079                   /lib/x86_64-linux-gnu/libnss_files-2.19.so
7f406c258000-7f406c259000 rw-p 0000b000 08:01 42471079                   /lib/x86_64-linux-gnu/libnss_files-2.19.so
7f406c259000-7f406c264000 r-xp 00000000 08:01 42471099                   /lib/x86_64-linux-gnu/libnss_nis-2.19.so
7f406c264000-7f406c463000 ---p 0000b000 08:01 42471099                   /lib/x86_64-linux-gnu/libnss_nis-2.19.so
7f406c463000-7f406c464000 r--p 0000a000 08:01 42471099                   /lib/x86_64-linux-gnu/libnss_nis-2.19.so
7f406c464000-7f406c465000 rw-p 0000b000 08:01 42471099                   /lib/x86_64-linux-gnu/libnss_nis-2.19.so
7f406c465000-7f406c47c000 r-xp 00000000 08:01 42471088                   /lib/x86_64-linux-gnu/libnsl-2.19.so
7f406c47c000-7f406c67b000 ---p 00017000 08:01 42471088                   /lib/x86_64-linux-gnu/libnsl-2.19.so
7f406c67b000-7f406c67c000 r--p 00016000 08:01 42471088                   /lib/x86_64-linux-gnu/libnsl-2.19.so
7f406c67c000-7f406c67d000 rw-p 00017000 08:01 42471088                   /lib/x86_64-linux-gnu/libnsl-2.19.so
7f406c67d000-7f406c67f000 rw-p 00000000 00:00 0 
7f406c67f000-7f406c688000 r-xp 00000000 08:01 42471087                   /lib/x86_64-linux-gnu/libnss_compat-2.19.so
7f406c688000-7f406c887000 ---p 00009000 08:01 42471087                   /lib/x86_64-linux-gnu/libnss_compat-2.19.so
7f406c887000-7f406c888000 r--p 00008000 08:01 42471087                   /lib/x86_64-linux-gnu/libnss_compat-2.19.so
7f406c888000-7f406c889000 rw-p 00009000 08:01 42471087                   /lib/x86_64-linux-gnu/libnss_compat-2.19.so
7f406c889000-7f406c8b3000 r-xp 00000000 08:01 37750420                   /usr/lib/jvm/java-8-oracle/jre/lib/amd64/libjava.so
7f406c8b3000-7f406cab3000 ---p 0002a000 08:01 37750420                   /usr/lib/jvm/java-8-oracle/jre/lib/amd64/libjava.so
7f406cab3000-7f406cab5000 rw-p 0002a000 08:01 37750420                   /usr/lib/jvm/java-8-oracle/jre/lib/amd64/libjava.so
7f406cab5000-7f406cac2000 r-xp 00000000 08:01 37750415                   /usr/lib/jvm/java-8-oracle/jre/lib/amd64/libverify.so
7f406cac2000-7f406ccc2000 ---p 0000d000 08:01 37750415                   /usr/lib/jvm/java-8-oracle/jre/lib/amd64/libverify.so
7f406ccc2000-7f406ccc4000 rw-p 0000d000 08:01 37750415                   /usr/lib/jvm/java-8-oracle/jre/lib/amd64/libverify.so
7f406ccc4000-7f406cccb000 r-xp 00000000 08:01 42471096                   /lib/x86_64-linux-gnu/librt-2.19.so
7f406cccb000-7f406ceca000 ---p 00007000 08:01 42471096                   /lib/x86_64-linux-gnu/librt-2.19.so
7f406ceca000-7f406cecb000 r--p 00006000 08:01 42471096                   /lib/x86_64-linux-gnu/librt-2.19.so
7f406cecb000-7f406cecc000 rw-p 00007000 08:01 42471096                   /lib/x86_64-linux-gnu/librt-2.19.so
7f406cecc000-7f406cfd1000 r-xp 00000000 08:01 42471078                   /lib/x86_64-linux-gnu/libm-2.19.so
7f406cfd1000-7f406d1d0000 ---p 00105000 08:01 42471078                   /lib/x86_64-linux-gnu/libm-2.19.so
7f406d1d0000-7f406d1d1000 r--p 00104000 08:01 42471078                   /lib/x86_64-linux-gnu/libm-2.19.so
7f406d1d1000-7f406d1d2000 rw-p 00105000 08:01 42471078                   /lib/x86_64-linux-gnu/libm-2.19.so
7f406d1d2000-7f406de90000 r-xp 00000000 08:01 37750412                   /usr/lib/jvm/java-8-oracle/jre/lib/amd64/server/libjvm.so
7f406de90000-7f406e08f000 ---p 00cbe000 08:01 37750412                   /usr/lib/jvm/java-8-oracle/jre/lib/amd64/server/libjvm.so
7f406e08f000-7f406e168000 rw-p 00cbd000 08:01 37750412                   /usr/lib/jvm/java-8-oracle/jre/lib/amd64/server/libjvm.so
7f406e168000-7f406e1ac000 rw-p 00000000 00:00 0 
7f406e1ac000-7f406e367000 r-xp 00000000 08:01 42471093                   /lib/x86_64-linux-gnu/libc-2.19.so
7f406e367000-7f406e566000 ---p 001bb000 08:01 42471093                   /lib/x86_64-linux-gnu/libc-2.19.so
7f406e566000-7f406e56a000 r--p 001ba000 08:01 42471093                   /lib/x86_64-linux-gnu/libc-2.19.so
7f406e56a000-7f406e56c000 rw-p 001be000 08:01 42471093                   /lib/x86_64-linux-gnu/libc-2.19.so
7f406e56c000-7f406e571000 rw-p 00000000 00:00 0 
7f406e571000-7f406e574000 r-xp 00000000 08:01 42471082                   /lib/x86_64-linux-gnu/libdl-2.19.so
7f406e574000-7f406e773000 ---p 00003000 08:01 42471082                   /lib/x86_64-linux-gnu/libdl-2.19.so
7f406e773000-7f406e774000 r--p 00002000 08:01 42471082                   /lib/x86_64-linux-gnu/libdl-2.19.so
7f406e774000-7f406e775000 rw-p 00003000 08:01 42471082                   /lib/x86_64-linux-gnu/libdl-2.19.so
7f406e775000-7f406e78a000 r-xp 00000000 08:01 37750376                   /usr/lib/jvm/java-8-oracle/jre/lib/amd64/jli/libjli.so
7f406e78a000-7f406e98a000 ---p 00015000 08:01 37750376                   /usr/lib/jvm/java-8-oracle/jre/lib/amd64/jli/libjli.so
7f406e98a000-7f406e98b000 rw-p 00015000 08:01 37750376                   /usr/lib/jvm/java-8-oracle/jre/lib/amd64/jli/libjli.so
7f406e98b000-7f406e9a4000 r-xp 00000000 08:01 42471094                   /lib/x86_64-linux-gnu/libpthread-2.19.so
7f406e9a4000-7f406eba3000 ---p 00019000 08:01 42471094                   /lib/x86_64-linux-gnu/libpthread-2.19.so
7f406eba3000-7f406eba4000 r--p 00018000 08:01 42471094                   /lib/x86_64-linux-gnu/libpthread-2.19.so
7f406eba4000-7f406eba5000 rw-p 00019000 08:01 42471094                   /lib/x86_64-linux-gnu/libpthread-2.19.so
7f406eba5000-7f406eba9000 rw-p 00000000 00:00 0 
7f406eba9000-7f406ebcc000 r-xp 00000000 08:01 42471090                   /lib/x86_64-linux-gnu/ld-2.19.so
7f406ebdb000-7f406ebdc000 rw-p 00000000 00:00 0 
7f406ebdc000-7f406ebe1000 r--s 0002f000 08:01 14550109                   /home/xliang/CoreNLP_copy/lib/ejml-0.23.jar
7f406ebe1000-7f406ecb3000 rw-p 00000000 00:00 0 
7f406ecb3000-7f406ecb6000 ---p 00000000 00:00 0 
7f406ecb6000-7f406edb8000 rw-p 00000000 00:00 0                          [stack:31224]
7f406edb8000-7f406edbd000 r--s 00032000 08:01 14550105                   /home/xliang/CoreNLP_copy/lib/ant-contrib-1.0b3.jar
7f406edbd000-7f406edbf000 r--s 00005000 08:01 14550125                   /home/xliang/CoreNLP_copy/lib/slf4j-api.jar
7f406edbf000-7f406edc7000 rw-s 00000000 08:01 89672279                   /tmp/hsperfdata_xliang/31223
7f406edc7000-7f406edc8000 rw-p 00000000 00:00 0 
7f406edc8000-7f406edc9000 ---p 00000000 00:00 0 
7f406edc9000-7f406edcb000 rw-p 00000000 00:00 0 
7f406edcb000-7f406edcc000 r--p 00022000 08:01 42471090                   /lib/x86_64-linux-gnu/ld-2.19.so
7f406edcc000-7f406edcd000 rw-p 00023000 08:01 42471090                   /lib/x86_64-linux-gnu/ld-2.19.so
7f406edcd000-7f406edce000 rw-p 00000000 00:00 0 
7fff1e9cd000-7fff1e9ee000 rw-p 00000000 00:00 0                          [stack]
7fff1e9fc000-7fff1e9fe000 r-xp 00000000 00:00 0                          [vdso]
7fff1e9fe000-7fff1ea00000 r--p 00000000 00:00 0                          [vvar]
ffffffffff600000-ffffffffff601000 r-xp 00000000 00:00 0                  [vsyscall]

VM Arguments:
java_command: edu.stanford.nlp.sentiment.SentimentTraining -numHid 5 -trainPath myData/simplify/simp_train.txt -devPath myData/simplify/simp_dev.txt -train -model myModels/simp_hid5_re5/simp_hid5_re5.ser.gz
java_class_path (initial): jre/lib/jfxswt.jar:jre/lib/jce.jar:jre/lib/rt.jar:jre/lib/jsse.jar:jre/lib/javaws.jar:jre/lib/management-agent.jar:jre/lib/jfr.jar:jre/lib/resources.jar:jre/lib/plugin.jar:jre/lib/charsets.jar:jre/lib/deploy.jar:jre/lib/ext/sunec.jar:jre/lib/ext/nashorn.jar:jre/lib/ext/localedata.jar:jre/lib/ext/cldrdata.jar:jre/lib/ext/jfxrt.jar:jre/lib/ext/sunpkcs11.jar:jre/lib/ext/sunjce_provider.jar:jre/lib/ext/dnsns.jar:jre/lib/ext/jaccess.jar:jre/lib/ext/zipfs.jar:build/classes/main:build/resources/main:lib/lucene-core-4.10.3.jar:lib/slf4j-api.jar:lib/ant-contrib-1.0b3.jar:lib/ejml-0.23.jar:lib/lucene-analyzers-common-4.10.3.jar:lib/joda-time.jar:lib/xom-1.2.10.jar:lib/commons-logging.jar:lib/jollyday-0.4.7.jar:lib/AppleJavaExtensions.jar:lib/javax.json.jar:lib/protobuf.jar:lib/jflex-1.5.1.jar:lib/lucene-queryparser-4.10.3.jar:lib/lucene-demo-4.10.3.jar:lib/jgrapht-core-0.9.1.jar:lib/lucene-queries-4.10.3.jar:lib/appbundler-1.0.jar:lib/junit.jar:lib/log4j-1.2.16.jar:lib/javax.servlet.jar:lib/javacc.jar:lib/slf4j-simple.jar:lib/commons-lang3-3.1.jar
Launcher Type: SUN_STANDARD

Environment Variables:
PATH=/usr/local/sbin:/usr/local/bin:/usr/sbin:/usr/bin:/sbin:/bin:/usr/games:/usr/local/games
SHELL=/bin/sh

Signal Handlers:
SIGSEGV: [libjvm.so+0xaba2a0], sa_mask[0]=11111111011111111101111111111110, sa_flags=SA_RESTART|SA_SIGINFO
SIGBUS: [libjvm.so+0xaba2a0], sa_mask[0]=11111111011111111101111111111110, sa_flags=SA_RESTART|SA_SIGINFO
SIGFPE: [libjvm.so+0x917710], sa_mask[0]=11111111011111111101111111111110, sa_flags=SA_RESTART|SA_SIGINFO
SIGPIPE: [libjvm.so+0x917710], sa_mask[0]=11111111011111111101111111111110, sa_flags=SA_RESTART|SA_SIGINFO
SIGXFSZ: [libjvm.so+0x917710], sa_mask[0]=11111111011111111101111111111110, sa_flags=SA_RESTART|SA_SIGINFO
SIGILL: [libjvm.so+0x917710], sa_mask[0]=11111111011111111101111111111110, sa_flags=SA_RESTART|SA_SIGINFO
SIGUSR1: SIG_DFL, sa_mask[0]=00000000000000000000000000000000, sa_flags=none
SIGUSR2: [libjvm.so+0x918d40], sa_mask[0]=00000000000000000000000000000000, sa_flags=SA_RESTART|SA_SIGINFO
SIGHUP: [libjvm.so+0x91a140], sa_mask[0]=11111111011111111101111111111110, sa_flags=SA_RESTART|SA_SIGINFO
SIGINT: [libjvm.so+0x91a140], sa_mask[0]=11111111011111111101111111111110, sa_flags=SA_RESTART|SA_SIGINFO
SIGTERM: [libjvm.so+0x91a140], sa_mask[0]=11111111011111111101111111111110, sa_flags=SA_RESTART|SA_SIGINFO
SIGQUIT: [libjvm.so+0x91a140], sa_mask[0]=11111111011111111101111111111110, sa_flags=SA_RESTART|SA_SIGINFO


---------------  S Y S T E M  ---------------

OS:DISTRIB_ID=Ubuntu
DISTRIB_RELEASE=14.04
DISTRIB_CODENAME=trusty
DISTRIB_DESCRIPTION="Ubuntu 14.04.3 LTS"

uname:Linux 3.16.0-30-generic #40~14.04.1-Ubuntu SMP Thu Jan 15 17:43:14 UTC 2015 x86_64
libc:glibc 2.19 NPTL 2.19 
rlimit: STACK 8192k, CORE 0k, NPROC 257189, NOFILE 4096, AS infinity
load average:10.27 8.82 8.34

/proc/meminfo:
MemTotal:       65866796 kB
MemFree:        12171796 kB
MemAvailable:   12164232 kB
Buffers:            1372 kB
Cached:            18536 kB
SwapCached:            0 kB
Active:         52733324 kB
Inactive:          15648 kB
Active(anon):   52730784 kB
Inactive(anon):     1320 kB
Active(file):       2540 kB
Inactive(file):    14328 kB
Unevictable:           0 kB
Mlocked:               0 kB
SwapTotal:             0 kB
SwapFree:              0 kB
Dirty:                76 kB
Writeback:             0 kB
AnonPages:      52761152 kB
Mapped:            11056 kB
Shmem:              1644 kB
Slab:             300224 kB
SReclaimable:     193244 kB
SUnreclaim:       106980 kB
KernelStack:       21552 kB
PageTables:       125244 kB
NFS_Unstable:          0 kB
Bounce:                0 kB
WritebackTmp:          0 kB
CommitLimit:    32933396 kB
Committed_AS:   67392132 kB
VmallocTotal:   34359738367 kB
VmallocUsed:      392764 kB
VmallocChunk:   34325237892 kB
HardwareCorrupted:     0 kB
AnonHugePages:   8785920 kB
HugePages_Total:       0
HugePages_Free:        0
HugePages_Rsvd:        0
HugePages_Surp:        0
Hugepagesize:       2048 kB
DirectMap4k:      218432 kB
DirectMap2M:    29032448 kB
DirectMap1G:    39845888 kB


CPU:total 32 (8 cores per cpu, 2 threads per core) family 6 model 63 stepping 2, cmov, cx8, fxsr, mmx, sse, sse2, sse3, ssse3, sse4.1, sse4.2, popcnt, avx, avx2, clmul, erms, lzcnt, ht, tsc, tscinvbit, bmi1, bmi2

/proc/cpuinfo:
processor	: 0
vendor_id	: GenuineIntel
cpu family	: 6
model		: 63
model name	: Intel(R) Xeon(R) CPU E5-2630 v3 @ 2.40GHz
stepping	: 2
microcode	: 0x2e
cpu MHz		: 1532.062
cache size	: 20480 KB
physical id	: 0
siblings	: 16
core id		: 0
cpu cores	: 8
apicid		: 0
initial apicid	: 0
fpu		: yes
fpu_exception	: yes
cpuid level	: 15
wp		: yes
flags		: fpu vme de pse tsc msr pae mce cx8 apic sep mtrr pge mca cmov pat pse36 clflush dts acpi mmx fxsr sse sse2 ss ht tm pbe syscall nx pdpe1gb rdtscp lm constant_tsc arch_perfmon pebs bts rep_good nopl xtopology nonstop_tsc aperfmperf eagerfpu pni pclmulqdq dtes64 monitor ds_cpl vmx smx est tm2 ssse3 fma cx16 xtpr pdcm pcid dca sse4_1 sse4_2 x2apic movbe popcnt tsc_deadline_timer xsave avx f16c rdrand lahf_lm abm ida arat epb xsaveopt pln pts dtherm tpr_shadow vnmi flexpriority ept vpid fsgsbase tsc_adjust bmi1 avx2 smep bmi2 erms invpcid
bogomips	: 4800.03
clflush size	: 64
cache_alignment	: 64
address sizes	: 46 bits physical, 48 bits virtual
power management:

processor	: 1
vendor_id	: GenuineIntel
cpu family	: 6
model		: 63
model name	: Intel(R) Xeon(R) CPU E5-2630 v3 @ 2.40GHz
stepping	: 2
microcode	: 0x2e
cpu MHz		: 2781.468
cache size	: 20480 KB
physical id	: 0
siblings	: 16
core id		: 1
cpu cores	: 8
apicid		: 2
initial apicid	: 2
fpu		: yes
fpu_exception	: yes
cpuid level	: 15
wp		: yes
flags		: fpu vme de pse tsc msr pae mce cx8 apic sep mtrr pge mca cmov pat pse36 clflush dts acpi mmx fxsr sse sse2 ss ht tm pbe syscall nx pdpe1gb rdtscp lm constant_tsc arch_perfmon pebs bts rep_good nopl xtopology nonstop_tsc aperfmperf eagerfpu pni pclmulqdq dtes64 monitor ds_cpl vmx smx est tm2 ssse3 fma cx16 xtpr pdcm pcid dca sse4_1 sse4_2 x2apic movbe popcnt tsc_deadline_timer xsave avx f16c rdrand lahf_lm abm ida arat epb xsaveopt pln pts dtherm tpr_shadow vnmi flexpriority ept vpid fsgsbase tsc_adjust bmi1 avx2 smep bmi2 erms invpcid
bogomips	: 4800.03
clflush size	: 64
cache_alignment	: 64
address sizes	: 46 bits physical, 48 bits virtual
power management:

processor	: 2
vendor_id	: GenuineIntel
cpu family	: 6
model		: 63
model name	: Intel(R) Xeon(R) CPU E5-2630 v3 @ 2.40GHz
stepping	: 2
microcode	: 0x2e
cpu MHz		: 1999.312
cache size	: 20480 KB
physical id	: 0
siblings	: 16
core id		: 2
cpu cores	: 8
apicid		: 4
initial apicid	: 4
fpu		: yes
fpu_exception	: yes
cpuid level	: 15
wp		: yes
flags		: fpu vme de pse tsc msr pae mce cx8 apic sep mtrr pge mca cmov pat pse36 clflush dts acpi mmx fxsr sse sse2 ss ht tm pbe syscall nx pdpe1gb rdtscp lm constant_tsc arch_perfmon pebs bts rep_good nopl xtopology nonstop_tsc aperfmperf eagerfpu pni pclmulqdq dtes64 monitor ds_cpl vmx smx est tm2 ssse3 fma cx16 xtpr pdcm pcid dca sse4_1 sse4_2 x2apic movbe popcnt tsc_deadline_timer xsave avx f16c rdrand lahf_lm abm ida arat epb xsaveopt pln pts dtherm tpr_shadow vnmi flexpriority ept vpid fsgsbase tsc_adjust bmi1 avx2 smep bmi2 erms invpcid
bogomips	: 4800.03
clflush size	: 64
cache_alignment	: 64
address sizes	: 46 bits physical, 48 bits virtual
power management:

processor	: 3
vendor_id	: GenuineIntel
cpu family	: 6
model		: 63
model name	: Intel(R) Xeon(R) CPU E5-2630 v3 @ 2.40GHz
stepping	: 2
microcode	: 0x2e
cpu MHz		: 2779.687
cache size	: 20480 KB
physical id	: 0
siblings	: 16
core id		: 3
cpu cores	: 8
apicid		: 6
initial apicid	: 6
fpu		: yes
fpu_exception	: yes
cpuid level	: 15
wp		: yes
flags		: fpu vme de pse tsc msr pae mce cx8 apic sep mtrr pge mca cmov pat pse36 clflush dts acpi mmx fxsr sse sse2 ss ht tm pbe syscall nx pdpe1gb rdtscp lm constant_tsc arch_perfmon pebs bts rep_good nopl xtopology nonstop_tsc aperfmperf eagerfpu pni pclmulqdq dtes64 monitor ds_cpl vmx smx est tm2 ssse3 fma cx16 xtpr pdcm pcid dca sse4_1 sse4_2 x2apic movbe popcnt tsc_deadline_timer xsave avx f16c rdrand lahf_lm abm ida arat epb xsaveopt pln pts dtherm tpr_shadow vnmi flexpriority ept vpid fsgsbase tsc_adjust bmi1 avx2 smep bmi2 erms invpcid
bogomips	: 4800.03
clflush size	: 64
cache_alignment	: 64
address sizes	: 46 bits physical, 48 bits virtual
power management:

processor	: 4
vendor_id	: GenuineIntel
cpu family	: 6
model		: 63
model name	: Intel(R) Xeon(R) CPU E5-2630 v3 @ 2.40GHz
stepping	: 2
microcode	: 0x2e
cpu MHz		: 2195.718
cache size	: 20480 KB
physical id	: 0
siblings	: 16
core id		: 4
cpu cores	: 8
apicid		: 8
initial apicid	: 8
fpu		: yes
fpu_exception	: yes
cpuid level	: 15
wp		: yes
flags		: fpu vme de pse tsc msr pae mce cx8 apic sep mtrr pge mca cmov pat pse36 clflush dts acpi mmx fxsr sse sse2 ss ht tm pbe syscall nx pdpe1gb rdtscp lm constant_tsc arch_perfmon pebs bts rep_good nopl xtopology nonstop_tsc aperfmperf eagerfpu pni pclmulqdq dtes64 monitor ds_cpl vmx smx est tm2 ssse3 fma cx16 xtpr pdcm pcid dca sse4_1 sse4_2 x2apic movbe popcnt tsc_deadline_timer xsave avx f16c rdrand lahf_lm abm ida arat epb xsaveopt pln pts dtherm tpr_shadow vnmi flexpriority ept vpid fsgsbase tsc_adjust bmi1 avx2 smep bmi2 erms invpcid
bogomips	: 4800.03
clflush size	: 64
cache_alignment	: 64
address sizes	: 46 bits physical, 48 bits virtual
power management:

processor	: 5
vendor_id	: GenuineIntel
cpu family	: 6
model		: 63
model name	: Intel(R) Xeon(R) CPU E5-2630 v3 @ 2.40GHz
stepping	: 2
microcode	: 0x2e
cpu MHz		: 2781.468
cache size	: 20480 KB
physical id	: 0
siblings	: 16
core id		: 5
cpu cores	: 8
apicid		: 10
initial apicid	: 10
fpu		: yes
fpu_exception	: yes
cpuid level	: 15
wp		: yes
flags		: fpu vme de pse tsc msr pae mce cx8 apic sep mtrr pge mca cmov pat pse36 clflush dts acpi mmx fxsr sse sse2 ss ht tm pbe syscall nx pdpe1gb rdtscp lm constant_tsc arch_perfmon pebs bts rep_good nopl xtopology nonstop_tsc aperfmperf eagerfpu pni pclmulqdq dtes64 monitor ds_cpl vmx smx est tm2 ssse3 fma cx16 xtpr pdcm pcid dca sse4_1 sse4_2 x2apic movbe popcnt tsc_deadline_timer xsave avx f16c rdrand lahf_lm abm ida arat epb xsaveopt pln pts dtherm tpr_shadow vnmi flexpriority ept vpid fsgsbase tsc_adjust bmi1 avx2 smep bmi2 erms invpcid
bogomips	: 4800.03
clflush size	: 64
cache_alignment	: 64
address sizes	: 46 bits physical, 48 bits virtual
power management:

processor	: 6
vendor_id	: GenuineIntel
cpu family	: 6
model		: 63
model name	: Intel(R) Xeon(R) CPU E5-2630 v3 @ 2.40GHz
stepping	: 2
microcode	: 0x2e
cpu MHz		: 2400.000
cache size	: 20480 KB
physical id	: 0
siblings	: 16
core id		: 6
cpu cores	: 8
apicid		: 12
initial apicid	: 12
fpu		: yes
fpu_exception	: yes
cpuid level	: 15
wp		: yes
flags		: fpu vme de pse tsc msr pae mce cx8 apic sep mtrr pge mca cmov pat pse36 clflush dts acpi mmx fxsr sse sse2 ss ht tm pbe syscall nx pdpe1gb rdtscp lm constant_tsc arch_perfmon pebs bts rep_good nopl xtopology nonstop_tsc aperfmperf eagerfpu pni pclmulqdq dtes64 monitor ds_cpl vmx smx est tm2 ssse3 fma cx16 xtpr pdcm pcid dca sse4_1 sse4_2 x2apic movbe popcnt tsc_deadline_timer xsave avx f16c rdrand lahf_lm abm ida arat epb xsaveopt pln pts dtherm tpr_shadow vnmi flexpriority ept vpid fsgsbase tsc_adjust bmi1 avx2 smep bmi2 erms invpcid
bogomips	: 4800.03
clflush size	: 64
cache_alignment	: 64
address sizes	: 46 bits physical, 48 bits virtual
power management:

processor	: 7
vendor_id	: GenuineIntel
cpu family	: 6
model		: 63
model name	: Intel(R) Xeon(R) CPU E5-2630 v3 @ 2.40GHz
stepping	: 2
microcode	: 0x2e
cpu MHz		: 1438.406
cache size	: 20480 KB
physical id	: 0
siblings	: 16
core id		: 7
cpu cores	: 8
apicid		: 14
initial apicid	: 14
fpu		: yes
fpu_exception	: yes
cpuid level	: 15
wp		: yes
flags		: fpu vme de pse tsc msr pae mce cx8 apic sep mtrr pge mca cmov pat pse36 clflush dts acpi mmx fxsr sse sse2 ss ht tm pbe syscall nx pdpe1gb rdtscp lm constant_tsc arch_perfmon pebs bts rep_good nopl xtopology nonstop_tsc aperfmperf eagerfpu pni pclmulqdq dtes64 monitor ds_cpl vmx smx est tm2 ssse3 fma cx16 xtpr pdcm pcid dca sse4_1 sse4_2 x2apic movbe popcnt tsc_deadline_timer xsave avx f16c rdrand lahf_lm abm ida arat epb xsaveopt pln pts dtherm tpr_shadow vnmi flexpriority ept vpid fsgsbase tsc_adjust bmi1 avx2 smep bmi2 erms invpcid
bogomips	: 4800.03
clflush size	: 64
cache_alignment	: 64
address sizes	: 46 bits physical, 48 bits virtual
power management:

processor	: 8
vendor_id	: GenuineIntel
cpu family	: 6
model		: 63
model name	: Intel(R) Xeon(R) CPU E5-2630 v3 @ 2.40GHz
stepping	: 2
microcode	: 0x2e
cpu MHz		: 2199.281
cache size	: 20480 KB
physical id	: 1
siblings	: 16
core id		: 0
cpu cores	: 8
apicid		: 16
initial apicid	: 16
fpu		: yes
fpu_exception	: yes
cpuid level	: 15
wp		: yes
flags		: fpu vme de pse tsc msr pae mce cx8 apic sep mtrr pge mca cmov pat pse36 clflush dts acpi mmx fxsr sse sse2 ss ht tm pbe syscall nx pdpe1gb rdtscp lm constant_tsc arch_perfmon pebs bts rep_good nopl xtopology nonstop_tsc aperfmperf eagerfpu pni pclmulqdq dtes64 monitor ds_cpl vmx smx est tm2 ssse3 fma cx16 xtpr pdcm pcid dca sse4_1 sse4_2 x2apic movbe popcnt tsc_deadline_timer xsave avx f16c rdrand lahf_lm abm ida arat epb xsaveopt pln pts dtherm tpr_shadow vnmi flexpriority ept vpid fsgsbase tsc_adjust bmi1 avx2 smep bmi2 erms invpcid
bogomips	: 4802.38
clflush size	: 64
cache_alignment	: 64
address sizes	: 46 bits physical, 48 bits virtual
power management:

processor	: 9
vendor_id	: GenuineIntel
cpu family	: 6
model		: 63
model name	: Intel(R) Xeon(R) CPU E5-2630 v3 @ 2.40GHz
stepping	: 2
microcode	: 0x2e
cpu MHz		: 1250.718
cache size	: 20480 KB
physical id	: 1
siblings	: 16
core id		: 1
cpu cores	: 8
apicid		: 18
initial apicid	: 18
fpu		: yes
fpu_exception	: yes
cpuid level	: 15
wp		: yes
flags		: fpu vme de pse tsc msr pae mce cx8 apic sep mtrr pge mca cmov pat pse36 clflush dts acpi mmx fxsr sse sse2 ss ht tm pbe syscall nx pdpe1gb rdtscp lm constant_tsc arch_perfmon pebs bts rep_good nopl xtopology nonstop_tsc aperfmperf eagerfpu pni pclmulqdq dtes64 monitor ds_cpl vmx smx est tm2 ssse3 fma cx16 xtpr pdcm pcid dca sse4_1 sse4_2 x2apic movbe popcnt tsc_deadline_timer xsave avx f16c rdrand lahf_lm abm ida arat epb xsaveopt pln pts dtherm tpr_shadow vnmi flexpriority ept vpid fsgsbase tsc_adjust bmi1 avx2 smep bmi2 erms invpcid
bogomips	: 4802.38
clflush size	: 64
cache_alignment	: 64
address sizes	: 46 bits physical, 48 bits virtual
power management:

processor	: 10
vendor_id	: GenuineIntel
cpu family	: 6
model		: 63
model name	: Intel(R) Xeon(R) CPU E5-2630 v3 @ 2.40GHz
stepping	: 2
microcode	: 0x2e
cpu MHz		: 2645.250
cache size	: 20480 KB
physical id	: 1
siblings	: 16
core id		: 2
cpu cores	: 8
apicid		: 20
initial apicid	: 20
fpu		: yes
fpu_exception	: yes
cpuid level	: 15
wp		: yes
flags		: fpu vme de pse tsc msr pae mce cx8 apic sep mtrr pge mca cmov pat pse36 clflush dts acpi mmx fxsr sse sse2 ss ht tm pbe syscall nx pdpe1gb rdtscp lm constant_tsc arch_perfmon pebs bts rep_good nopl xtopology nonstop_tsc aperfmperf eagerfpu pni pclmulqdq dtes64 monitor ds_cpl vmx smx est tm2 ssse3 fma cx16 xtpr pdcm pcid dca sse4_1 sse4_2 x2apic movbe popcnt tsc_deadline_timer xsave avx f16c rdrand lahf_lm abm ida arat epb xsaveopt pln pts dtherm tpr_shadow vnmi flexpriority ept vpid fsgsbase tsc_adjust bmi1 avx2 smep bmi2 erms invpcid
bogomips	: 4802.38
clflush size	: 64
cache_alignment	: 64
address sizes	: 46 bits physical, 48 bits virtual
power management:

processor	: 11
vendor_id	: GenuineIntel
cpu family	: 6
model		: 63
model name	: Intel(R) Xeon(R) CPU E5-2630 v3 @ 2.40GHz
stepping	: 2
microcode	: 0x2e
cpu MHz		: 1545.562
cache size	: 20480 KB
physical id	: 1
siblings	: 16
core id		: 3
cpu cores	: 8
apicid		: 22
initial apicid	: 22
fpu		: yes
fpu_exception	: yes
cpuid level	: 15
wp		: yes
flags		: fpu vme de pse tsc msr pae mce cx8 apic sep mtrr pge mca cmov pat pse36 clflush dts acpi mmx fxsr sse sse2 ss ht tm pbe syscall nx pdpe1gb rdtscp lm constant_tsc arch_perfmon pebs bts rep_good nopl xtopology nonstop_tsc aperfmperf eagerfpu pni pclmulqdq dtes64 monitor ds_cpl vmx smx est tm2 ssse3 fma cx16 xtpr pdcm pcid dca sse4_1 sse4_2 x2apic movbe popcnt tsc_deadline_timer xsave avx f16c rdrand lahf_lm abm ida arat epb xsaveopt pln pts dtherm tpr_shadow vnmi flexpriority ept vpid fsgsbase tsc_adjust bmi1 avx2 smep bmi2 erms invpcid
bogomips	: 4802.38
clflush size	: 64
cache_alignment	: 64
address sizes	: 46 bits physical, 48 bits virtual
power management:

processor	: 12
vendor_id	: GenuineIntel
cpu family	: 6
model		: 63
model name	: Intel(R) Xeon(R) CPU E5-2630 v3 @ 2.40GHz
stepping	: 2
microcode	: 0x2e
cpu MHz		: 2600.156
cache size	: 20480 KB
physical id	: 1
siblings	: 16
core id		: 4
cpu cores	: 8
apicid		: 24
initial apicid	: 24
fpu		: yes
fpu_exception	: yes
cpuid level	: 15
wp		: yes
flags		: fpu vme de pse tsc msr pae mce cx8 apic sep mtrr pge mca cmov pat pse36 clflush dts acpi mmx fxsr sse sse2 ss ht tm pbe syscall nx pdpe1gb rdtscp lm constant_tsc arch_perfmon pebs bts rep_good nopl xtopology nonstop_tsc aperfmperf eagerfpu pni pclmulqdq dtes64 monitor ds_cpl vmx smx est tm2 ssse3 fma cx16 xtpr pdcm pcid dca sse4_1 sse4_2 x2apic movbe popcnt tsc_deadline_timer xsave avx f16c rdrand lahf_lm abm ida arat epb xsaveopt pln pts dtherm tpr_shadow vnmi flexpriority ept vpid fsgsbase tsc_adjust bmi1 avx2 smep bmi2 erms invpcid
bogomips	: 4802.38
clflush size	: 64
cache_alignment	: 64
address sizes	: 46 bits physical, 48 bits virtual
power management:

processor	: 13
vendor_id	: GenuineIntel
cpu family	: 6
model		: 63
model name	: Intel(R) Xeon(R) CPU E5-2630 v3 @ 2.40GHz
stepping	: 2
microcode	: 0x2e
cpu MHz		: 2671.218
cache size	: 20480 KB
physical id	: 1
siblings	: 16
core id		: 5
cpu cores	: 8
apicid		: 26
initial apicid	: 26
fpu		: yes
fpu_exception	: yes
cpuid level	: 15
wp		: yes
flags		: fpu vme de pse tsc msr pae mce cx8 apic sep mtrr pge mca cmov pat pse36 clflush dts acpi mmx fxsr sse sse2 ss ht tm pbe syscall nx pdpe1gb rdtscp lm constant_tsc arch_perfmon pebs bts rep_good nopl xtopology nonstop_tsc aperfmperf eagerfpu pni pclmulqdq dtes64 monitor ds_cpl vmx smx est tm2 ssse3 fma cx16 xtpr pdcm pcid dca sse4_1 sse4_2 x2apic movbe popcnt tsc_deadline_timer xsave avx f16c rdrand lahf_lm abm ida arat epb xsaveopt pln pts dtherm tpr_shadow vnmi flexpriority ept vpid fsgsbase tsc_adjust bmi1 avx2 smep bmi2 erms invpcid
bogomips	: 4802.38
clflush size	: 64
cache_alignment	: 64
address sizes	: 46 bits physical, 48 bits virtual
power management:

processor	: 14
vendor_id	: GenuineIntel
cpu family	: 6
model		: 63
model name	: Intel(R) Xeon(R) CPU E5-2630 v3 @ 2.40GHz
stepping	: 2
microcode	: 0x2e
cpu MHz		: 2752.218
cache size	: 20480 KB
physical id	: 1
siblings	: 16
core id		: 6
cpu cores	: 8
apicid		: 28
initial apicid	: 28
fpu		: yes
fpu_exception	: yes
cpuid level	: 15
wp		: yes
flags		: fpu vme de pse tsc msr pae mce cx8 apic sep mtrr pge mca cmov pat pse36 clflush dts acpi mmx fxsr sse sse2 ss ht tm pbe syscall nx pdpe1gb rdtscp lm constant_tsc arch_perfmon pebs bts rep_good nopl xtopology nonstop_tsc aperfmperf eagerfpu pni pclmulqdq dtes64 monitor ds_cpl vmx smx est tm2 ssse3 fma cx16 xtpr pdcm pcid dca sse4_1 sse4_2 x2apic movbe popcnt tsc_deadline_timer xsave avx f16c rdrand lahf_lm abm ida arat epb xsaveopt pln pts dtherm tpr_shadow vnmi flexpriority ept vpid fsgsbase tsc_adjust bmi1 avx2 smep bmi2 erms invpcid
bogomips	: 4802.38
clflush size	: 64
cache_alignment	: 64
address sizes	: 46 bits physical, 48 bits virtual
power management:

processor	: 15
vendor_id	: GenuineIntel
cpu family	: 6
model		: 63
model name	: Intel(R) Xeon(R) CPU E5-2630 v3 @ 2.40GHz
stepping	: 2
microcode	: 0x2e
cpu MHz		: 2752.125
cache size	: 20480 KB
physical id	: 1
siblings	: 16
core id		: 7
cpu cores	: 8
apicid		: 30
initial apicid	: 30
fpu		: yes
fpu_exception	: yes
cpuid level	: 15
wp		: yes
flags		: fpu vme de pse tsc msr pae mce cx8 apic sep mtrr pge mca cmov pat pse36 clflush dts acpi mmx fxsr sse sse2 ss ht tm pbe syscall nx pdpe1gb rdtscp lm constant_tsc arch_perfmon pebs bts rep_good nopl xtopology nonstop_tsc aperfmperf eagerfpu pni pclmulqdq dtes64 monitor ds_cpl vmx smx est tm2 ssse3 fma cx16 xtpr pdcm pcid dca sse4_1 sse4_2 x2apic movbe popcnt tsc_deadline_timer xsave avx f16c rdrand lahf_lm abm ida arat epb xsaveopt pln pts dtherm tpr_shadow vnmi flexpriority ept vpid fsgsbase tsc_adjust bmi1 avx2 smep bmi2 erms invpcid
bogomips	: 4802.38
clflush size	: 64
cache_alignment	: 64
address sizes	: 46 bits physical, 48 bits virtual
power management:

processor	: 16
vendor_id	: GenuineIntel
cpu family	: 6
model		: 63
model name	: Intel(R) Xeon(R) CPU E5-2630 v3 @ 2.40GHz
stepping	: 2
microcode	: 0x2e
cpu MHz		: 2599.968
cache size	: 20480 KB
physical id	: 0
siblings	: 16
core id		: 0
cpu cores	: 8
apicid		: 1
initial apicid	: 1
fpu		: yes
fpu_exception	: yes
cpuid level	: 15
wp		: yes
flags		: fpu vme de pse tsc msr pae mce cx8 apic sep mtrr pge mca cmov pat pse36 clflush dts acpi mmx fxsr sse sse2 ss ht tm pbe syscall nx pdpe1gb rdtscp lm constant_tsc arch_perfmon pebs bts rep_good nopl xtopology nonstop_tsc aperfmperf eagerfpu pni pclmulqdq dtes64 monitor ds_cpl vmx smx est tm2 ssse3 fma cx16 xtpr pdcm pcid dca sse4_1 sse4_2 x2apic movbe popcnt tsc_deadline_timer xsave avx f16c rdrand lahf_lm abm ida arat epb xsaveopt pln pts dtherm tpr_shadow vnmi flexpriority ept vpid fsgsbase tsc_adjust bmi1 avx2 smep bmi2 erms invpcid
bogomips	: 4800.03
clflush size	: 64
cache_alignment	: 64
address sizes	: 46 bits physical, 48 bits virtual
power management:

processor	: 17
vendor_id	: GenuineIntel
cpu family	: 6
model		: 63
model name	: Intel(R) Xeon(R) CPU E5-2630 v3 @ 2.40GHz
stepping	: 2
microcode	: 0x2e
cpu MHz		: 2599.968
cache size	: 20480 KB
physical id	: 0
siblings	: 16
core id		: 1
cpu cores	: 8
apicid		: 3
initial apicid	: 3
fpu		: yes
fpu_exception	: yes
cpuid level	: 15
wp		: yes
flags		: fpu vme de pse tsc msr pae mce cx8 apic sep mtrr pge mca cmov pat pse36 clflush dts acpi mmx fxsr sse sse2 ss ht tm pbe syscall nx pdpe1gb rdtscp lm constant_tsc arch_perfmon pebs bts rep_good nopl xtopology nonstop_tsc aperfmperf eagerfpu pni pclmulqdq dtes64 monitor ds_cpl vmx smx est tm2 ssse3 fma cx16 xtpr pdcm pcid dca sse4_1 sse4_2 x2apic movbe popcnt tsc_deadline_timer xsave avx f16c rdrand lahf_lm abm ida arat epb xsaveopt pln pts dtherm tpr_shadow vnmi flexpriority ept vpid fsgsbase tsc_adjust bmi1 avx2 smep bmi2 erms invpcid
bogomips	: 4800.03
clflush size	: 64
cache_alignment	: 64
address sizes	: 46 bits physical, 48 bits virtual
power management:

processor	: 18
vendor_id	: GenuineIntel
cpu family	: 6
model		: 63
model name	: Intel(R) Xeon(R) CPU E5-2630 v3 @ 2.40GHz
stepping	: 2
microcode	: 0x2e
cpu MHz		: 2599.968
cache size	: 20480 KB
physical id	: 0
siblings	: 16
core id		: 2
cpu cores	: 8
apicid		: 5
initial apicid	: 5
fpu		: yes
fpu_exception	: yes
cpuid level	: 15
wp		: yes
flags		: fpu vme de pse tsc msr pae mce cx8 apic sep mtrr pge mca cmov pat pse36 clflush dts acpi mmx fxsr sse sse2 ss ht tm pbe syscall nx pdpe1gb rdtscp lm constant_tsc arch_perfmon pebs bts rep_good nopl xtopology nonstop_tsc aperfmperf eagerfpu pni pclmulqdq dtes64 monitor ds_cpl vmx smx est tm2 ssse3 fma cx16 xtpr pdcm pcid dca sse4_1 sse4_2 x2apic movbe popcnt tsc_deadline_timer xsave avx f16c rdrand lahf_lm abm ida arat epb xsaveopt pln pts dtherm tpr_shadow vnmi flexpriority ept vpid fsgsbase tsc_adjust bmi1 avx2 smep bmi2 erms invpcid
bogomips	: 4800.03
clflush size	: 64
cache_alignment	: 64
address sizes	: 46 bits physical, 48 bits virtual
power management:

processor	: 19
vendor_id	: GenuineIntel
cpu family	: 6
model		: 63
model name	: Intel(R) Xeon(R) CPU E5-2630 v3 @ 2.40GHz
stepping	: 2
microcode	: 0x2e
cpu MHz		: 2781.375
cache size	: 20480 KB
physical id	: 0
siblings	: 16
core id		: 3
cpu cores	: 8
apicid		: 7
initial apicid	: 7
fpu		: yes
fpu_exception	: yes
cpuid level	: 15
wp		: yes
flags		: fpu vme de pse tsc msr pae mce cx8 apic sep mtrr pge mca cmov pat pse36 clflush dts acpi mmx fxsr sse sse2 ss ht tm pbe syscall nx pdpe1gb rdtscp lm constant_tsc arch_perfmon pebs bts rep_good nopl xtopology nonstop_tsc aperfmperf eagerfpu pni pclmulqdq dtes64 monitor ds_cpl vmx smx est tm2 ssse3 fma cx16 xtpr pdcm pcid dca sse4_1 sse4_2 x2apic movbe popcnt tsc_deadline_timer xsave avx f16c rdrand lahf_lm abm ida arat epb xsaveopt pln pts dtherm tpr_shadow vnmi flexpriority ept vpid fsgsbase tsc_adjust bmi1 avx2 smep bmi2 erms invpcid
bogomips	: 4800.03
clflush size	: 64
cache_alignment	: 64
address sizes	: 46 bits physical, 48 bits virtual
power management:

processor	: 20
vendor_id	: GenuineIntel
cpu family	: 6
model		: 63
model name	: Intel(R) Xeon(R) CPU E5-2630 v3 @ 2.40GHz
stepping	: 2
microcode	: 0x2e
cpu MHz		: 2691.562
cache size	: 20480 KB
physical id	: 0
siblings	: 16
core id		: 4
cpu cores	: 8
apicid		: 9
initial apicid	: 9
fpu		: yes
fpu_exception	: yes
cpuid level	: 15
wp		: yes
flags		: fpu vme de pse tsc msr pae mce cx8 apic sep mtrr pge mca cmov pat pse36 clflush dts acpi mmx fxsr sse sse2 ss ht tm pbe syscall nx pdpe1gb rdtscp lm constant_tsc arch_perfmon pebs bts rep_good nopl xtopology nonstop_tsc aperfmperf eagerfpu pni pclmulqdq dtes64 monitor ds_cpl vmx smx est tm2 ssse3 fma cx16 xtpr pdcm pcid dca sse4_1 sse4_2 x2apic movbe popcnt tsc_deadline_timer xsave avx f16c rdrand lahf_lm abm ida arat epb xsaveopt pln pts dtherm tpr_shadow vnmi flexpriority ept vpid fsgsbase tsc_adjust bmi1 avx2 smep bmi2 erms invpcid
bogomips	: 4800.03
clflush size	: 64
cache_alignment	: 64
address sizes	: 46 bits physical, 48 bits virtual
power management:

processor	: 21
vendor_id	: GenuineIntel
cpu family	: 6
model		: 63
model name	: Intel(R) Xeon(R) CPU E5-2630 v3 @ 2.40GHz
stepping	: 2
microcode	: 0x2e
cpu MHz		: 2562.187
cache size	: 20480 KB
physical id	: 0
siblings	: 16
core id		: 5
cpu cores	: 8
apicid		: 11
initial apicid	: 11
fpu		: yes
fpu_exception	: yes
cpuid level	: 15
wp		: yes
flags		: fpu vme de pse tsc msr pae mce cx8 apic sep mtrr pge mca cmov pat pse36 clflush dts acpi mmx fxsr sse sse2 ss ht tm pbe syscall nx pdpe1gb rdtscp lm constant_tsc arch_perfmon pebs bts rep_good nopl xtopology nonstop_tsc aperfmperf eagerfpu pni pclmulqdq dtes64 monitor ds_cpl vmx smx est tm2 ssse3 fma cx16 xtpr pdcm pcid dca sse4_1 sse4_2 x2apic movbe popcnt tsc_deadline_timer xsave avx f16c rdrand lahf_lm abm ida arat epb xsaveopt pln pts dtherm tpr_shadow vnmi flexpriority ept vpid fsgsbase tsc_adjust bmi1 avx2 smep bmi2 erms invpcid
bogomips	: 4800.03
clflush size	: 64
cache_alignment	: 64
address sizes	: 46 bits physical, 48 bits virtual
power management:

processor	: 22
vendor_id	: GenuineIntel
cpu family	: 6
model		: 63
model name	: Intel(R) Xeon(R) CPU E5-2630 v3 @ 2.40GHz
stepping	: 2
microcode	: 0x2e
cpu MHz		: 2400.000
cache size	: 20480 KB
physical id	: 0
siblings	: 16
core id		: 6
cpu cores	: 8
apicid		: 13
initial apicid	: 13
fpu		: yes
fpu_exception	: yes
cpuid level	: 15
wp		: yes
flags		: fpu vme de pse tsc msr pae mce cx8 apic sep mtrr pge mca cmov pat pse36 clflush dts acpi mmx fxsr sse sse2 ss ht tm pbe syscall nx pdpe1gb rdtscp lm constant_tsc arch_perfmon pebs bts rep_good nopl xtopology nonstop_tsc aperfmperf eagerfpu pni pclmulqdq dtes64 monitor ds_cpl vmx smx est tm2 ssse3 fma cx16 xtpr pdcm pcid dca sse4_1 sse4_2 x2apic movbe popcnt tsc_deadline_timer xsave avx f16c rdrand lahf_lm abm ida arat epb xsaveopt pln pts dtherm tpr_shadow vnmi flexpriority ept vpid fsgsbase tsc_adjust bmi1 avx2 smep bmi2 erms invpcid
bogomips	: 4800.03
clflush size	: 64
cache_alignment	: 64
address sizes	: 46 bits physical, 48 bits virtual
power management:

processor	: 23
vendor_id	: GenuineIntel
cpu family	: 6
model		: 63
model name	: Intel(R) Xeon(R) CPU E5-2630 v3 @ 2.40GHz
stepping	: 2
microcode	: 0x2e
cpu MHz		: 2400.000
cache size	: 20480 KB
physical id	: 0
siblings	: 16
core id		: 7
cpu cores	: 8
apicid		: 15
initial apicid	: 15
fpu		: yes
fpu_exception	: yes
cpuid level	: 15
wp		: yes
flags		: fpu vme de pse tsc msr pae mce cx8 apic sep mtrr pge mca cmov pat pse36 clflush dts acpi mmx fxsr sse sse2 ss ht tm pbe syscall nx pdpe1gb rdtscp lm constant_tsc arch_perfmon pebs bts rep_good nopl xtopology nonstop_tsc aperfmperf eagerfpu pni pclmulqdq dtes64 monitor ds_cpl vmx smx est tm2 ssse3 fma cx16 xtpr pdcm pcid dca sse4_1 sse4_2 x2apic movbe popcnt tsc_deadline_timer xsave avx f16c rdrand lahf_lm abm ida arat epb xsaveopt pln pts dtherm tpr_shadow vnmi flexpriority ept vpid fsgsbase tsc_adjust bmi1 avx2 smep bmi2 erms invpcid
bogomips	: 4800.03
clflush size	: 64
cache_alignment	: 64
address sizes	: 46 bits physical, 48 bits virtual
power management:

processor	: 24
vendor_id	: GenuineIntel
cpu family	: 6
model		: 63
model name	: Intel(R) Xeon(R) CPU E5-2630 v3 @ 2.40GHz
stepping	: 2
microcode	: 0x2e
cpu MHz		: 1496.718
cache size	: 20480 KB
physical id	: 1
siblings	: 16
core id		: 0
cpu cores	: 8
apicid		: 17
initial apicid	: 17
fpu		: yes
fpu_exception	: yes
cpuid level	: 15
wp		: yes
flags		: fpu vme de pse tsc msr pae mce cx8 apic sep mtrr pge mca cmov pat pse36 clflush dts acpi mmx fxsr sse sse2 ss ht tm pbe syscall nx pdpe1gb rdtscp lm constant_tsc arch_perfmon pebs bts rep_good nopl xtopology nonstop_tsc aperfmperf eagerfpu pni pclmulqdq dtes64 monitor ds_cpl vmx smx est tm2 ssse3 fma cx16 xtpr pdcm pcid dca sse4_1 sse4_2 x2apic movbe popcnt tsc_deadline_timer xsave avx f16c rdrand lahf_lm abm ida arat epb xsaveopt pln pts dtherm tpr_shadow vnmi flexpriority ept vpid fsgsbase tsc_adjust bmi1 avx2 smep bmi2 erms invpcid
bogomips	: 4802.38
clflush size	: 64
cache_alignment	: 64
address sizes	: 46 bits physical, 48 bits virtual
power management:

processor	: 25
vendor_id	: GenuineIntel
cpu family	: 6
model		: 63
model name	: Intel(R) Xeon(R) CPU E5-2630 v3 @ 2.40GHz
stepping	: 2
microcode	: 0x2e
cpu MHz		: 2719.500
cache size	: 20480 KB
physical id	: 1
siblings	: 16
core id		: 1
cpu cores	: 8
apicid		: 19
initial apicid	: 19
fpu		: yes
fpu_exception	: yes
cpuid level	: 15
wp		: yes
flags		: fpu vme de pse tsc msr pae mce cx8 apic sep mtrr pge mca cmov pat pse36 clflush dts acpi mmx fxsr sse sse2 ss ht tm pbe syscall nx pdpe1gb rdtscp lm constant_tsc arch_perfmon pebs bts rep_good nopl xtopology nonstop_tsc aperfmperf eagerfpu pni pclmulqdq dtes64 monitor ds_cpl vmx smx est tm2 ssse3 fma cx16 xtpr pdcm pcid dca sse4_1 sse4_2 x2apic movbe popcnt tsc_deadline_timer xsave avx f16c rdrand lahf_lm abm ida arat epb xsaveopt pln pts dtherm tpr_shadow vnmi flexpriority ept vpid fsgsbase tsc_adjust bmi1 avx2 smep bmi2 erms invpcid
bogomips	: 4802.38
clflush size	: 64
cache_alignment	: 64
address sizes	: 46 bits physical, 48 bits virtual
power management:

processor	: 26
vendor_id	: GenuineIntel
cpu family	: 6
model		: 63
model name	: Intel(R) Xeon(R) CPU E5-2630 v3 @ 2.40GHz
stepping	: 2
microcode	: 0x2e
cpu MHz		: 2752.031
cache size	: 20480 KB
physical id	: 1
siblings	: 16
core id		: 2
cpu cores	: 8
apicid		: 21
initial apicid	: 21
fpu		: yes
fpu_exception	: yes
cpuid level	: 15
wp		: yes
flags		: fpu vme de pse tsc msr pae mce cx8 apic sep mtrr pge mca cmov pat pse36 clflush dts acpi mmx fxsr sse sse2 ss ht tm pbe syscall nx pdpe1gb rdtscp lm constant_tsc arch_perfmon pebs bts rep_good nopl xtopology nonstop_tsc aperfmperf eagerfpu pni pclmulqdq dtes64 monitor ds_cpl vmx smx est tm2 ssse3 fma cx16 xtpr pdcm pcid dca sse4_1 sse4_2 x2apic movbe popcnt tsc_deadline_timer xsave avx f16c rdrand lahf_lm abm ida arat epb xsaveopt pln pts dtherm tpr_shadow vnmi flexpriority ept vpid fsgsbase tsc_adjust bmi1 avx2 smep bmi2 erms invpcid
bogomips	: 4802.38
clflush size	: 64
cache_alignment	: 64
address sizes	: 46 bits physical, 48 bits virtual
power management:

processor	: 27
vendor_id	: GenuineIntel
cpu family	: 6
model		: 63
model name	: Intel(R) Xeon(R) CPU E5-2630 v3 @ 2.40GHz
stepping	: 2
microcode	: 0x2e
cpu MHz		: 1777.312
cache size	: 20480 KB
physical id	: 1
siblings	: 16
core id		: 3
cpu cores	: 8
apicid		: 23
initial apicid	: 23
fpu		: yes
fpu_exception	: yes
cpuid level	: 15
wp		: yes
flags		: fpu vme de pse tsc msr pae mce cx8 apic sep mtrr pge mca cmov pat pse36 clflush dts acpi mmx fxsr sse sse2 ss ht tm pbe syscall nx pdpe1gb rdtscp lm constant_tsc arch_perfmon pebs bts rep_good nopl xtopology nonstop_tsc aperfmperf eagerfpu pni pclmulqdq dtes64 monitor ds_cpl vmx smx est tm2 ssse3 fma cx16 xtpr pdcm pcid dca sse4_1 sse4_2 x2apic movbe popcnt tsc_deadline_timer xsave avx f16c rdrand lahf_lm abm ida arat epb xsaveopt pln pts dtherm tpr_shadow vnmi flexpriority ept vpid fsgsbase tsc_adjust bmi1 avx2 smep bmi2 erms invpcid
bogomips	: 4802.38
clflush size	: 64
cache_alignment	: 64
address sizes	: 46 bits physical, 48 bits virtual
power management:

processor	: 28
vendor_id	: GenuineIntel
cpu family	: 6
model		: 63
model name	: Intel(R) Xeon(R) CPU E5-2630 v3 @ 2.40GHz
stepping	: 2
microcode	: 0x2e
cpu MHz		: 2598.843
cache size	: 20480 KB
physical id	: 1
siblings	: 16
core id		: 4
cpu cores	: 8
apicid		: 25
initial apicid	: 25
fpu		: yes
fpu_exception	: yes
cpuid level	: 15
wp		: yes
flags		: fpu vme de pse tsc msr pae mce cx8 apic sep mtrr pge mca cmov pat pse36 clflush dts acpi mmx fxsr sse sse2 ss ht tm pbe syscall nx pdpe1gb rdtscp lm constant_tsc arch_perfmon pebs bts rep_good nopl xtopology nonstop_tsc aperfmperf eagerfpu pni pclmulqdq dtes64 monitor ds_cpl vmx smx est tm2 ssse3 fma cx16 xtpr pdcm pcid dca sse4_1 sse4_2 x2apic movbe popcnt tsc_deadline_timer xsave avx f16c rdrand lahf_lm abm ida arat epb xsaveopt pln pts dtherm tpr_shadow vnmi flexpriority ept vpid fsgsbase tsc_adjust bmi1 avx2 smep bmi2 erms invpcid
bogomips	: 4802.38
clflush size	: 64
cache_alignment	: 64
address sizes	: 46 bits physical, 48 bits virtual
power management:

processor	: 29
vendor_id	: GenuineIntel
cpu family	: 6
model		: 63
model name	: Intel(R) Xeon(R) CPU E5-2630 v3 @ 2.40GHz
stepping	: 2
microcode	: 0x2e
cpu MHz		: 2769.562
cache size	: 20480 KB
physical id	: 1
siblings	: 16
core id		: 5
cpu cores	: 8
apicid		: 27
initial apicid	: 27
fpu		: yes
fpu_exception	: yes
cpuid level	: 15
wp		: yes
flags		: fpu vme de pse tsc msr pae mce cx8 apic sep mtrr pge mca cmov pat pse36 clflush dts acpi mmx fxsr sse sse2 ss ht tm pbe syscall nx pdpe1gb rdtscp lm constant_tsc arch_perfmon pebs bts rep_good nopl xtopology nonstop_tsc aperfmperf eagerfpu pni pclmulqdq dtes64 monitor ds_cpl vmx smx est tm2 ssse3 fma cx16 xtpr pdcm pcid dca sse4_1 sse4_2 x2apic movbe popcnt tsc_deadline_timer xsave avx f16c rdrand lahf_lm abm ida arat epb xsaveopt pln pts dtherm tpr_shadow vnmi flexpriority ept vpid fsgsbase tsc_adjust bmi1 avx2 smep bmi2 erms invpcid
bogomips	: 4802.38
clflush size	: 64
cache_alignment	: 64
address sizes	: 46 bits physical, 48 bits virtual
power management:

processor	: 30
vendor_id	: GenuineIntel
cpu family	: 6
model		: 63
model name	: Intel(R) Xeon(R) CPU E5-2630 v3 @ 2.40GHz
stepping	: 2
microcode	: 0x2e
cpu MHz		: 1899.750
cache size	: 20480 KB
physical id	: 1
siblings	: 16
core id		: 6
cpu cores	: 8
apicid		: 29
initial apicid	: 29
fpu		: yes
fpu_exception	: yes
cpuid level	: 15
wp		: yes
flags		: fpu vme de pse tsc msr pae mce cx8 apic sep mtrr pge mca cmov pat pse36 clflush dts acpi mmx fxsr sse sse2 ss ht tm pbe syscall nx pdpe1gb rdtscp lm constant_tsc arch_perfmon pebs bts rep_good nopl xtopology nonstop_tsc aperfmperf eagerfpu pni pclmulqdq dtes64 monitor ds_cpl vmx smx est tm2 ssse3 fma cx16 xtpr pdcm pcid dca sse4_1 sse4_2 x2apic movbe popcnt tsc_deadline_timer xsave avx f16c rdrand lahf_lm abm ida arat epb xsaveopt pln pts dtherm tpr_shadow vnmi flexpriority ept vpid fsgsbase tsc_adjust bmi1 avx2 smep bmi2 erms invpcid
bogomips	: 4802.38
clflush size	: 64
cache_alignment	: 64
address sizes	: 46 bits physical, 48 bits virtual
power management:

processor	: 31
vendor_id	: GenuineIntel
cpu family	: 6
model		: 63
model name	: Intel(R) Xeon(R) CPU E5-2630 v3 @ 2.40GHz
stepping	: 2
microcode	: 0x2e
cpu MHz		: 2620.218
cache size	: 20480 KB
physical id	: 1
siblings	: 16
core id		: 7
cpu cores	: 8
apicid		: 31
initial apicid	: 31
fpu		: yes
fpu_exception	: yes
cpuid level	: 15
wp		: yes
flags		: fpu vme de pse tsc msr pae mce cx8 apic sep mtrr pge mca cmov pat pse36 clflush dts acpi mmx fxsr sse sse2 ss ht tm pbe syscall nx pdpe1gb rdtscp lm constant_tsc arch_perfmon pebs bts rep_good nopl xtopology nonstop_tsc aperfmperf eagerfpu pni pclmulqdq dtes64 monitor ds_cpl vmx smx est tm2 ssse3 fma cx16 xtpr pdcm pcid dca sse4_1 sse4_2 x2apic movbe popcnt tsc_deadline_timer xsave avx f16c rdrand lahf_lm abm ida arat epb xsaveopt pln pts dtherm tpr_shadow vnmi flexpriority ept vpid fsgsbase tsc_adjust bmi1 avx2 smep bmi2 erms invpcid
bogomips	: 4802.38
clflush size	: 64
cache_alignment	: 64
address sizes	: 46 bits physical, 48 bits virtual
power management:



Memory: 4k page, physical 65866796k(12165080k free), swap 0k(0k free)

vm_info: Java HotSpot(TM) 64-Bit Server VM (25.66-b17) for linux-amd64 JRE (1.8.0_66-b17), built on Oct  6 2015 17:28:34 by "java_re" with gcc 4.3.0 20080428 (Red Hat 4.3.0-8)

time: Tue Jan 19 20:14:39 2016
elapsed time: 3 seconds (0d 0h 0m 3s)

