#
# There is insufficient memory for the Java Runtime Environment to continue.
# Native memory allocation (mmap) failed to map 1343750144 bytes for committing reserved memory.
# Possible reasons:
#   The system is out of physical RAM or swap space
#   In 32 bit mode, the process size limit was hit
# Possible solutions:
#   Reduce memory load on the system
#   Increase physical memory or swap space
#   Check if swap backing store is full
#   Use 64 bit Java on a 64 bit OS
#   Decrease Java heap size (-Xmx/-Xms)
#   Decrease number of Java threads
#   Decrease Java thread stack sizes (-Xss)
#   Set larger code cache with -XX:ReservedCodeCacheSize=
# This output file may be truncated or incomplete.
#
#  Out of Memory Error (os_linux.cpp:2627), pid=1038, tid=140346469975808
#
# JRE version: Java(TM) SE Runtime Environment (8.0_66-b17) (build 1.8.0_66-b17)
# Java VM: Java HotSpot(TM) 64-Bit Server VM (25.66-b17 mixed mode linux-amd64 compressed oops)
# Failed to write core dump. Core dumps have been disabled. To enable core dumping, try "ulimit -c unlimited" before starting Java again
#

---------------  T H R E A D  ---------------

Current thread (0x00007fa55009e800):  VMThread [stack: 0x00007fa4f56d0000,0x00007fa4f57d1000] [id=1063]

Stack: [0x00007fa4f56d0000,0x00007fa4f57d1000],  sp=0x00007fa4f57cf260,  free space=1020k
Native frames: (J=compiled Java code, j=interpreted, Vv=VM code, C=native code)
V  [libjvm.so+0xab9a1a]  VMError::report_and_die()+0x2ba
V  [libjvm.so+0x4f9e0b]  report_vm_out_of_memory(char const*, int, unsigned long, VMErrorType, char const*)+0x8b
V  [libjvm.so+0x91a8a3]  os::Linux::commit_memory_impl(char*, unsigned long, bool)+0x103
V  [libjvm.so+0x91adf9]  os::pd_commit_memory(char*, unsigned long, unsigned long, bool)+0x29
V  [libjvm.so+0x91510a]  os::commit_memory(char*, unsigned long, unsigned long, bool)+0x2a
V  [libjvm.so+0x9887a3]  PSVirtualSpace::expand_by(unsigned long)+0x53
V  [libjvm.so+0x989ba8]  PSYoungGen::resize_generation(unsigned long, unsigned long)+0xf8
V  [libjvm.so+0x988d02]  PSYoungGen::resize(unsigned long, unsigned long)+0x22
V  [libjvm.so+0x985fdb]  PSScavenge::invoke_no_policy()+0xf3b
V  [libjvm.so+0x986761]  PSScavenge::invoke()+0x41
V  [libjvm.so+0x93e500]  ParallelScavengeHeap::failed_mem_allocate(unsigned long)+0x70
V  [libjvm.so+0xabb437]  VM_ParallelGCFailedAllocation::doit()+0x97
V  [libjvm.so+0xac2e65]  VM_Operation::evaluate()+0x55
V  [libjvm.so+0xac123a]  VMThread::evaluate_operation(VM_Operation*)+0xba
V  [libjvm.so+0xac15be]  VMThread::loop()+0x1ce
V  [libjvm.so+0xac1a30]  VMThread::run()+0x70
V  [libjvm.so+0x91cc68]  java_start(Thread*)+0x108

VM_Operation (0x00007fa557d08de0): ParallelGCFailedAllocation, mode: safepoint, requested by thread 0x00007fa55000a000


---------------  P R O C E S S  ---------------

Java Threads: ( => current thread )
  0x00007fa55010a800 JavaThread "Service Thread" daemon [_thread_blocked, id=1082, stack(0x00007fa4f40f4000,0x00007fa4f41f5000)]
  0x00007fa550105800 JavaThread "C1 CompilerThread14" daemon [_thread_blocked, id=1081, stack(0x00007fa4f41f5000,0x00007fa4f42f6000)]
  0x00007fa550104000 JavaThread "C1 CompilerThread13" daemon [_thread_blocked, id=1080, stack(0x00007fa4f42f6000,0x00007fa4f43f7000)]
  0x00007fa550101800 JavaThread "C1 CompilerThread12" daemon [_thread_blocked, id=1079, stack(0x00007fa4f43f7000,0x00007fa4f44f8000)]
  0x00007fa5500ff800 JavaThread "C1 CompilerThread11" daemon [_thread_blocked, id=1078, stack(0x00007fa4f44f8000,0x00007fa4f45f9000)]
  0x00007fa5500fd800 JavaThread "C1 CompilerThread10" daemon [_thread_blocked, id=1077, stack(0x00007fa4f45f9000,0x00007fa4f46fa000)]
  0x00007fa5500fb000 JavaThread "C2 CompilerThread9" daemon [_thread_blocked, id=1076, stack(0x00007fa4f46fa000,0x00007fa4f47fb000)]
  0x00007fa5500f9000 JavaThread "C2 CompilerThread8" daemon [_thread_blocked, id=1075, stack(0x00007fa4f47fb000,0x00007fa4f48fc000)]
  0x00007fa5500f7000 JavaThread "C2 CompilerThread7" daemon [_thread_blocked, id=1074, stack(0x00007fa4f48fc000,0x00007fa4f49fd000)]
  0x00007fa5500f5000 JavaThread "C2 CompilerThread6" daemon [_thread_blocked, id=1073, stack(0x00007fa4f49fd000,0x00007fa4f4afe000)]
  0x00007fa5500f3000 JavaThread "C2 CompilerThread5" daemon [_thread_blocked, id=1072, stack(0x00007fa4f4afe000,0x00007fa4f4bff000)]
  0x00007fa5500e8800 JavaThread "C2 CompilerThread4" daemon [_thread_blocked, id=1071, stack(0x00007fa4f4bff000,0x00007fa4f4d00000)]
  0x00007fa5500e6800 JavaThread "C2 CompilerThread3" daemon [_thread_blocked, id=1070, stack(0x00007fa4f4d00000,0x00007fa4f4e01000)]
  0x00007fa5500e4800 JavaThread "C2 CompilerThread2" daemon [_thread_blocked, id=1069, stack(0x00007fa4f4e01000,0x00007fa4f4f02000)]
  0x00007fa5500e2800 JavaThread "C2 CompilerThread1" daemon [_thread_blocked, id=1068, stack(0x00007fa4f4f02000,0x00007fa4f5003000)]
  0x00007fa5500df800 JavaThread "C2 CompilerThread0" daemon [_thread_blocked, id=1067, stack(0x00007fa4f5003000,0x00007fa4f5104000)]
  0x00007fa5500de000 JavaThread "Signal Dispatcher" daemon [_thread_blocked, id=1066, stack(0x00007fa4f5104000,0x00007fa4f5205000)]
  0x00007fa5500a6000 JavaThread "Finalizer" daemon [_thread_blocked, id=1065, stack(0x00007fa4f54ce000,0x00007fa4f55cf000)]
  0x00007fa5500a4000 JavaThread "Reference Handler" daemon [_thread_blocked, id=1064, stack(0x00007fa4f55cf000,0x00007fa4f56d0000)]
  0x00007fa55000a000 JavaThread "main" [_thread_blocked, id=1039, stack(0x00007fa557c0a000,0x00007fa557d0b000)]

Other Threads:
=>0x00007fa55009e800 VMThread [stack: 0x00007fa4f56d0000,0x00007fa4f57d1000] [id=1063]
  0x00007fa55010d800 WatcherThread [stack: 0x00007fa4efeff000,0x00007fa4f0000000] [id=1083]

VM state:at safepoint (normal execution)

VM Mutex/Monitor currently owned by a thread:  ([mutex/lock_event])
[0x00007fa550006710] Threads_lock - owner thread: 0x00007fa55009e800
[0x00007fa550006c10] Heap_lock - owner thread: 0x00007fa55000a000

Heap:
 PSYoungGen      total 4150272K, used 911K [0x0000000670f80000, 0x000000076fe80000, 0x00000007c0000000)
  eden space 4126208K, 0% used [0x0000000670f80000,0x0000000670f80000,0x000000076cd00000)
  from space 24064K, 3% used [0x000000076cd00000,0x000000076cde3d88,0x000000076e480000)
  to   space 21504K, 0% used [0x000000076e480000,0x000000076e480000,0x000000076f980000)
 ParOldGen       total 687104K, used 16362K [0x00000003d2e00000, 0x00000003fcd00000, 0x0000000670f80000)
  object space 687104K, 2% used [0x00000003d2e00000,0x00000003d3dfa8d8,0x00000003fcd00000)
 Metaspace       used 5564K, capacity 5700K, committed 5888K, reserved 1056768K
  class space    used 596K, capacity 668K, committed 768K, reserved 1048576K

Card table byte_map: [0x00007fa53f096000,0x00007fa541000000] byte_map_base: 0x00007fa53d1ff000

Marking Bits: (ParMarkBitMap*) 0x00007fa5570d8020
 Begin Bits: [0x00007fa4a0970000, 0x00007fa4b04b8000)
 End Bits:   [0x00007fa4b04b8000, 0x00007fa4c0000000)

Polling page: 0x00007fa557d1f000

CodeCache: size=245760Kb used=6757Kb max_used=6769Kb free=239002Kb
 bounds [0x00007fa541000000, 0x00007fa5416b0000, 0x00007fa550000000]
 total_blobs=1393 nmethods=1091 adapters=212
 compilation: enabled

Compilation events (10 events):
Event: 13.757 Thread 0x00007fa5500e4800 1087       4       java.util.Arrays::fill (23 bytes)
Event: 13.761 Thread 0x00007fa5500e4800 nmethod 1087 0x00007fa541670b10 code [0x00007fa541670c60, 0x00007fa541670d98]
Event: 13.950 Thread 0x00007fa5500e6800 1088       4       java.lang.AbstractStringBuilder::expandCapacity (50 bytes)
Event: 13.957 Thread 0x00007fa5500e6800 nmethod 1088 0x00007fa54167ff10 code [0x00007fa541680060, 0x00007fa5416802f8]
Event: 16.151 Thread 0x00007fa5500e8800 1089       4       edu.stanford.nlp.sentiment.SentimentModel::totalParamSize (53 bytes)
Event: 16.152 Thread 0x00007fa5500e8800 nmethod 1089 0x00007fa541688d10 code [0x00007fa541688e60, 0x00007fa541688f18]
Event: 19.077 Thread 0x00007fa5500f9000 1090       4       java.lang.StringBuilder::toString (17 bytes)
Event: 19.085 Thread 0x00007fa5500f9000 nmethod 1090 0x00007fa5416956d0 code [0x00007fa541695840, 0x00007fa541695bb8]
Event: 20.392 Thread 0x00007fa5500df800 1091       4       java.lang.StringBuilder::<init> (7 bytes)
Event: 20.394 Thread 0x00007fa5500df800 nmethod 1091 0x00007fa54168c310 code [0x00007fa54168c460, 0x00007fa54168c558]

GC Heap History (10 events):
Event: 3.011 GC heap after
Heap after GC invocations=4 (full 0):
 PSYoungGen      total 1074688K, used 17336K [0x0000000670f80000, 0x00000006b5280000, 0x00000007c0000000)
  eden space 1032192K, 0% used [0x0000000670f80000,0x0000000670f80000,0x00000006aff80000)
  from space 42496K, 40% used [0x00000006b2900000,0x00000006b39ee2a8,0x00000006b5280000)
  to   space 42496K, 0% used [0x00000006aff80000,0x00000006aff80000,0x00000006b2900000)
 ParOldGen       total 687104K, used 24K [0x00000003d2e00000, 0x00000003fcd00000, 0x0000000670f80000)
  object space 687104K, 0% used [0x00000003d2e00000,0x00000003d2e06000,0x00000003fcd00000)
 Metaspace       used 5541K, capacity 5684K, committed 5888K, reserved 1056768K
  class space    used 595K, capacity 668K, committed 768K, reserved 1048576K
}
Event: 4.687 GC heap before
{Heap before GC invocations=5 (full 0):
 PSYoungGen      total 1074688K, used 1049528K [0x0000000670f80000, 0x00000006b5280000, 0x00000007c0000000)
  eden space 1032192K, 100% used [0x0000000670f80000,0x00000006aff80000,0x00000006aff80000)
  from space 42496K, 40% used [0x00000006b2900000,0x00000006b39ee2a8,0x00000006b5280000)
  to   space 42496K, 0% used [0x00000006aff80000,0x00000006aff80000,0x00000006b2900000)
 ParOldGen       total 687104K, used 24K [0x00000003d2e00000, 0x00000003fcd00000, 0x0000000670f80000)
  object space 687104K, 0% used [0x00000003d2e00000,0x00000003d2e06000,0x00000003fcd00000)
 Metaspace       used 5563K, capacity 5700K, committed 5888K, reserved 1056768K
  class space    used 595K, capacity 668K, committed 768K, reserved 1048576K
Event: 4.738 GC heap after
Heap after GC invocations=5 (full 0):
 PSYoungGen      total 1074688K, used 17304K [0x0000000670f80000, 0x00000006f1380000, 0x00000007c0000000)
  eden space 1032192K, 0% used [0x0000000670f80000,0x0000000670f80000,0x00000006aff80000)
  from space 42496K, 40% used [0x00000006aff80000,0x00000006b10662a8,0x00000006b2900000)
  to   space 18432K, 0% used [0x00000006f0180000,0x00000006f0180000,0x00000006f1380000)
 ParOldGen       total 687104K, used 32K [0x00000003d2e00000, 0x00000003fcd00000, 0x0000000670f80000)
  object space 687104K, 0% used [0x00000003d2e00000,0x00000003d2e08000,0x00000003fcd00000)
 Metaspace       used 5563K, capacity 5700K, committed 5888K, reserved 1056768K
  class space    used 595K, capacity 668K, committed 768K, reserved 1048576K
}
Event: 5.795 GC heap before
{Heap before GC invocations=6 (full 0):
 PSYoungGen      total 1074688K, used 1049496K [0x0000000670f80000, 0x00000006f1380000, 0x00000007c0000000)
  eden space 1032192K, 100% used [0x0000000670f80000,0x00000006aff80000,0x00000006aff80000)
  from space 42496K, 40% used [0x00000006aff80000,0x00000006b10662a8,0x00000006b2900000)
  to   space 18432K, 0% used [0x00000006f0180000,0x00000006f0180000,0x00000006f1380000)
 ParOldGen       total 687104K, used 32K [0x00000003d2e00000, 0x00000003fcd00000, 0x0000000670f80000)
  object space 687104K, 0% used [0x00000003d2e00000,0x00000003d2e08000,0x00000003fcd00000)
 Metaspace       used 5563K, capacity 5700K, committed 5888K, reserved 1056768K
  class space    used 595K, capacity 668K, committed 768K, reserved 1048576K
Event: 5.849 GC heap after
Heap after GC invocations=6 (full 0):
 PSYoungGen      total 2082816K, used 17208K [0x0000000670f80000, 0x00000006f1380000, 0x00000007c0000000)
  eden space 2064384K, 0% used [0x0000000670f80000,0x0000000670f80000,0x00000006eef80000)
  from space 18432K, 93% used [0x00000006f0180000,0x00000006f124e2a8,0x00000006f1380000)
  to   space 18432K, 0% used [0x00000006eef80000,0x00000006eef80000,0x00000006f0180000)
 ParOldGen       total 687104K, used 40K [0x00000003d2e00000, 0x00000003fcd00000, 0x0000000670f80000)
  object space 687104K, 0% used [0x00000003d2e00000,0x00000003d2e0a000,0x00000003fcd00000)
 Metaspace       used 5563K, capacity 5700K, committed 5888K, reserved 1056768K
  class space    used 595K, capacity 668K, committed 768K, reserved 1048576K
}
Event: 9.222 GC heap before
{Heap before GC invocations=7 (full 0):
 PSYoungGen      total 2082816K, used 2081592K [0x0000000670f80000, 0x00000006f1380000, 0x00000007c0000000)
  eden space 2064384K, 100% used [0x0000000670f80000,0x00000006eef80000,0x00000006eef80000)
  from space 18432K, 93% used [0x00000006f0180000,0x00000006f124e2a8,0x00000006f1380000)
  to   space 18432K, 0% used [0x00000006eef80000,0x00000006eef80000,0x00000006f0180000)
 ParOldGen       total 687104K, used 40K [0x00000003d2e00000, 0x00000003fcd00000, 0x0000000670f80000)
  object space 687104K, 0% used [0x00000003d2e00000,0x00000003d2e0a000,0x00000003fcd00000)
 Metaspace       used 5564K, capacity 5700K, committed 5888K, reserved 1056768K
  class space    used 595K, capacity 668K, committed 768K, reserved 1048576K
Event: 9.299 GC heap after
Heap after GC invocations=7 (full 0):
 PSYoungGen      total 2082816K, used 911K [0x0000000670f80000, 0x000000076f980000, 0x00000007c0000000)
  eden space 2064384K, 0% used [0x0000000670f80000,0x0000000670f80000,0x00000006eef80000)
  from space 18432K, 4% used [0x00000006eef80000,0x00000006ef063d88,0x00000006f0180000)
  to   space 21504K, 0% used [0x000000076e480000,0x000000076e480000,0x000000076f980000)
 ParOldGen       total 687104K, used 16346K [0x00000003d2e00000, 0x00000003fcd00000, 0x0000000670f80000)
  object space 687104K, 2% used [0x00000003d2e00000,0x00000003d3df68d8,0x00000003fcd00000)
 Metaspace       used 5564K, capacity 5700K, committed 5888K, reserved 1056768K
  class space    used 595K, capacity 668K, committed 768K, reserved 1048576K
}
Event: 11.811 GC heap before
{Heap before GC invocations=8 (full 0):
 PSYoungGen      total 2082816K, used 2065295K [0x0000000670f80000, 0x000000076f980000, 0x00000007c0000000)
  eden space 2064384K, 100% used [0x0000000670f80000,0x00000006eef80000,0x00000006eef80000)
  from space 18432K, 4% used [0x00000006eef80000,0x00000006ef063d88,0x00000006f0180000)
  to   space 21504K, 0% used [0x000000076e480000,0x000000076e480000,0x000000076f980000)
 ParOldGen       total 687104K, used 16346K [0x00000003d2e00000, 0x00000003fcd00000, 0x0000000670f80000)
  object space 687104K, 2% used [0x00000003d2e00000,0x00000003d3df68d8,0x00000003fcd00000)
 Metaspace       used 5564K, capacity 5700K, committed 5888K, reserved 1056768K
  class space    used 595K, capacity 668K, committed 768K, reserved 1048576K
Event: 11.855 GC heap after
Heap after GC invocations=8 (full 0):
 PSYoungGen      total 4147712K, used 225K [0x0000000670f80000, 0x000000076fe80000, 0x00000007c0000000)
  eden space 4126208K, 0% used [0x0000000670f80000,0x0000000670f80000,0x000000076cd00000)
  from space 21504K, 1% used [0x000000076e480000,0x000000076e4b8590,0x000000076f980000)
  to   space 24064K, 0% used [0x000000076cd00000,0x000000076cd00000,0x000000076e480000)
 ParOldGen       total 687104K, used 16362K [0x00000003d2e00000, 0x00000003fcd00000, 0x0000000670f80000)
  object space 687104K, 2% used [0x00000003d2e00000,0x00000003d3dfa8d8,0x00000003fcd00000)
 Metaspace       used 5564K, capacity 5700K, committed 5888K, reserved 1056768K
  class space    used 595K, capacity 668K, committed 768K, reserved 1048576K
}
Event: 20.637 GC heap before
{Heap before GC invocations=9 (full 0):
 PSYoungGen      total 4147712K, used 4126433K [0x0000000670f80000, 0x000000076fe80000, 0x00000007c0000000)
  eden space 4126208K, 100% used [0x0000000670f80000,0x000000076cd00000,0x000000076cd00000)
  from space 21504K, 1% used [0x000000076e480000,0x000000076e4b8590,0x000000076f980000)
  to   space 24064K, 0% used [0x000000076cd00000,0x000000076cd00000,0x000000076e480000)
 ParOldGen       total 687104K, used 16362K [0x00000003d2e00000, 0x00000003fcd00000, 0x0000000670f80000)
  object space 687104K, 2% used [0x00000003d2e00000,0x00000003d3dfa8d8,0x00000003fcd00000)
 Metaspace       used 5564K, capacity 5700K, committed 5888K, reserved 1056768K
  class space    used 596K, capacity 668K, committed 768K, reserved 1048576K

Deoptimization events (10 events):
Event: 0.316 Thread 0x00007fa55000a000 Uncommon trap: reason=unstable_if action=reinterpret pc=0x00007fa5414350e0 method=java.util.regex.Pattern$Slice.match(Ljava/util/regex/Matcher;ILjava/lang/CharSequence;)Z @ 54
Event: 0.316 Thread 0x00007fa55000a000 Uncommon trap: reason=unstable_if action=reinterpret pc=0x00007fa54142eb90 method=java.util.regex.Matcher.search(I)Z @ 91
Event: 0.391 Thread 0x00007fa55000a000 Uncommon trap: reason=null_check action=make_not_entrant pc=0x00007fa54146119c method=edu.stanford.nlp.ling.CoreLabel.setWord(Ljava/lang/String;)V @ 24
Event: 0.507 Thread 0x00007fa55000a000 Uncommon trap: reason=unstable_if action=reinterpret pc=0x00007fa54144eb2c method=java.util.regex.Pattern$Slice.match(Ljava/util/regex/Matcher;ILjava/lang/CharSequence;)Z @ 54
Event: 0.508 Thread 0x00007fa55000a000 Uncommon trap: reason=unstable_if action=reinterpret pc=0x00007fa541447b04 method=java.util.regex.Pattern$Slice.match(Ljava/util/regex/Matcher;ILjava/lang/CharSequence;)Z @ 54
Event: 0.516 Thread 0x00007fa55000a000 Uncommon trap: reason=unstable_if action=reinterpret pc=0x00007fa541476a60 method=java.io.StreamTokenizer.nextToken()I @ 217
Event: 0.516 Thread 0x00007fa55000a000 Uncommon trap: reason=unstable_if action=reinterpret pc=0x00007fa541445514 method=edu.stanford.nlp.process.AbstractTokenizer.hasNext()Z @ 19
Event: 0.549 Thread 0x00007fa55000a000 Uncommon trap: reason=unstable_if action=reinterpret pc=0x00007fa54149ae7c method=java.util.ArrayList$Itr.hasNext()Z @ 11
Event: 0.550 Thread 0x00007fa55000a000 Uncommon trap: reason=unstable_if action=reinterpret pc=0x00007fa54144937c method=edu.stanford.nlp.process.AbstractTokenizer.peek()Ljava/lang/Object; @ 4
Event: 0.653 Thread 0x00007fa55000a000 Uncommon trap: reason=unstable_if action=reinterpret pc=0x00007fa5414e7238 method=java.util.TreeMap.put(Ljava/lang/Object;Ljava/lang/Object;)Ljava/lang/Object; @ 6

Internal exceptions (10 events):
Event: 0.112 Thread 0x00007fa55000a000 Exception <a 'java/security/PrivilegedActionException'> (0x0000000671003100) thrown at [/HUDSON/workspace/8-2-build-linux-amd64/jdk8u66/4988/hotspot/src/share/vm/prims/jvm.cpp, line 1386]
Event: 0.112 Thread 0x00007fa55000a000 Exception <a 'java/security/PrivilegedActionException'> (0x0000000671003310) thrown at [/HUDSON/workspace/8-2-build-linux-amd64/jdk8u66/4988/hotspot/src/share/vm/prims/jvm.cpp, line 1386]
Event: 0.126 Thread 0x00007fa55000a000 Exception <a 'java/security/PrivilegedActionException'> (0x0000000671037f10) thrown at [/HUDSON/workspace/8-2-build-linux-amd64/jdk8u66/4988/hotspot/src/share/vm/prims/jvm.cpp, line 1386]
Event: 0.126 Thread 0x00007fa55000a000 Exception <a 'java/security/PrivilegedActionException'> (0x0000000671038120) thrown at [/HUDSON/workspace/8-2-build-linux-amd64/jdk8u66/4988/hotspot/src/share/vm/prims/jvm.cpp, line 1386]
Event: 0.126 Thread 0x00007fa55000a000 Exception <a 'java/security/PrivilegedActionException'> (0x000000067103a748) thrown at [/HUDSON/workspace/8-2-build-linux-amd64/jdk8u66/4988/hotspot/src/share/vm/prims/jvm.cpp, line 1386]
Event: 0.126 Thread 0x00007fa55000a000 Exception <a 'java/security/PrivilegedActionException'> (0x000000067103a958) thrown at [/HUDSON/workspace/8-2-build-linux-amd64/jdk8u66/4988/hotspot/src/share/vm/prims/jvm.cpp, line 1386]
Event: 0.227 Thread 0x00007fa55000a000 Exception <a 'java/lang/NoSuchFieldError': method resolution failed> (0x000000067117a598) thrown at [/HUDSON/workspace/8-2-build-linux-amd64/jdk8u66/4988/hotspot/src/share/vm/prims/methodHandles.cpp, line 1146]
Event: 0.229 Thread 0x00007fa55000a000 Exception <a 'java/lang/NoSuchFieldError': method resolution failed> (0x0000000671187968) thrown at [/HUDSON/workspace/8-2-build-linux-amd64/jdk8u66/4988/hotspot/src/share/vm/prims/methodHandles.cpp, line 1146]
Event: 0.266 Thread 0x00007fa55000a000 Implicit null exception at 0x00007fa5413eb422 to 0x00007fa5413eb621
Event: 0.391 Thread 0x00007fa55000a000 Implicit null exception at 0x00007fa541460a10 to 0x00007fa541461191

Events (10 events):
Event: 5.849 Executing VM operation: ParallelGCFailedAllocation done
Event: 9.222 Executing VM operation: ParallelGCFailedAllocation
Event: 9.299 Executing VM operation: ParallelGCFailedAllocation done
Event: 11.811 Executing VM operation: ParallelGCFailedAllocation
Event: 11.855 Executing VM operation: ParallelGCFailedAllocation done
Event: 11.979 loading class java/util/AbstractList$1
Event: 11.979 loading class java/util/AbstractList$1 done
Event: 13.756 Thread 0x00007fa55000a000 DEOPT PACKING pc=0x00007fa541689295 sp=0x00007fa557d09720
Event: 13.756 Thread 0x00007fa55000a000 DEOPT UNPACKING pc=0x00007fa541047633 sp=0x00007fa557d09460 mode 0
Event: 20.637 Executing VM operation: ParallelGCFailedAllocation


Dynamic libraries:
00400000-00401000 r-xp 00000000 08:01 37750333                           /usr/lib/jvm/java-8-oracle/jre/bin/java
00600000-00601000 rw-p 00000000 08:01 37750333                           /usr/lib/jvm/java-8-oracle/jre/bin/java
00f71000-00f92000 rw-p 00000000 00:00 0                                  [heap]
3d2e00000-3fcd00000 rw-p 00000000 00:00 0 
3fcd00000-670f80000 ---p 00000000 00:00 0 
670f80000-76fe80000 rw-p 00000000 00:00 0 
7c0000000-7c00c0000 rw-p 00000000 00:00 0 
7c00c0000-800000000 ---p 00000000 00:00 0 
7fa444000000-7fa444021000 rw-p 00000000 00:00 0 
7fa444021000-7fa448000000 ---p 00000000 00:00 0 
7fa44c000000-7fa44c0a0000 rw-p 00000000 00:00 0 
7fa44c0a0000-7fa450000000 ---p 00000000 00:00 0 
7fa450000000-7fa450021000 rw-p 00000000 00:00 0 
7fa450021000-7fa454000000 ---p 00000000 00:00 0 
7fa454000000-7fa4540a1000 rw-p 00000000 00:00 0 
7fa4540a1000-7fa458000000 ---p 00000000 00:00 0 
7fa458000000-7fa45812a000 rw-p 00000000 00:00 0 
7fa45812a000-7fa45c000000 ---p 00000000 00:00 0 
7fa45c000000-7fa45c0f4000 rw-p 00000000 00:00 0 
7fa45c0f4000-7fa460000000 ---p 00000000 00:00 0 
7fa460000000-7fa4600e0000 rw-p 00000000 00:00 0 
7fa4600e0000-7fa464000000 ---p 00000000 00:00 0 
7fa464000000-7fa464427000 rw-p 00000000 00:00 0 
7fa464427000-7fa468000000 ---p 00000000 00:00 0 
7fa468000000-7fa46869c000 rw-p 00000000 00:00 0 
7fa46869c000-7fa46c000000 ---p 00000000 00:00 0 
7fa46c000000-7fa46c46f000 rw-p 00000000 00:00 0 
7fa46c46f000-7fa470000000 ---p 00000000 00:00 0 
7fa470000000-7fa47023f000 rw-p 00000000 00:00 0 
7fa47023f000-7fa474000000 ---p 00000000 00:00 0 
7fa474000000-7fa474245000 rw-p 00000000 00:00 0 
7fa474245000-7fa478000000 ---p 00000000 00:00 0 
7fa47c000000-7fa47c955000 rw-p 00000000 00:00 0 
7fa47c955000-7fa480000000 ---p 00000000 00:00 0 
7fa480000000-7fa480e5b000 rw-p 00000000 00:00 0 
7fa480e5b000-7fa484000000 ---p 00000000 00:00 0 
7fa484000000-7fa4842f4000 rw-p 00000000 00:00 0 
7fa4842f4000-7fa488000000 ---p 00000000 00:00 0 
7fa48c000000-7fa48c5b4000 rw-p 00000000 00:00 0 
7fa48c5b4000-7fa490000000 ---p 00000000 00:00 0 
7fa490000000-7fa490c2f000 rw-p 00000000 00:00 0 
7fa490c2f000-7fa494000000 ---p 00000000 00:00 0 
7fa494000000-7fa494021000 rw-p 00000000 00:00 0 
7fa494021000-7fa498000000 ---p 00000000 00:00 0 
7fa498000000-7fa498021000 rw-p 00000000 00:00 0 
7fa498021000-7fa49c000000 ---p 00000000 00:00 0 
7fa49c000000-7fa49c021000 rw-p 00000000 00:00 0 
7fa49c021000-7fa4a0000000 ---p 00000000 00:00 0 
7fa4a0970000-7fa4c0000000 rw-p 00000000 00:00 0 
7fa4c0000000-7fa4c0021000 rw-p 00000000 00:00 0 
7fa4c0021000-7fa4c4000000 ---p 00000000 00:00 0 
7fa4c4000000-7fa4c428c000 rw-p 00000000 00:00 0 
7fa4c428c000-7fa4c8000000 ---p 00000000 00:00 0 
7fa4c8000000-7fa4c8021000 rw-p 00000000 00:00 0 
7fa4c8021000-7fa4cc000000 ---p 00000000 00:00 0 
7fa4d0000000-7fa4d0021000 rw-p 00000000 00:00 0 
7fa4d0021000-7fa4d4000000 ---p 00000000 00:00 0 
7fa4d8000000-7fa4d8021000 rw-p 00000000 00:00 0 
7fa4d8021000-7fa4dc000000 ---p 00000000 00:00 0 
7fa4e0000000-7fa4e0021000 rw-p 00000000 00:00 0 
7fa4e0021000-7fa4e4000000 ---p 00000000 00:00 0 
7fa4e8000000-7fa4e8021000 rw-p 00000000 00:00 0 
7fa4e8021000-7fa4ec000000 ---p 00000000 00:00 0 
7fa4efeff000-7fa4eff00000 ---p 00000000 00:00 0 
7fa4eff00000-7fa4f0000000 rw-p 00000000 00:00 0                          [stack:1083]
7fa4f0000000-7fa4f0021000 rw-p 00000000 00:00 0 
7fa4f0021000-7fa4f4000000 ---p 00000000 00:00 0 
7fa4f40ca000-7fa4f40f4000 r--s 00248000 08:01 14550120                   /home/xliang/CoreNLP_copy/lib/lucene-core-4.10.3.jar
7fa4f40f4000-7fa4f40f7000 ---p 00000000 00:00 0 
7fa4f40f7000-7fa4f41f5000 rw-p 00000000 00:00 0                          [stack:1082]
7fa4f41f5000-7fa4f41f8000 ---p 00000000 00:00 0 
7fa4f41f8000-7fa4f42f6000 rw-p 00000000 00:00 0                          [stack:1081]
7fa4f42f6000-7fa4f42f9000 ---p 00000000 00:00 0 
7fa4f42f9000-7fa4f43f7000 rw-p 00000000 00:00 0                          [stack:1080]
7fa4f43f7000-7fa4f43fa000 ---p 00000000 00:00 0 
7fa4f43fa000-7fa4f44f8000 rw-p 00000000 00:00 0                          [stack:1079]
7fa4f44f8000-7fa4f44fb000 ---p 00000000 00:00 0 
7fa4f44fb000-7fa4f45f9000 rw-p 00000000 00:00 0                          [stack:1078]
7fa4f45f9000-7fa4f45fc000 ---p 00000000 00:00 0 
7fa4f45fc000-7fa4f46fa000 rw-p 00000000 00:00 0                          [stack:1077]
7fa4f46fa000-7fa4f46fd000 ---p 00000000 00:00 0 
7fa4f46fd000-7fa4f47fb000 rw-p 00000000 00:00 0                          [stack:1076]
7fa4f47fb000-7fa4f47fe000 ---p 00000000 00:00 0 
7fa4f47fe000-7fa4f48fc000 rw-p 00000000 00:00 0                          [stack:1075]
7fa4f48fc000-7fa4f48ff000 ---p 00000000 00:00 0 
7fa4f48ff000-7fa4f49fd000 rw-p 00000000 00:00 0                          [stack:1074]
7fa4f49fd000-7fa4f4a00000 ---p 00000000 00:00 0 
7fa4f4a00000-7fa4f4afe000 rw-p 00000000 00:00 0                          [stack:1073]
7fa4f4afe000-7fa4f4b01000 ---p 00000000 00:00 0 
7fa4f4b01000-7fa4f4bff000 rw-p 00000000 00:00 0                          [stack:1072]
7fa4f4bff000-7fa4f4c02000 ---p 00000000 00:00 0 
7fa4f4c02000-7fa4f4d00000 rw-p 00000000 00:00 0                          [stack:1071]
7fa4f4d00000-7fa4f4d03000 ---p 00000000 00:00 0 
7fa4f4d03000-7fa4f4e01000 rw-p 00000000 00:00 0                          [stack:1070]
7fa4f4e01000-7fa4f4e04000 ---p 00000000 00:00 0 
7fa4f4e04000-7fa4f4f02000 rw-p 00000000 00:00 0                          [stack:1069]
7fa4f4f02000-7fa4f4f05000 ---p 00000000 00:00 0 
7fa4f4f05000-7fa4f5003000 rw-p 00000000 00:00 0                          [stack:1068]
7fa4f5003000-7fa4f5006000 ---p 00000000 00:00 0 
7fa4f5006000-7fa4f5104000 rw-p 00000000 00:00 0                          [stack:1067]
7fa4f5104000-7fa4f5107000 ---p 00000000 00:00 0 
7fa4f5107000-7fa4f5205000 rw-p 00000000 00:00 0                          [stack:1066]
7fa4f5205000-7fa4f54ce000 r--p 00000000 08:01 35918287                   /usr/lib/locale/locale-archive
7fa4f54ce000-7fa4f54d1000 ---p 00000000 00:00 0 
7fa4f54d1000-7fa4f55cf000 rw-p 00000000 00:00 0                          [stack:1065]
7fa4f55cf000-7fa4f55d2000 ---p 00000000 00:00 0 
7fa4f55d2000-7fa4f56d0000 rw-p 00000000 00:00 0                          [stack:1064]
7fa4f56d0000-7fa4f56d1000 ---p 00000000 00:00 0 
7fa4f56d1000-7fa4f8000000 rw-p 00000000 00:00 0                          [stack:1063]
7fa4f8000000-7fa4f8021000 rw-p 00000000 00:00 0 
7fa4f8021000-7fa4fc000000 ---p 00000000 00:00 0 
7fa4fc000000-7fa4fc021000 rw-p 00000000 00:00 0 
7fa4fc021000-7fa500000000 ---p 00000000 00:00 0 
7fa500000000-7fa500021000 rw-p 00000000 00:00 0 
7fa500021000-7fa504000000 ---p 00000000 00:00 0 
7fa504000000-7fa504021000 rw-p 00000000 00:00 0 
7fa504021000-7fa508000000 ---p 00000000 00:00 0 
7fa508000000-7fa508021000 rw-p 00000000 00:00 0 
7fa508021000-7fa50c000000 ---p 00000000 00:00 0 
7fa50c000000-7fa50c021000 rw-p 00000000 00:00 0 
7fa50c021000-7fa510000000 ---p 00000000 00:00 0 
7fa510000000-7fa510021000 rw-p 00000000 00:00 0 
7fa510021000-7fa514000000 ---p 00000000 00:00 0 
7fa514000000-7fa514021000 rw-p 00000000 00:00 0 
7fa514021000-7fa518000000 ---p 00000000 00:00 0 
7fa518000000-7fa518021000 rw-p 00000000 00:00 0 
7fa518021000-7fa51c000000 ---p 00000000 00:00 0 
7fa51c00d000-7fa520000000 rw-p 00000000 00:00 0 
7fa520000000-7fa520021000 rw-p 00000000 00:00 0 
7fa520021000-7fa524000000 ---p 00000000 00:00 0 
7fa524000000-7fa524021000 rw-p 00000000 00:00 0 
7fa524021000-7fa528000000 ---p 00000000 00:00 0 
7fa528000000-7fa528021000 rw-p 00000000 00:00 0 
7fa528021000-7fa52c000000 ---p 00000000 00:00 0 
7fa52c000000-7fa52c021000 rw-p 00000000 00:00 0 
7fa52c021000-7fa530000000 ---p 00000000 00:00 0 
7fa530000000-7fa530021000 rw-p 00000000 00:00 0 
7fa530021000-7fa534000000 ---p 00000000 00:00 0 
7fa534000000-7fa534021000 rw-p 00000000 00:00 0 
7fa534021000-7fa538000000 ---p 00000000 00:00 0 
7fa538000000-7fa538021000 rw-p 00000000 00:00 0 
7fa538021000-7fa53c000000 ---p 00000000 00:00 0 
7fa53c01e000-7fa53c283000 rw-p 00000000 00:00 0 
7fa53c283000-7fa53c45c000 r--s 03d20000 08:01 37750523                   /usr/lib/jvm/java-8-oracle/jre/lib/rt.jar
7fa53c45c000-7fa53c95c000 rw-p 00000000 00:00 0 
7fa53c95c000-7fa53cc5c000 ---p 00000000 00:00 0 
7fa53cc5c000-7fa53cd97000 rw-p 00000000 00:00 0 
7fa53cd97000-7fa53cd98000 ---p 00000000 00:00 0 
7fa53cd98000-7fa53ce98000 rw-p 00000000 00:00 0                          [stack:1062]
7fa53ce98000-7fa53ce99000 ---p 00000000 00:00 0 
7fa53ce99000-7fa53cf99000 rw-p 00000000 00:00 0                          [stack:1061]
7fa53cf99000-7fa53cf9a000 ---p 00000000 00:00 0 
7fa53cf9a000-7fa53d09a000 rw-p 00000000 00:00 0                          [stack:1060]
7fa53d09a000-7fa53d09b000 ---p 00000000 00:00 0 
7fa53d09b000-7fa53d19b000 rw-p 00000000 00:00 0                          [stack:1059]
7fa53d19b000-7fa53d19c000 ---p 00000000 00:00 0 
7fa53d19c000-7fa53d29c000 rw-p 00000000 00:00 0                          [stack:1058]
7fa53d29c000-7fa53d29d000 ---p 00000000 00:00 0 
7fa53d29d000-7fa53d39d000 rw-p 00000000 00:00 0                          [stack:1057]
7fa53d39d000-7fa53d39e000 ---p 00000000 00:00 0 
7fa53d39e000-7fa53d49e000 rw-p 00000000 00:00 0                          [stack:1056]
7fa53d49e000-7fa53d49f000 ---p 00000000 00:00 0 
7fa53d49f000-7fa53d59f000 rw-p 00000000 00:00 0                          [stack:1055]
7fa53d59f000-7fa53d5a0000 ---p 00000000 00:00 0 
7fa53d5a0000-7fa53d6a0000 rw-p 00000000 00:00 0                          [stack:1054]
7fa53d6a0000-7fa53d6a1000 ---p 00000000 00:00 0 
7fa53d6a1000-7fa53d7a1000 rw-p 00000000 00:00 0                          [stack:1053]
7fa53d7a1000-7fa53d7a2000 ---p 00000000 00:00 0 
7fa53d7a2000-7fa53d8a2000 rw-p 00000000 00:00 0                          [stack:1052]
7fa53d8a2000-7fa53d8a3000 ---p 00000000 00:00 0 
7fa53d8a3000-7fa53d9a3000 rw-p 00000000 00:00 0                          [stack:1051]
7fa53d9a3000-7fa53d9a4000 ---p 00000000 00:00 0 
7fa53d9a4000-7fa53daa4000 rw-p 00000000 00:00 0                          [stack:1050]
7fa53daa4000-7fa53daa5000 ---p 00000000 00:00 0 
7fa53daa5000-7fa53dcf5000 rw-p 00000000 00:00 0                          [stack:1049]
7fa53dcf5000-7fa53f096000 ---p 00000000 00:00 0 
7fa53f096000-7fa53f1e6000 rw-p 00000000 00:00 0 
7fa53f1e6000-7fa540586000 ---p 00000000 00:00 0 
7fa540586000-7fa540d7f000 rw-p 00000000 00:00 0 
7fa540d7f000-7fa540fff000 ---p 00000000 00:00 0 
7fa540fff000-7fa541000000 rw-p 00000000 00:00 0 
7fa541000000-7fa5416b0000 rwxp 00000000 00:00 0 
7fa5416b0000-7fa550000000 ---p 00000000 00:00 0 
7fa550000000-7fa550453000 rw-p 00000000 00:00 0 
7fa550453000-7fa554000000 ---p 00000000 00:00 0 
7fa554008000-7fa5540c0000 rw-p 00000000 00:00 0 
7fa5540c0000-7fa5540c1000 ---p 00000000 00:00 0 
7fa5540c1000-7fa5541c1000 rw-p 00000000 00:00 0                          [stack:1048]
7fa5541c1000-7fa5541c2000 ---p 00000000 00:00 0 
7fa5541c2000-7fa5542c2000 rw-p 00000000 00:00 0                          [stack:1047]
7fa5542c2000-7fa5542c3000 ---p 00000000 00:00 0 
7fa5542c3000-7fa5543c3000 rw-p 00000000 00:00 0                          [stack:1046]
7fa5543c3000-7fa5543c4000 ---p 00000000 00:00 0 
7fa5543c4000-7fa5544c4000 rw-p 00000000 00:00 0                          [stack:1045]
7fa5544c4000-7fa5544c5000 ---p 00000000 00:00 0 
7fa5544c5000-7fa5545c5000 rw-p 00000000 00:00 0                          [stack:1044]
7fa5545c5000-7fa5545c6000 ---p 00000000 00:00 0 
7fa5545c6000-7fa5546c6000 rw-p 00000000 00:00 0                          [stack:1043]
7fa5546c6000-7fa5546c7000 ---p 00000000 00:00 0 
7fa5546c7000-7fa5547c7000 rw-p 00000000 00:00 0                          [stack:1042]
7fa5547c7000-7fa5547c8000 ---p 00000000 00:00 0 
7fa5547c8000-7fa5548c8000 rw-p 00000000 00:00 0                          [stack:1041]
7fa5548c8000-7fa5548c9000 ---p 00000000 00:00 0 
7fa5548c9000-7fa5549e4000 rw-p 00000000 00:00 0                          [stack:1040]
7fa5549e4000-7fa554d89000 ---p 00000000 00:00 0 
7fa554d89000-7fa554da3000 r-xp 00000000 08:01 37750402                   /usr/lib/jvm/java-8-oracle/jre/lib/amd64/libzip.so
7fa554da3000-7fa554fa3000 ---p 0001a000 08:01 37750402                   /usr/lib/jvm/java-8-oracle/jre/lib/amd64/libzip.so
7fa554fa3000-7fa554fa4000 rw-p 0001a000 08:01 37750402                   /usr/lib/jvm/java-8-oracle/jre/lib/amd64/libzip.so
7fa554fa4000-7fa554faf000 r-xp 00000000 08:01 42471079                   /lib/x86_64-linux-gnu/libnss_files-2.19.so
7fa554faf000-7fa5551ae000 ---p 0000b000 08:01 42471079                   /lib/x86_64-linux-gnu/libnss_files-2.19.so
7fa5551ae000-7fa5551af000 r--p 0000a000 08:01 42471079                   /lib/x86_64-linux-gnu/libnss_files-2.19.so
7fa5551af000-7fa5551b0000 rw-p 0000b000 08:01 42471079                   /lib/x86_64-linux-gnu/libnss_files-2.19.so
7fa5551b0000-7fa5551bb000 r-xp 00000000 08:01 42471099                   /lib/x86_64-linux-gnu/libnss_nis-2.19.so
7fa5551bb000-7fa5553ba000 ---p 0000b000 08:01 42471099                   /lib/x86_64-linux-gnu/libnss_nis-2.19.so
7fa5553ba000-7fa5553bb000 r--p 0000a000 08:01 42471099                   /lib/x86_64-linux-gnu/libnss_nis-2.19.so
7fa5553bb000-7fa5553bc000 rw-p 0000b000 08:01 42471099                   /lib/x86_64-linux-gnu/libnss_nis-2.19.so
7fa5553bc000-7fa5553d3000 r-xp 00000000 08:01 42471088                   /lib/x86_64-linux-gnu/libnsl-2.19.so
7fa5553d3000-7fa5555d2000 ---p 00017000 08:01 42471088                   /lib/x86_64-linux-gnu/libnsl-2.19.so
7fa5555d2000-7fa5555d3000 r--p 00016000 08:01 42471088                   /lib/x86_64-linux-gnu/libnsl-2.19.so
7fa5555d3000-7fa5555d4000 rw-p 00017000 08:01 42471088                   /lib/x86_64-linux-gnu/libnsl-2.19.so
7fa5555d4000-7fa5555d6000 rw-p 00000000 00:00 0 
7fa5555d6000-7fa5555df000 r-xp 00000000 08:01 42471087                   /lib/x86_64-linux-gnu/libnss_compat-2.19.so
7fa5555df000-7fa5557de000 ---p 00009000 08:01 42471087                   /lib/x86_64-linux-gnu/libnss_compat-2.19.so
7fa5557de000-7fa5557df000 r--p 00008000 08:01 42471087                   /lib/x86_64-linux-gnu/libnss_compat-2.19.so
7fa5557df000-7fa5557e0000 rw-p 00009000 08:01 42471087                   /lib/x86_64-linux-gnu/libnss_compat-2.19.so
7fa5557e0000-7fa55580a000 r-xp 00000000 08:01 37750420                   /usr/lib/jvm/java-8-oracle/jre/lib/amd64/libjava.so
7fa55580a000-7fa555a0a000 ---p 0002a000 08:01 37750420                   /usr/lib/jvm/java-8-oracle/jre/lib/amd64/libjava.so
7fa555a0a000-7fa555a0c000 rw-p 0002a000 08:01 37750420                   /usr/lib/jvm/java-8-oracle/jre/lib/amd64/libjava.so
7fa555a0c000-7fa555a19000 r-xp 00000000 08:01 37750415                   /usr/lib/jvm/java-8-oracle/jre/lib/amd64/libverify.so
7fa555a19000-7fa555c19000 ---p 0000d000 08:01 37750415                   /usr/lib/jvm/java-8-oracle/jre/lib/amd64/libverify.so
7fa555c19000-7fa555c1b000 rw-p 0000d000 08:01 37750415                   /usr/lib/jvm/java-8-oracle/jre/lib/amd64/libverify.so
7fa555c1b000-7fa555c22000 r-xp 00000000 08:01 42471096                   /lib/x86_64-linux-gnu/librt-2.19.so
7fa555c22000-7fa555e21000 ---p 00007000 08:01 42471096                   /lib/x86_64-linux-gnu/librt-2.19.so
7fa555e21000-7fa555e22000 r--p 00006000 08:01 42471096                   /lib/x86_64-linux-gnu/librt-2.19.so
7fa555e22000-7fa555e23000 rw-p 00007000 08:01 42471096                   /lib/x86_64-linux-gnu/librt-2.19.so
7fa555e23000-7fa555f28000 r-xp 00000000 08:01 42471078                   /lib/x86_64-linux-gnu/libm-2.19.so
7fa555f28000-7fa556127000 ---p 00105000 08:01 42471078                   /lib/x86_64-linux-gnu/libm-2.19.so
7fa556127000-7fa556128000 r--p 00104000 08:01 42471078                   /lib/x86_64-linux-gnu/libm-2.19.so
7fa556128000-7fa556129000 rw-p 00105000 08:01 42471078                   /lib/x86_64-linux-gnu/libm-2.19.so
7fa556129000-7fa556de7000 r-xp 00000000 08:01 37750412                   /usr/lib/jvm/java-8-oracle/jre/lib/amd64/server/libjvm.so
7fa556de7000-7fa556fe6000 ---p 00cbe000 08:01 37750412                   /usr/lib/jvm/java-8-oracle/jre/lib/amd64/server/libjvm.so
7fa556fe6000-7fa5570bf000 rw-p 00cbd000 08:01 37750412                   /usr/lib/jvm/java-8-oracle/jre/lib/amd64/server/libjvm.so
7fa5570bf000-7fa557103000 rw-p 00000000 00:00 0 
7fa557103000-7fa5572be000 r-xp 00000000 08:01 42471093                   /lib/x86_64-linux-gnu/libc-2.19.so
7fa5572be000-7fa5574bd000 ---p 001bb000 08:01 42471093                   /lib/x86_64-linux-gnu/libc-2.19.so
7fa5574bd000-7fa5574c1000 r--p 001ba000 08:01 42471093                   /lib/x86_64-linux-gnu/libc-2.19.so
7fa5574c1000-7fa5574c3000 rw-p 001be000 08:01 42471093                   /lib/x86_64-linux-gnu/libc-2.19.so
7fa5574c3000-7fa5574c8000 rw-p 00000000 00:00 0 
7fa5574c8000-7fa5574cb000 r-xp 00000000 08:01 42471082                   /lib/x86_64-linux-gnu/libdl-2.19.so
7fa5574cb000-7fa5576ca000 ---p 00003000 08:01 42471082                   /lib/x86_64-linux-gnu/libdl-2.19.so
7fa5576ca000-7fa5576cb000 r--p 00002000 08:01 42471082                   /lib/x86_64-linux-gnu/libdl-2.19.so
7fa5576cb000-7fa5576cc000 rw-p 00003000 08:01 42471082                   /lib/x86_64-linux-gnu/libdl-2.19.so
7fa5576cc000-7fa5576e1000 r-xp 00000000 08:01 37750376                   /usr/lib/jvm/java-8-oracle/jre/lib/amd64/jli/libjli.so
7fa5576e1000-7fa5578e1000 ---p 00015000 08:01 37750376                   /usr/lib/jvm/java-8-oracle/jre/lib/amd64/jli/libjli.so
7fa5578e1000-7fa5578e2000 rw-p 00015000 08:01 37750376                   /usr/lib/jvm/java-8-oracle/jre/lib/amd64/jli/libjli.so
7fa5578e2000-7fa5578fb000 r-xp 00000000 08:01 42471094                   /lib/x86_64-linux-gnu/libpthread-2.19.so
7fa5578fb000-7fa557afa000 ---p 00019000 08:01 42471094                   /lib/x86_64-linux-gnu/libpthread-2.19.so
7fa557afa000-7fa557afb000 r--p 00018000 08:01 42471094                   /lib/x86_64-linux-gnu/libpthread-2.19.so
7fa557afb000-7fa557afc000 rw-p 00019000 08:01 42471094                   /lib/x86_64-linux-gnu/libpthread-2.19.so
7fa557afc000-7fa557b00000 rw-p 00000000 00:00 0 
7fa557b00000-7fa557b23000 r-xp 00000000 08:01 42471090                   /lib/x86_64-linux-gnu/ld-2.19.so
7fa557b32000-7fa557b33000 rw-p 00000000 00:00 0 
7fa557b33000-7fa557b38000 r--s 0002f000 08:01 14550109                   /home/xliang/CoreNLP_copy/lib/ejml-0.23.jar
7fa557b38000-7fa557c0a000 rw-p 00000000 00:00 0 
7fa557c0a000-7fa557c0d000 ---p 00000000 00:00 0 
7fa557c0d000-7fa557d0f000 rw-p 00000000 00:00 0                          [stack:1039]
7fa557d0f000-7fa557d14000 r--s 00032000 08:01 14550105                   /home/xliang/CoreNLP_copy/lib/ant-contrib-1.0b3.jar
7fa557d14000-7fa557d16000 r--s 00005000 08:01 14550125                   /home/xliang/CoreNLP_copy/lib/slf4j-api.jar
7fa557d16000-7fa557d1e000 rw-s 00000000 08:01 89672277                   /tmp/hsperfdata_xliang/1038
7fa557d1e000-7fa557d1f000 rw-p 00000000 00:00 0 
7fa557d1f000-7fa557d20000 ---p 00000000 00:00 0 
7fa557d20000-7fa557d22000 rw-p 00000000 00:00 0 
7fa557d22000-7fa557d23000 r--p 00022000 08:01 42471090                   /lib/x86_64-linux-gnu/ld-2.19.so
7fa557d23000-7fa557d24000 rw-p 00023000 08:01 42471090                   /lib/x86_64-linux-gnu/ld-2.19.so
7fa557d24000-7fa557d25000 rw-p 00000000 00:00 0 
7fff3e4e6000-7fff3e507000 rw-p 00000000 00:00 0                          [stack]
7fff3e572000-7fff3e574000 r-xp 00000000 00:00 0                          [vdso]
7fff3e574000-7fff3e576000 r--p 00000000 00:00 0                          [vvar]
ffffffffff600000-ffffffffff601000 r-xp 00000000 00:00 0                  [vsyscall]

VM Arguments:
java_command: edu.stanford.nlp.sentiment.SentimentTraining -numHid 6 -trainPath myData/simplify/simp_train.txt -devPath myData/simplify/simp_dev.txt -train -model myModels/simp_hid6_re5/simp_hid6_re5.ser.gz
java_class_path (initial): jre/lib/jfxswt.jar:jre/lib/jce.jar:jre/lib/rt.jar:jre/lib/jsse.jar:jre/lib/javaws.jar:jre/lib/management-agent.jar:jre/lib/jfr.jar:jre/lib/resources.jar:jre/lib/plugin.jar:jre/lib/charsets.jar:jre/lib/deploy.jar:jre/lib/ext/sunec.jar:jre/lib/ext/nashorn.jar:jre/lib/ext/localedata.jar:jre/lib/ext/cldrdata.jar:jre/lib/ext/jfxrt.jar:jre/lib/ext/sunpkcs11.jar:jre/lib/ext/sunjce_provider.jar:jre/lib/ext/dnsns.jar:jre/lib/ext/jaccess.jar:jre/lib/ext/zipfs.jar:build/classes/main:build/resources/main:lib/lucene-core-4.10.3.jar:lib/slf4j-api.jar:lib/ant-contrib-1.0b3.jar:lib/ejml-0.23.jar:lib/lucene-analyzers-common-4.10.3.jar:lib/joda-time.jar:lib/xom-1.2.10.jar:lib/commons-logging.jar:lib/jollyday-0.4.7.jar:lib/AppleJavaExtensions.jar:lib/javax.json.jar:lib/protobuf.jar:lib/jflex-1.5.1.jar:lib/lucene-queryparser-4.10.3.jar:lib/lucene-demo-4.10.3.jar:lib/jgrapht-core-0.9.1.jar:lib/lucene-queries-4.10.3.jar:lib/appbundler-1.0.jar:lib/junit.jar:lib/log4j-1.2.16.jar:lib/javax.servlet.jar:lib/javacc.jar:lib/slf4j-simple.jar:lib/commons-lang3-3.1.jar
Launcher Type: SUN_STANDARD

Environment Variables:
PATH=/usr/local/sbin:/usr/local/bin:/usr/sbin:/usr/bin:/sbin:/bin:/usr/games:/usr/local/games
SHELL=/bin/sh

Signal Handlers:
SIGSEGV: [libjvm.so+0xaba2a0], sa_mask[0]=11111111011111111101111111111110, sa_flags=SA_RESTART|SA_SIGINFO
SIGBUS: [libjvm.so+0xaba2a0], sa_mask[0]=11111111011111111101111111111110, sa_flags=SA_RESTART|SA_SIGINFO
SIGFPE: [libjvm.so+0x917710], sa_mask[0]=11111111011111111101111111111110, sa_flags=SA_RESTART|SA_SIGINFO
SIGPIPE: [libjvm.so+0x917710], sa_mask[0]=11111111011111111101111111111110, sa_flags=SA_RESTART|SA_SIGINFO
SIGXFSZ: [libjvm.so+0x917710], sa_mask[0]=11111111011111111101111111111110, sa_flags=SA_RESTART|SA_SIGINFO
SIGILL: [libjvm.so+0x917710], sa_mask[0]=11111111011111111101111111111110, sa_flags=SA_RESTART|SA_SIGINFO
SIGUSR1: SIG_DFL, sa_mask[0]=00000000000000000000000000000000, sa_flags=none
SIGUSR2: [libjvm.so+0x918d40], sa_mask[0]=00000000000000000000000000000000, sa_flags=SA_RESTART|SA_SIGINFO
SIGHUP: [libjvm.so+0x91a140], sa_mask[0]=11111111011111111101111111111110, sa_flags=SA_RESTART|SA_SIGINFO
SIGINT: [libjvm.so+0x91a140], sa_mask[0]=11111111011111111101111111111110, sa_flags=SA_RESTART|SA_SIGINFO
SIGTERM: [libjvm.so+0x91a140], sa_mask[0]=11111111011111111101111111111110, sa_flags=SA_RESTART|SA_SIGINFO
SIGQUIT: [libjvm.so+0x91a140], sa_mask[0]=11111111011111111101111111111110, sa_flags=SA_RESTART|SA_SIGINFO


---------------  S Y S T E M  ---------------

OS:DISTRIB_ID=Ubuntu
DISTRIB_RELEASE=14.04
DISTRIB_CODENAME=trusty
DISTRIB_DESCRIPTION="Ubuntu 14.04.3 LTS"

uname:Linux 3.16.0-30-generic #40~14.04.1-Ubuntu SMP Thu Jan 15 17:43:14 UTC 2015 x86_64
libc:glibc 2.19 NPTL 2.19 
rlimit: STACK 8192k, CORE 0k, NPROC 257189, NOFILE 4096, AS infinity
load average:9.85 9.11 8.10

/proc/meminfo:
MemTotal:       65866796 kB
MemFree:          460760 kB
MemAvailable:     491808 kB
Buffers:           15496 kB
Cached:            81788 kB
SwapCached:            0 kB
Active:         64400896 kB
Inactive:          51420 kB
Active(anon):   64355628 kB
Inactive(anon):     1328 kB
Active(file):      45268 kB
Inactive(file):    50092 kB
Unevictable:           0 kB
Mlocked:               0 kB
SwapTotal:             0 kB
SwapFree:              0 kB
Dirty:               464 kB
Writeback:             0 kB
AnonPages:      64368100 kB
Mapped:            31680 kB
Shmem:              1652 kB
Slab:             298896 kB
SReclaimable:     191984 kB
SUnreclaim:       106912 kB
KernelStack:       21248 kB
PageTables:       150780 kB
NFS_Unstable:          0 kB
Bounce:                0 kB
WritebackTmp:          0 kB
CommitLimit:    32933396 kB
Committed_AS:   76626280 kB
VmallocTotal:   34359738367 kB
VmallocUsed:      392988 kB
VmallocChunk:   34325237892 kB
HardwareCorrupted:     0 kB
AnonHugePages:  22521856 kB
HugePages_Total:       0
HugePages_Free:        0
HugePages_Rsvd:        0
HugePages_Surp:        0
Hugepagesize:       2048 kB
DirectMap4k:      218432 kB
DirectMap2M:    29032448 kB
DirectMap1G:    39845888 kB


CPU:total 32 (8 cores per cpu, 2 threads per core) family 6 model 63 stepping 2, cmov, cx8, fxsr, mmx, sse, sse2, sse3, ssse3, sse4.1, sse4.2, popcnt, avx, avx2, clmul, erms, lzcnt, ht, tsc, tscinvbit, bmi1, bmi2

/proc/cpuinfo:
processor	: 0
vendor_id	: GenuineIntel
cpu family	: 6
model		: 63
model name	: Intel(R) Xeon(R) CPU E5-2630 v3 @ 2.40GHz
stepping	: 2
microcode	: 0x2e
cpu MHz		: 2772.937
cache size	: 20480 KB
physical id	: 0
siblings	: 16
core id		: 0
cpu cores	: 8
apicid		: 0
initial apicid	: 0
fpu		: yes
fpu_exception	: yes
cpuid level	: 15
wp		: yes
flags		: fpu vme de pse tsc msr pae mce cx8 apic sep mtrr pge mca cmov pat pse36 clflush dts acpi mmx fxsr sse sse2 ss ht tm pbe syscall nx pdpe1gb rdtscp lm constant_tsc arch_perfmon pebs bts rep_good nopl xtopology nonstop_tsc aperfmperf eagerfpu pni pclmulqdq dtes64 monitor ds_cpl vmx smx est tm2 ssse3 fma cx16 xtpr pdcm pcid dca sse4_1 sse4_2 x2apic movbe popcnt tsc_deadline_timer xsave avx f16c rdrand lahf_lm abm ida arat epb xsaveopt pln pts dtherm tpr_shadow vnmi flexpriority ept vpid fsgsbase tsc_adjust bmi1 avx2 smep bmi2 erms invpcid
bogomips	: 4800.03
clflush size	: 64
cache_alignment	: 64
address sizes	: 46 bits physical, 48 bits virtual
power management:

processor	: 1
vendor_id	: GenuineIntel
cpu family	: 6
model		: 63
model name	: Intel(R) Xeon(R) CPU E5-2630 v3 @ 2.40GHz
stepping	: 2
microcode	: 0x2e
cpu MHz		: 1513.125
cache size	: 20480 KB
physical id	: 0
siblings	: 16
core id		: 1
cpu cores	: 8
apicid		: 2
initial apicid	: 2
fpu		: yes
fpu_exception	: yes
cpuid level	: 15
wp		: yes
flags		: fpu vme de pse tsc msr pae mce cx8 apic sep mtrr pge mca cmov pat pse36 clflush dts acpi mmx fxsr sse sse2 ss ht tm pbe syscall nx pdpe1gb rdtscp lm constant_tsc arch_perfmon pebs bts rep_good nopl xtopology nonstop_tsc aperfmperf eagerfpu pni pclmulqdq dtes64 monitor ds_cpl vmx smx est tm2 ssse3 fma cx16 xtpr pdcm pcid dca sse4_1 sse4_2 x2apic movbe popcnt tsc_deadline_timer xsave avx f16c rdrand lahf_lm abm ida arat epb xsaveopt pln pts dtherm tpr_shadow vnmi flexpriority ept vpid fsgsbase tsc_adjust bmi1 avx2 smep bmi2 erms invpcid
bogomips	: 4800.03
clflush size	: 64
cache_alignment	: 64
address sizes	: 46 bits physical, 48 bits virtual
power management:

processor	: 2
vendor_id	: GenuineIntel
cpu family	: 6
model		: 63
model name	: Intel(R) Xeon(R) CPU E5-2630 v3 @ 2.40GHz
stepping	: 2
microcode	: 0x2e
cpu MHz		: 1481.062
cache size	: 20480 KB
physical id	: 0
siblings	: 16
core id		: 2
cpu cores	: 8
apicid		: 4
initial apicid	: 4
fpu		: yes
fpu_exception	: yes
cpuid level	: 15
wp		: yes
flags		: fpu vme de pse tsc msr pae mce cx8 apic sep mtrr pge mca cmov pat pse36 clflush dts acpi mmx fxsr sse sse2 ss ht tm pbe syscall nx pdpe1gb rdtscp lm constant_tsc arch_perfmon pebs bts rep_good nopl xtopology nonstop_tsc aperfmperf eagerfpu pni pclmulqdq dtes64 monitor ds_cpl vmx smx est tm2 ssse3 fma cx16 xtpr pdcm pcid dca sse4_1 sse4_2 x2apic movbe popcnt tsc_deadline_timer xsave avx f16c rdrand lahf_lm abm ida arat epb xsaveopt pln pts dtherm tpr_shadow vnmi flexpriority ept vpid fsgsbase tsc_adjust bmi1 avx2 smep bmi2 erms invpcid
bogomips	: 4800.03
clflush size	: 64
cache_alignment	: 64
address sizes	: 46 bits physical, 48 bits virtual
power management:

processor	: 3
vendor_id	: GenuineIntel
cpu family	: 6
model		: 63
model name	: Intel(R) Xeon(R) CPU E5-2630 v3 @ 2.40GHz
stepping	: 2
microcode	: 0x2e
cpu MHz		: 2742.468
cache size	: 20480 KB
physical id	: 0
siblings	: 16
core id		: 3
cpu cores	: 8
apicid		: 6
initial apicid	: 6
fpu		: yes
fpu_exception	: yes
cpuid level	: 15
wp		: yes
flags		: fpu vme de pse tsc msr pae mce cx8 apic sep mtrr pge mca cmov pat pse36 clflush dts acpi mmx fxsr sse sse2 ss ht tm pbe syscall nx pdpe1gb rdtscp lm constant_tsc arch_perfmon pebs bts rep_good nopl xtopology nonstop_tsc aperfmperf eagerfpu pni pclmulqdq dtes64 monitor ds_cpl vmx smx est tm2 ssse3 fma cx16 xtpr pdcm pcid dca sse4_1 sse4_2 x2apic movbe popcnt tsc_deadline_timer xsave avx f16c rdrand lahf_lm abm ida arat epb xsaveopt pln pts dtherm tpr_shadow vnmi flexpriority ept vpid fsgsbase tsc_adjust bmi1 avx2 smep bmi2 erms invpcid
bogomips	: 4800.03
clflush size	: 64
cache_alignment	: 64
address sizes	: 46 bits physical, 48 bits virtual
power management:

processor	: 4
vendor_id	: GenuineIntel
cpu family	: 6
model		: 63
model name	: Intel(R) Xeon(R) CPU E5-2630 v3 @ 2.40GHz
stepping	: 2
microcode	: 0x2e
cpu MHz		: 2599.968
cache size	: 20480 KB
physical id	: 0
siblings	: 16
core id		: 4
cpu cores	: 8
apicid		: 8
initial apicid	: 8
fpu		: yes
fpu_exception	: yes
cpuid level	: 15
wp		: yes
flags		: fpu vme de pse tsc msr pae mce cx8 apic sep mtrr pge mca cmov pat pse36 clflush dts acpi mmx fxsr sse sse2 ss ht tm pbe syscall nx pdpe1gb rdtscp lm constant_tsc arch_perfmon pebs bts rep_good nopl xtopology nonstop_tsc aperfmperf eagerfpu pni pclmulqdq dtes64 monitor ds_cpl vmx smx est tm2 ssse3 fma cx16 xtpr pdcm pcid dca sse4_1 sse4_2 x2apic movbe popcnt tsc_deadline_timer xsave avx f16c rdrand lahf_lm abm ida arat epb xsaveopt pln pts dtherm tpr_shadow vnmi flexpriority ept vpid fsgsbase tsc_adjust bmi1 avx2 smep bmi2 erms invpcid
bogomips	: 4800.03
clflush size	: 64
cache_alignment	: 64
address sizes	: 46 bits physical, 48 bits virtual
power management:

processor	: 5
vendor_id	: GenuineIntel
cpu family	: 6
model		: 63
model name	: Intel(R) Xeon(R) CPU E5-2630 v3 @ 2.40GHz
stepping	: 2
microcode	: 0x2e
cpu MHz		: 2685.375
cache size	: 20480 KB
physical id	: 0
siblings	: 16
core id		: 5
cpu cores	: 8
apicid		: 10
initial apicid	: 10
fpu		: yes
fpu_exception	: yes
cpuid level	: 15
wp		: yes
flags		: fpu vme de pse tsc msr pae mce cx8 apic sep mtrr pge mca cmov pat pse36 clflush dts acpi mmx fxsr sse sse2 ss ht tm pbe syscall nx pdpe1gb rdtscp lm constant_tsc arch_perfmon pebs bts rep_good nopl xtopology nonstop_tsc aperfmperf eagerfpu pni pclmulqdq dtes64 monitor ds_cpl vmx smx est tm2 ssse3 fma cx16 xtpr pdcm pcid dca sse4_1 sse4_2 x2apic movbe popcnt tsc_deadline_timer xsave avx f16c rdrand lahf_lm abm ida arat epb xsaveopt pln pts dtherm tpr_shadow vnmi flexpriority ept vpid fsgsbase tsc_adjust bmi1 avx2 smep bmi2 erms invpcid
bogomips	: 4800.03
clflush size	: 64
cache_alignment	: 64
address sizes	: 46 bits physical, 48 bits virtual
power management:

processor	: 6
vendor_id	: GenuineIntel
cpu family	: 6
model		: 63
model name	: Intel(R) Xeon(R) CPU E5-2630 v3 @ 2.40GHz
stepping	: 2
microcode	: 0x2e
cpu MHz		: 2772.937
cache size	: 20480 KB
physical id	: 0
siblings	: 16
core id		: 6
cpu cores	: 8
apicid		: 12
initial apicid	: 12
fpu		: yes
fpu_exception	: yes
cpuid level	: 15
wp		: yes
flags		: fpu vme de pse tsc msr pae mce cx8 apic sep mtrr pge mca cmov pat pse36 clflush dts acpi mmx fxsr sse sse2 ss ht tm pbe syscall nx pdpe1gb rdtscp lm constant_tsc arch_perfmon pebs bts rep_good nopl xtopology nonstop_tsc aperfmperf eagerfpu pni pclmulqdq dtes64 monitor ds_cpl vmx smx est tm2 ssse3 fma cx16 xtpr pdcm pcid dca sse4_1 sse4_2 x2apic movbe popcnt tsc_deadline_timer xsave avx f16c rdrand lahf_lm abm ida arat epb xsaveopt pln pts dtherm tpr_shadow vnmi flexpriority ept vpid fsgsbase tsc_adjust bmi1 avx2 smep bmi2 erms invpcid
bogomips	: 4800.03
clflush size	: 64
cache_alignment	: 64
address sizes	: 46 bits physical, 48 bits virtual
power management:

processor	: 7
vendor_id	: GenuineIntel
cpu family	: 6
model		: 63
model name	: Intel(R) Xeon(R) CPU E5-2630 v3 @ 2.40GHz
stepping	: 2
microcode	: 0x2e
cpu MHz		: 2742.656
cache size	: 20480 KB
physical id	: 0
siblings	: 16
core id		: 7
cpu cores	: 8
apicid		: 14
initial apicid	: 14
fpu		: yes
fpu_exception	: yes
cpuid level	: 15
wp		: yes
flags		: fpu vme de pse tsc msr pae mce cx8 apic sep mtrr pge mca cmov pat pse36 clflush dts acpi mmx fxsr sse sse2 ss ht tm pbe syscall nx pdpe1gb rdtscp lm constant_tsc arch_perfmon pebs bts rep_good nopl xtopology nonstop_tsc aperfmperf eagerfpu pni pclmulqdq dtes64 monitor ds_cpl vmx smx est tm2 ssse3 fma cx16 xtpr pdcm pcid dca sse4_1 sse4_2 x2apic movbe popcnt tsc_deadline_timer xsave avx f16c rdrand lahf_lm abm ida arat epb xsaveopt pln pts dtherm tpr_shadow vnmi flexpriority ept vpid fsgsbase tsc_adjust bmi1 avx2 smep bmi2 erms invpcid
bogomips	: 4800.03
clflush size	: 64
cache_alignment	: 64
address sizes	: 46 bits physical, 48 bits virtual
power management:

processor	: 8
vendor_id	: GenuineIntel
cpu family	: 6
model		: 63
model name	: Intel(R) Xeon(R) CPU E5-2630 v3 @ 2.40GHz
stepping	: 2
microcode	: 0x2e
cpu MHz		: 2600.062
cache size	: 20480 KB
physical id	: 1
siblings	: 16
core id		: 0
cpu cores	: 8
apicid		: 16
initial apicid	: 16
fpu		: yes
fpu_exception	: yes
cpuid level	: 15
wp		: yes
flags		: fpu vme de pse tsc msr pae mce cx8 apic sep mtrr pge mca cmov pat pse36 clflush dts acpi mmx fxsr sse sse2 ss ht tm pbe syscall nx pdpe1gb rdtscp lm constant_tsc arch_perfmon pebs bts rep_good nopl xtopology nonstop_tsc aperfmperf eagerfpu pni pclmulqdq dtes64 monitor ds_cpl vmx smx est tm2 ssse3 fma cx16 xtpr pdcm pcid dca sse4_1 sse4_2 x2apic movbe popcnt tsc_deadline_timer xsave avx f16c rdrand lahf_lm abm ida arat epb xsaveopt pln pts dtherm tpr_shadow vnmi flexpriority ept vpid fsgsbase tsc_adjust bmi1 avx2 smep bmi2 erms invpcid
bogomips	: 4802.38
clflush size	: 64
cache_alignment	: 64
address sizes	: 46 bits physical, 48 bits virtual
power management:

processor	: 9
vendor_id	: GenuineIntel
cpu family	: 6
model		: 63
model name	: Intel(R) Xeon(R) CPU E5-2630 v3 @ 2.40GHz
stepping	: 2
microcode	: 0x2e
cpu MHz		: 2599.968
cache size	: 20480 KB
physical id	: 1
siblings	: 16
core id		: 1
cpu cores	: 8
apicid		: 18
initial apicid	: 18
fpu		: yes
fpu_exception	: yes
cpuid level	: 15
wp		: yes
flags		: fpu vme de pse tsc msr pae mce cx8 apic sep mtrr pge mca cmov pat pse36 clflush dts acpi mmx fxsr sse sse2 ss ht tm pbe syscall nx pdpe1gb rdtscp lm constant_tsc arch_perfmon pebs bts rep_good nopl xtopology nonstop_tsc aperfmperf eagerfpu pni pclmulqdq dtes64 monitor ds_cpl vmx smx est tm2 ssse3 fma cx16 xtpr pdcm pcid dca sse4_1 sse4_2 x2apic movbe popcnt tsc_deadline_timer xsave avx f16c rdrand lahf_lm abm ida arat epb xsaveopt pln pts dtherm tpr_shadow vnmi flexpriority ept vpid fsgsbase tsc_adjust bmi1 avx2 smep bmi2 erms invpcid
bogomips	: 4802.38
clflush size	: 64
cache_alignment	: 64
address sizes	: 46 bits physical, 48 bits virtual
power management:

processor	: 10
vendor_id	: GenuineIntel
cpu family	: 6
model		: 63
model name	: Intel(R) Xeon(R) CPU E5-2630 v3 @ 2.40GHz
stepping	: 2
microcode	: 0x2e
cpu MHz		: 1397.343
cache size	: 20480 KB
physical id	: 1
siblings	: 16
core id		: 2
cpu cores	: 8
apicid		: 20
initial apicid	: 20
fpu		: yes
fpu_exception	: yes
cpuid level	: 15
wp		: yes
flags		: fpu vme de pse tsc msr pae mce cx8 apic sep mtrr pge mca cmov pat pse36 clflush dts acpi mmx fxsr sse sse2 ss ht tm pbe syscall nx pdpe1gb rdtscp lm constant_tsc arch_perfmon pebs bts rep_good nopl xtopology nonstop_tsc aperfmperf eagerfpu pni pclmulqdq dtes64 monitor ds_cpl vmx smx est tm2 ssse3 fma cx16 xtpr pdcm pcid dca sse4_1 sse4_2 x2apic movbe popcnt tsc_deadline_timer xsave avx f16c rdrand lahf_lm abm ida arat epb xsaveopt pln pts dtherm tpr_shadow vnmi flexpriority ept vpid fsgsbase tsc_adjust bmi1 avx2 smep bmi2 erms invpcid
bogomips	: 4802.38
clflush size	: 64
cache_alignment	: 64
address sizes	: 46 bits physical, 48 bits virtual
power management:

processor	: 11
vendor_id	: GenuineIntel
cpu family	: 6
model		: 63
model name	: Intel(R) Xeon(R) CPU E5-2630 v3 @ 2.40GHz
stepping	: 2
microcode	: 0x2e
cpu MHz		: 2599.968
cache size	: 20480 KB
physical id	: 1
siblings	: 16
core id		: 3
cpu cores	: 8
apicid		: 22
initial apicid	: 22
fpu		: yes
fpu_exception	: yes
cpuid level	: 15
wp		: yes
flags		: fpu vme de pse tsc msr pae mce cx8 apic sep mtrr pge mca cmov pat pse36 clflush dts acpi mmx fxsr sse sse2 ss ht tm pbe syscall nx pdpe1gb rdtscp lm constant_tsc arch_perfmon pebs bts rep_good nopl xtopology nonstop_tsc aperfmperf eagerfpu pni pclmulqdq dtes64 monitor ds_cpl vmx smx est tm2 ssse3 fma cx16 xtpr pdcm pcid dca sse4_1 sse4_2 x2apic movbe popcnt tsc_deadline_timer xsave avx f16c rdrand lahf_lm abm ida arat epb xsaveopt pln pts dtherm tpr_shadow vnmi flexpriority ept vpid fsgsbase tsc_adjust bmi1 avx2 smep bmi2 erms invpcid
bogomips	: 4802.38
clflush size	: 64
cache_alignment	: 64
address sizes	: 46 bits physical, 48 bits virtual
power management:

processor	: 12
vendor_id	: GenuineIntel
cpu family	: 6
model		: 63
model name	: Intel(R) Xeon(R) CPU E5-2630 v3 @ 2.40GHz
stepping	: 2
microcode	: 0x2e
cpu MHz		: 2610.375
cache size	: 20480 KB
physical id	: 1
siblings	: 16
core id		: 4
cpu cores	: 8
apicid		: 24
initial apicid	: 24
fpu		: yes
fpu_exception	: yes
cpuid level	: 15
wp		: yes
flags		: fpu vme de pse tsc msr pae mce cx8 apic sep mtrr pge mca cmov pat pse36 clflush dts acpi mmx fxsr sse sse2 ss ht tm pbe syscall nx pdpe1gb rdtscp lm constant_tsc arch_perfmon pebs bts rep_good nopl xtopology nonstop_tsc aperfmperf eagerfpu pni pclmulqdq dtes64 monitor ds_cpl vmx smx est tm2 ssse3 fma cx16 xtpr pdcm pcid dca sse4_1 sse4_2 x2apic movbe popcnt tsc_deadline_timer xsave avx f16c rdrand lahf_lm abm ida arat epb xsaveopt pln pts dtherm tpr_shadow vnmi flexpriority ept vpid fsgsbase tsc_adjust bmi1 avx2 smep bmi2 erms invpcid
bogomips	: 4802.38
clflush size	: 64
cache_alignment	: 64
address sizes	: 46 bits physical, 48 bits virtual
power management:

processor	: 13
vendor_id	: GenuineIntel
cpu family	: 6
model		: 63
model name	: Intel(R) Xeon(R) CPU E5-2630 v3 @ 2.40GHz
stepping	: 2
microcode	: 0x2e
cpu MHz		: 2599.968
cache size	: 20480 KB
physical id	: 1
siblings	: 16
core id		: 5
cpu cores	: 8
apicid		: 26
initial apicid	: 26
fpu		: yes
fpu_exception	: yes
cpuid level	: 15
wp		: yes
flags		: fpu vme de pse tsc msr pae mce cx8 apic sep mtrr pge mca cmov pat pse36 clflush dts acpi mmx fxsr sse sse2 ss ht tm pbe syscall nx pdpe1gb rdtscp lm constant_tsc arch_perfmon pebs bts rep_good nopl xtopology nonstop_tsc aperfmperf eagerfpu pni pclmulqdq dtes64 monitor ds_cpl vmx smx est tm2 ssse3 fma cx16 xtpr pdcm pcid dca sse4_1 sse4_2 x2apic movbe popcnt tsc_deadline_timer xsave avx f16c rdrand lahf_lm abm ida arat epb xsaveopt pln pts dtherm tpr_shadow vnmi flexpriority ept vpid fsgsbase tsc_adjust bmi1 avx2 smep bmi2 erms invpcid
bogomips	: 4802.38
clflush size	: 64
cache_alignment	: 64
address sizes	: 46 bits physical, 48 bits virtual
power management:

processor	: 14
vendor_id	: GenuineIntel
cpu family	: 6
model		: 63
model name	: Intel(R) Xeon(R) CPU E5-2630 v3 @ 2.40GHz
stepping	: 2
microcode	: 0x2e
cpu MHz		: 2394.656
cache size	: 20480 KB
physical id	: 1
siblings	: 16
core id		: 6
cpu cores	: 8
apicid		: 28
initial apicid	: 28
fpu		: yes
fpu_exception	: yes
cpuid level	: 15
wp		: yes
flags		: fpu vme de pse tsc msr pae mce cx8 apic sep mtrr pge mca cmov pat pse36 clflush dts acpi mmx fxsr sse sse2 ss ht tm pbe syscall nx pdpe1gb rdtscp lm constant_tsc arch_perfmon pebs bts rep_good nopl xtopology nonstop_tsc aperfmperf eagerfpu pni pclmulqdq dtes64 monitor ds_cpl vmx smx est tm2 ssse3 fma cx16 xtpr pdcm pcid dca sse4_1 sse4_2 x2apic movbe popcnt tsc_deadline_timer xsave avx f16c rdrand lahf_lm abm ida arat epb xsaveopt pln pts dtherm tpr_shadow vnmi flexpriority ept vpid fsgsbase tsc_adjust bmi1 avx2 smep bmi2 erms invpcid
bogomips	: 4802.38
clflush size	: 64
cache_alignment	: 64
address sizes	: 46 bits physical, 48 bits virtual
power management:

processor	: 15
vendor_id	: GenuineIntel
cpu family	: 6
model		: 63
model name	: Intel(R) Xeon(R) CPU E5-2630 v3 @ 2.40GHz
stepping	: 2
microcode	: 0x2e
cpu MHz		: 1297.312
cache size	: 20480 KB
physical id	: 1
siblings	: 16
core id		: 7
cpu cores	: 8
apicid		: 30
initial apicid	: 30
fpu		: yes
fpu_exception	: yes
cpuid level	: 15
wp		: yes
flags		: fpu vme de pse tsc msr pae mce cx8 apic sep mtrr pge mca cmov pat pse36 clflush dts acpi mmx fxsr sse sse2 ss ht tm pbe syscall nx pdpe1gb rdtscp lm constant_tsc arch_perfmon pebs bts rep_good nopl xtopology nonstop_tsc aperfmperf eagerfpu pni pclmulqdq dtes64 monitor ds_cpl vmx smx est tm2 ssse3 fma cx16 xtpr pdcm pcid dca sse4_1 sse4_2 x2apic movbe popcnt tsc_deadline_timer xsave avx f16c rdrand lahf_lm abm ida arat epb xsaveopt pln pts dtherm tpr_shadow vnmi flexpriority ept vpid fsgsbase tsc_adjust bmi1 avx2 smep bmi2 erms invpcid
bogomips	: 4802.38
clflush size	: 64
cache_alignment	: 64
address sizes	: 46 bits physical, 48 bits virtual
power management:

processor	: 16
vendor_id	: GenuineIntel
cpu family	: 6
model		: 63
model name	: Intel(R) Xeon(R) CPU E5-2630 v3 @ 2.40GHz
stepping	: 2
microcode	: 0x2e
cpu MHz		: 2749.781
cache size	: 20480 KB
physical id	: 0
siblings	: 16
core id		: 0
cpu cores	: 8
apicid		: 1
initial apicid	: 1
fpu		: yes
fpu_exception	: yes
cpuid level	: 15
wp		: yes
flags		: fpu vme de pse tsc msr pae mce cx8 apic sep mtrr pge mca cmov pat pse36 clflush dts acpi mmx fxsr sse sse2 ss ht tm pbe syscall nx pdpe1gb rdtscp lm constant_tsc arch_perfmon pebs bts rep_good nopl xtopology nonstop_tsc aperfmperf eagerfpu pni pclmulqdq dtes64 monitor ds_cpl vmx smx est tm2 ssse3 fma cx16 xtpr pdcm pcid dca sse4_1 sse4_2 x2apic movbe popcnt tsc_deadline_timer xsave avx f16c rdrand lahf_lm abm ida arat epb xsaveopt pln pts dtherm tpr_shadow vnmi flexpriority ept vpid fsgsbase tsc_adjust bmi1 avx2 smep bmi2 erms invpcid
bogomips	: 4800.03
clflush size	: 64
cache_alignment	: 64
address sizes	: 46 bits physical, 48 bits virtual
power management:

processor	: 17
vendor_id	: GenuineIntel
cpu family	: 6
model		: 63
model name	: Intel(R) Xeon(R) CPU E5-2630 v3 @ 2.40GHz
stepping	: 2
microcode	: 0x2e
cpu MHz		: 1498.218
cache size	: 20480 KB
physical id	: 0
siblings	: 16
core id		: 1
cpu cores	: 8
apicid		: 3
initial apicid	: 3
fpu		: yes
fpu_exception	: yes
cpuid level	: 15
wp		: yes
flags		: fpu vme de pse tsc msr pae mce cx8 apic sep mtrr pge mca cmov pat pse36 clflush dts acpi mmx fxsr sse sse2 ss ht tm pbe syscall nx pdpe1gb rdtscp lm constant_tsc arch_perfmon pebs bts rep_good nopl xtopology nonstop_tsc aperfmperf eagerfpu pni pclmulqdq dtes64 monitor ds_cpl vmx smx est tm2 ssse3 fma cx16 xtpr pdcm pcid dca sse4_1 sse4_2 x2apic movbe popcnt tsc_deadline_timer xsave avx f16c rdrand lahf_lm abm ida arat epb xsaveopt pln pts dtherm tpr_shadow vnmi flexpriority ept vpid fsgsbase tsc_adjust bmi1 avx2 smep bmi2 erms invpcid
bogomips	: 4800.03
clflush size	: 64
cache_alignment	: 64
address sizes	: 46 bits physical, 48 bits virtual
power management:

processor	: 18
vendor_id	: GenuineIntel
cpu family	: 6
model		: 63
model name	: Intel(R) Xeon(R) CPU E5-2630 v3 @ 2.40GHz
stepping	: 2
microcode	: 0x2e
cpu MHz		: 1396.875
cache size	: 20480 KB
physical id	: 0
siblings	: 16
core id		: 2
cpu cores	: 8
apicid		: 5
initial apicid	: 5
fpu		: yes
fpu_exception	: yes
cpuid level	: 15
wp		: yes
flags		: fpu vme de pse tsc msr pae mce cx8 apic sep mtrr pge mca cmov pat pse36 clflush dts acpi mmx fxsr sse sse2 ss ht tm pbe syscall nx pdpe1gb rdtscp lm constant_tsc arch_perfmon pebs bts rep_good nopl xtopology nonstop_tsc aperfmperf eagerfpu pni pclmulqdq dtes64 monitor ds_cpl vmx smx est tm2 ssse3 fma cx16 xtpr pdcm pcid dca sse4_1 sse4_2 x2apic movbe popcnt tsc_deadline_timer xsave avx f16c rdrand lahf_lm abm ida arat epb xsaveopt pln pts dtherm tpr_shadow vnmi flexpriority ept vpid fsgsbase tsc_adjust bmi1 avx2 smep bmi2 erms invpcid
bogomips	: 4800.03
clflush size	: 64
cache_alignment	: 64
address sizes	: 46 bits physical, 48 bits virtual
power management:

processor	: 19
vendor_id	: GenuineIntel
cpu family	: 6
model		: 63
model name	: Intel(R) Xeon(R) CPU E5-2630 v3 @ 2.40GHz
stepping	: 2
microcode	: 0x2e
cpu MHz		: 2599.968
cache size	: 20480 KB
physical id	: 0
siblings	: 16
core id		: 3
cpu cores	: 8
apicid		: 7
initial apicid	: 7
fpu		: yes
fpu_exception	: yes
cpuid level	: 15
wp		: yes
flags		: fpu vme de pse tsc msr pae mce cx8 apic sep mtrr pge mca cmov pat pse36 clflush dts acpi mmx fxsr sse sse2 ss ht tm pbe syscall nx pdpe1gb rdtscp lm constant_tsc arch_perfmon pebs bts rep_good nopl xtopology nonstop_tsc aperfmperf eagerfpu pni pclmulqdq dtes64 monitor ds_cpl vmx smx est tm2 ssse3 fma cx16 xtpr pdcm pcid dca sse4_1 sse4_2 x2apic movbe popcnt tsc_deadline_timer xsave avx f16c rdrand lahf_lm abm ida arat epb xsaveopt pln pts dtherm tpr_shadow vnmi flexpriority ept vpid fsgsbase tsc_adjust bmi1 avx2 smep bmi2 erms invpcid
bogomips	: 4800.03
clflush size	: 64
cache_alignment	: 64
address sizes	: 46 bits physical, 48 bits virtual
power management:

processor	: 20
vendor_id	: GenuineIntel
cpu family	: 6
model		: 63
model name	: Intel(R) Xeon(R) CPU E5-2630 v3 @ 2.40GHz
stepping	: 2
microcode	: 0x2e
cpu MHz		: 2600.156
cache size	: 20480 KB
physical id	: 0
siblings	: 16
core id		: 4
cpu cores	: 8
apicid		: 9
initial apicid	: 9
fpu		: yes
fpu_exception	: yes
cpuid level	: 15
wp		: yes
flags		: fpu vme de pse tsc msr pae mce cx8 apic sep mtrr pge mca cmov pat pse36 clflush dts acpi mmx fxsr sse sse2 ss ht tm pbe syscall nx pdpe1gb rdtscp lm constant_tsc arch_perfmon pebs bts rep_good nopl xtopology nonstop_tsc aperfmperf eagerfpu pni pclmulqdq dtes64 monitor ds_cpl vmx smx est tm2 ssse3 fma cx16 xtpr pdcm pcid dca sse4_1 sse4_2 x2apic movbe popcnt tsc_deadline_timer xsave avx f16c rdrand lahf_lm abm ida arat epb xsaveopt pln pts dtherm tpr_shadow vnmi flexpriority ept vpid fsgsbase tsc_adjust bmi1 avx2 smep bmi2 erms invpcid
bogomips	: 4800.03
clflush size	: 64
cache_alignment	: 64
address sizes	: 46 bits physical, 48 bits virtual
power management:

processor	: 21
vendor_id	: GenuineIntel
cpu family	: 6
model		: 63
model name	: Intel(R) Xeon(R) CPU E5-2630 v3 @ 2.40GHz
stepping	: 2
microcode	: 0x2e
cpu MHz		: 2599.968
cache size	: 20480 KB
physical id	: 0
siblings	: 16
core id		: 5
cpu cores	: 8
apicid		: 11
initial apicid	: 11
fpu		: yes
fpu_exception	: yes
cpuid level	: 15
wp		: yes
flags		: fpu vme de pse tsc msr pae mce cx8 apic sep mtrr pge mca cmov pat pse36 clflush dts acpi mmx fxsr sse sse2 ss ht tm pbe syscall nx pdpe1gb rdtscp lm constant_tsc arch_perfmon pebs bts rep_good nopl xtopology nonstop_tsc aperfmperf eagerfpu pni pclmulqdq dtes64 monitor ds_cpl vmx smx est tm2 ssse3 fma cx16 xtpr pdcm pcid dca sse4_1 sse4_2 x2apic movbe popcnt tsc_deadline_timer xsave avx f16c rdrand lahf_lm abm ida arat epb xsaveopt pln pts dtherm tpr_shadow vnmi flexpriority ept vpid fsgsbase tsc_adjust bmi1 avx2 smep bmi2 erms invpcid
bogomips	: 4800.03
clflush size	: 64
cache_alignment	: 64
address sizes	: 46 bits physical, 48 bits virtual
power management:

processor	: 22
vendor_id	: GenuineIntel
cpu family	: 6
model		: 63
model name	: Intel(R) Xeon(R) CPU E5-2630 v3 @ 2.40GHz
stepping	: 2
microcode	: 0x2e
cpu MHz		: 2600.250
cache size	: 20480 KB
physical id	: 0
siblings	: 16
core id		: 6
cpu cores	: 8
apicid		: 13
initial apicid	: 13
fpu		: yes
fpu_exception	: yes
cpuid level	: 15
wp		: yes
flags		: fpu vme de pse tsc msr pae mce cx8 apic sep mtrr pge mca cmov pat pse36 clflush dts acpi mmx fxsr sse sse2 ss ht tm pbe syscall nx pdpe1gb rdtscp lm constant_tsc arch_perfmon pebs bts rep_good nopl xtopology nonstop_tsc aperfmperf eagerfpu pni pclmulqdq dtes64 monitor ds_cpl vmx smx est tm2 ssse3 fma cx16 xtpr pdcm pcid dca sse4_1 sse4_2 x2apic movbe popcnt tsc_deadline_timer xsave avx f16c rdrand lahf_lm abm ida arat epb xsaveopt pln pts dtherm tpr_shadow vnmi flexpriority ept vpid fsgsbase tsc_adjust bmi1 avx2 smep bmi2 erms invpcid
bogomips	: 4800.03
clflush size	: 64
cache_alignment	: 64
address sizes	: 46 bits physical, 48 bits virtual
power management:

processor	: 23
vendor_id	: GenuineIntel
cpu family	: 6
model		: 63
model name	: Intel(R) Xeon(R) CPU E5-2630 v3 @ 2.40GHz
stepping	: 2
microcode	: 0x2e
cpu MHz		: 2611.781
cache size	: 20480 KB
physical id	: 0
siblings	: 16
core id		: 7
cpu cores	: 8
apicid		: 15
initial apicid	: 15
fpu		: yes
fpu_exception	: yes
cpuid level	: 15
wp		: yes
flags		: fpu vme de pse tsc msr pae mce cx8 apic sep mtrr pge mca cmov pat pse36 clflush dts acpi mmx fxsr sse sse2 ss ht tm pbe syscall nx pdpe1gb rdtscp lm constant_tsc arch_perfmon pebs bts rep_good nopl xtopology nonstop_tsc aperfmperf eagerfpu pni pclmulqdq dtes64 monitor ds_cpl vmx smx est tm2 ssse3 fma cx16 xtpr pdcm pcid dca sse4_1 sse4_2 x2apic movbe popcnt tsc_deadline_timer xsave avx f16c rdrand lahf_lm abm ida arat epb xsaveopt pln pts dtherm tpr_shadow vnmi flexpriority ept vpid fsgsbase tsc_adjust bmi1 avx2 smep bmi2 erms invpcid
bogomips	: 4800.03
clflush size	: 64
cache_alignment	: 64
address sizes	: 46 bits physical, 48 bits virtual
power management:

processor	: 24
vendor_id	: GenuineIntel
cpu family	: 6
model		: 63
model name	: Intel(R) Xeon(R) CPU E5-2630 v3 @ 2.40GHz
stepping	: 2
microcode	: 0x2e
cpu MHz		: 2599.968
cache size	: 20480 KB
physical id	: 1
siblings	: 16
core id		: 0
cpu cores	: 8
apicid		: 17
initial apicid	: 17
fpu		: yes
fpu_exception	: yes
cpuid level	: 15
wp		: yes
flags		: fpu vme de pse tsc msr pae mce cx8 apic sep mtrr pge mca cmov pat pse36 clflush dts acpi mmx fxsr sse sse2 ss ht tm pbe syscall nx pdpe1gb rdtscp lm constant_tsc arch_perfmon pebs bts rep_good nopl xtopology nonstop_tsc aperfmperf eagerfpu pni pclmulqdq dtes64 monitor ds_cpl vmx smx est tm2 ssse3 fma cx16 xtpr pdcm pcid dca sse4_1 sse4_2 x2apic movbe popcnt tsc_deadline_timer xsave avx f16c rdrand lahf_lm abm ida arat epb xsaveopt pln pts dtherm tpr_shadow vnmi flexpriority ept vpid fsgsbase tsc_adjust bmi1 avx2 smep bmi2 erms invpcid
bogomips	: 4802.38
clflush size	: 64
cache_alignment	: 64
address sizes	: 46 bits physical, 48 bits virtual
power management:

processor	: 25
vendor_id	: GenuineIntel
cpu family	: 6
model		: 63
model name	: Intel(R) Xeon(R) CPU E5-2630 v3 @ 2.40GHz
stepping	: 2
microcode	: 0x2e
cpu MHz		: 2600.062
cache size	: 20480 KB
physical id	: 1
siblings	: 16
core id		: 1
cpu cores	: 8
apicid		: 19
initial apicid	: 19
fpu		: yes
fpu_exception	: yes
cpuid level	: 15
wp		: yes
flags		: fpu vme de pse tsc msr pae mce cx8 apic sep mtrr pge mca cmov pat pse36 clflush dts acpi mmx fxsr sse sse2 ss ht tm pbe syscall nx pdpe1gb rdtscp lm constant_tsc arch_perfmon pebs bts rep_good nopl xtopology nonstop_tsc aperfmperf eagerfpu pni pclmulqdq dtes64 monitor ds_cpl vmx smx est tm2 ssse3 fma cx16 xtpr pdcm pcid dca sse4_1 sse4_2 x2apic movbe popcnt tsc_deadline_timer xsave avx f16c rdrand lahf_lm abm ida arat epb xsaveopt pln pts dtherm tpr_shadow vnmi flexpriority ept vpid fsgsbase tsc_adjust bmi1 avx2 smep bmi2 erms invpcid
bogomips	: 4802.38
clflush size	: 64
cache_alignment	: 64
address sizes	: 46 bits physical, 48 bits virtual
power management:

processor	: 26
vendor_id	: GenuineIntel
cpu family	: 6
model		: 63
model name	: Intel(R) Xeon(R) CPU E5-2630 v3 @ 2.40GHz
stepping	: 2
microcode	: 0x2e
cpu MHz		: 1397.343
cache size	: 20480 KB
physical id	: 1
siblings	: 16
core id		: 2
cpu cores	: 8
apicid		: 21
initial apicid	: 21
fpu		: yes
fpu_exception	: yes
cpuid level	: 15
wp		: yes
flags		: fpu vme de pse tsc msr pae mce cx8 apic sep mtrr pge mca cmov pat pse36 clflush dts acpi mmx fxsr sse sse2 ss ht tm pbe syscall nx pdpe1gb rdtscp lm constant_tsc arch_perfmon pebs bts rep_good nopl xtopology nonstop_tsc aperfmperf eagerfpu pni pclmulqdq dtes64 monitor ds_cpl vmx smx est tm2 ssse3 fma cx16 xtpr pdcm pcid dca sse4_1 sse4_2 x2apic movbe popcnt tsc_deadline_timer xsave avx f16c rdrand lahf_lm abm ida arat epb xsaveopt pln pts dtherm tpr_shadow vnmi flexpriority ept vpid fsgsbase tsc_adjust bmi1 avx2 smep bmi2 erms invpcid
bogomips	: 4802.38
clflush size	: 64
cache_alignment	: 64
address sizes	: 46 bits physical, 48 bits virtual
power management:

processor	: 27
vendor_id	: GenuineIntel
cpu family	: 6
model		: 63
model name	: Intel(R) Xeon(R) CPU E5-2630 v3 @ 2.40GHz
stepping	: 2
microcode	: 0x2e
cpu MHz		: 2599.968
cache size	: 20480 KB
physical id	: 1
siblings	: 16
core id		: 3
cpu cores	: 8
apicid		: 23
initial apicid	: 23
fpu		: yes
fpu_exception	: yes
cpuid level	: 15
wp		: yes
flags		: fpu vme de pse tsc msr pae mce cx8 apic sep mtrr pge mca cmov pat pse36 clflush dts acpi mmx fxsr sse sse2 ss ht tm pbe syscall nx pdpe1gb rdtscp lm constant_tsc arch_perfmon pebs bts rep_good nopl xtopology nonstop_tsc aperfmperf eagerfpu pni pclmulqdq dtes64 monitor ds_cpl vmx smx est tm2 ssse3 fma cx16 xtpr pdcm pcid dca sse4_1 sse4_2 x2apic movbe popcnt tsc_deadline_timer xsave avx f16c rdrand lahf_lm abm ida arat epb xsaveopt pln pts dtherm tpr_shadow vnmi flexpriority ept vpid fsgsbase tsc_adjust bmi1 avx2 smep bmi2 erms invpcid
bogomips	: 4802.38
clflush size	: 64
cache_alignment	: 64
address sizes	: 46 bits physical, 48 bits virtual
power management:

processor	: 28
vendor_id	: GenuineIntel
cpu family	: 6
model		: 63
model name	: Intel(R) Xeon(R) CPU E5-2630 v3 @ 2.40GHz
stepping	: 2
microcode	: 0x2e
cpu MHz		: 2599.968
cache size	: 20480 KB
physical id	: 1
siblings	: 16
core id		: 4
cpu cores	: 8
apicid		: 25
initial apicid	: 25
fpu		: yes
fpu_exception	: yes
cpuid level	: 15
wp		: yes
flags		: fpu vme de pse tsc msr pae mce cx8 apic sep mtrr pge mca cmov pat pse36 clflush dts acpi mmx fxsr sse sse2 ss ht tm pbe syscall nx pdpe1gb rdtscp lm constant_tsc arch_perfmon pebs bts rep_good nopl xtopology nonstop_tsc aperfmperf eagerfpu pni pclmulqdq dtes64 monitor ds_cpl vmx smx est tm2 ssse3 fma cx16 xtpr pdcm pcid dca sse4_1 sse4_2 x2apic movbe popcnt tsc_deadline_timer xsave avx f16c rdrand lahf_lm abm ida arat epb xsaveopt pln pts dtherm tpr_shadow vnmi flexpriority ept vpid fsgsbase tsc_adjust bmi1 avx2 smep bmi2 erms invpcid
bogomips	: 4802.38
clflush size	: 64
cache_alignment	: 64
address sizes	: 46 bits physical, 48 bits virtual
power management:

processor	: 29
vendor_id	: GenuineIntel
cpu family	: 6
model		: 63
model name	: Intel(R) Xeon(R) CPU E5-2630 v3 @ 2.40GHz
stepping	: 2
microcode	: 0x2e
cpu MHz		: 2600.062
cache size	: 20480 KB
physical id	: 1
siblings	: 16
core id		: 5
cpu cores	: 8
apicid		: 27
initial apicid	: 27
fpu		: yes
fpu_exception	: yes
cpuid level	: 15
wp		: yes
flags		: fpu vme de pse tsc msr pae mce cx8 apic sep mtrr pge mca cmov pat pse36 clflush dts acpi mmx fxsr sse sse2 ss ht tm pbe syscall nx pdpe1gb rdtscp lm constant_tsc arch_perfmon pebs bts rep_good nopl xtopology nonstop_tsc aperfmperf eagerfpu pni pclmulqdq dtes64 monitor ds_cpl vmx smx est tm2 ssse3 fma cx16 xtpr pdcm pcid dca sse4_1 sse4_2 x2apic movbe popcnt tsc_deadline_timer xsave avx f16c rdrand lahf_lm abm ida arat epb xsaveopt pln pts dtherm tpr_shadow vnmi flexpriority ept vpid fsgsbase tsc_adjust bmi1 avx2 smep bmi2 erms invpcid
bogomips	: 4802.38
clflush size	: 64
cache_alignment	: 64
address sizes	: 46 bits physical, 48 bits virtual
power management:

processor	: 30
vendor_id	: GenuineIntel
cpu family	: 6
model		: 63
model name	: Intel(R) Xeon(R) CPU E5-2630 v3 @ 2.40GHz
stepping	: 2
microcode	: 0x2e
cpu MHz		: 2260.593
cache size	: 20480 KB
physical id	: 1
siblings	: 16
core id		: 6
cpu cores	: 8
apicid		: 29
initial apicid	: 29
fpu		: yes
fpu_exception	: yes
cpuid level	: 15
wp		: yes
flags		: fpu vme de pse tsc msr pae mce cx8 apic sep mtrr pge mca cmov pat pse36 clflush dts acpi mmx fxsr sse sse2 ss ht tm pbe syscall nx pdpe1gb rdtscp lm constant_tsc arch_perfmon pebs bts rep_good nopl xtopology nonstop_tsc aperfmperf eagerfpu pni pclmulqdq dtes64 monitor ds_cpl vmx smx est tm2 ssse3 fma cx16 xtpr pdcm pcid dca sse4_1 sse4_2 x2apic movbe popcnt tsc_deadline_timer xsave avx f16c rdrand lahf_lm abm ida arat epb xsaveopt pln pts dtherm tpr_shadow vnmi flexpriority ept vpid fsgsbase tsc_adjust bmi1 avx2 smep bmi2 erms invpcid
bogomips	: 4802.38
clflush size	: 64
cache_alignment	: 64
address sizes	: 46 bits physical, 48 bits virtual
power management:

processor	: 31
vendor_id	: GenuineIntel
cpu family	: 6
model		: 63
model name	: Intel(R) Xeon(R) CPU E5-2630 v3 @ 2.40GHz
stepping	: 2
microcode	: 0x2e
cpu MHz		: 1297.312
cache size	: 20480 KB
physical id	: 1
siblings	: 16
core id		: 7
cpu cores	: 8
apicid		: 31
initial apicid	: 31
fpu		: yes
fpu_exception	: yes
cpuid level	: 15
wp		: yes
flags		: fpu vme de pse tsc msr pae mce cx8 apic sep mtrr pge mca cmov pat pse36 clflush dts acpi mmx fxsr sse sse2 ss ht tm pbe syscall nx pdpe1gb rdtscp lm constant_tsc arch_perfmon pebs bts rep_good nopl xtopology nonstop_tsc aperfmperf eagerfpu pni pclmulqdq dtes64 monitor ds_cpl vmx smx est tm2 ssse3 fma cx16 xtpr pdcm pcid dca sse4_1 sse4_2 x2apic movbe popcnt tsc_deadline_timer xsave avx f16c rdrand lahf_lm abm ida arat epb xsaveopt pln pts dtherm tpr_shadow vnmi flexpriority ept vpid fsgsbase tsc_adjust bmi1 avx2 smep bmi2 erms invpcid
bogomips	: 4802.38
clflush size	: 64
cache_alignment	: 64
address sizes	: 46 bits physical, 48 bits virtual
power management:



Memory: 4k page, physical 65866796k(460760k free), swap 0k(0k free)

vm_info: Java HotSpot(TM) 64-Bit Server VM (25.66-b17) for linux-amd64 JRE (1.8.0_66-b17), built on Oct  6 2015 17:28:34 by "java_re" with gcc 4.3.0 20080428 (Red Hat 4.3.0-8)

time: Tue Jan 19 22:44:41 2016
elapsed time: 20 seconds (0d 0h 0m 20s)

